[Info  - 10:13:18.186] Reading sessions from keychain...
[Info  - 10:13:18.211] Getting sessions for user:email...
[Error  - 10:13:18.212] Getting token failed: Error: Unknown or unsupported transport “disabled” for address “disabled:”
[Info  - 10:13:18.219] Got 0 sessions for user:email...
[Info  - 10:13:18.233] Getting sessions for all scopes...
[Info  - 10:13:18.233] Got 0 sessions for all scopes...
[Info  - 10:13:24.443] Getting sessions for repo,workflow...
[Info  - 10:13:24.444] Got 0 sessions for repo,workflow...
[Info  - 10:13:26.642] Logging in for the following scopes: repo workflow
[Trace  - 10:13:38.560] Handling Uri...
[Info  - 10:13:38.561] Exchanging code for token...
[Info  - 10:13:39.590] Token exchange success!
[Info  - 10:13:39.592] Getting user info...
[Info  - 10:13:39.909] Got account info!
[Info  - 10:13:39.909] Storing 1 sessions...
[Error  - 10:13:40.536] Setting token failed: Error: Unknown or unsupported transport “disabled” for address “disabled:”
[Info  - 10:14:01.649] Stored 1 sessions!
[Info  - 10:14:01.649] Login success!
[Info  - 10:14:01.659] Getting sessions for user:email...
[Info  - 10:14:01.659] Got 0 sessions for user:email...
[Info  - 13:33:04.70] Getting sessions for repo,workflow...
[Info  - 13:33:04.70] Got 1 sessions for repo,workflow...
