[Info  - 14:28:59.621] Reading sessions from keychain...
[Info  - 14:28:59.720] Getting sessions for user:email...
[Error  - 14:28:59.750] Getting token failed: Error: Unknown or unsupported transport “disabled” for address “disabled:”
[Info  - 14:28:59.760] Got 0 sessions for user:email...
[Info  - 14:28:59.760] Getting sessions for all scopes...
[Info  - 14:28:59.761] Got 0 sessions for all scopes...
[Info  - 16:22:21.622] Getting sessions for repo,workflow...
[Info  - 16:22:21.622] Got 0 sessions for repo,workflow...
[Info  - 16:22:24.76] Logging in for the following scopes: repo workflow
[Trace  - 16:22:47.232] Handling Uri...
[Info  - 16:22:47.232] Exchanging code for token...
[Info  - 16:22:47.843] Token exchange success!
[Info  - 16:22:47.843] Getting user info...
[Info  - 16:22:48.251] Got account info!
[Info  - 16:22:48.251] Storing 1 sessions...
[Error  - 16:22:48.893] Setting token failed: Error: Unknown or unsupported transport “disabled” for address “disabled:”
[Info  - 16:22:50.476] Stored 1 sessions!
[Info  - 16:22:50.476] Login success!
[Info  - 16:22:50.483] Getting sessions for user:email...
[Info  - 16:22:50.483] Got 0 sessions for user:email...
[Info  - 16:23:27.752] Getting sessions for repo,workflow...
[Info  - 16:23:27.753] Got 1 sessions for repo,workflow...
[Info  - 19:16:48.682] Getting sessions for repo,workflow...
[Info  - 19:16:48.683] Got 1 sessions for repo,workflow...
