[2021-12-30 13:13:17.235] [exthost] [info] Extension host with pid 6093 started
[2021-12-30 13:13:17.235] [exthost] [info] Skipping acquiring lock for /home/aosderzhikov/.config/Code/User/workspaceStorage/9ac011fcd18ddf6f573876d0e098a573.
[2021-12-30 13:13:17.513] [exthost] [info] ExtensionService#_doActivateExtension vscode.microsoft-authentication, startup: false, activationEvent: 'onAuthenticationRequest:microsoft'
[2021-12-30 13:13:17.526] [exthost] [info] ExtensionService#_doActivateExtension golang.go, startup: false, activationEvent: 'onLanguage:go'
[2021-12-30 13:13:17.651] [exthost] [info] ExtensionService#_doActivateExtension vscode.debug-auto-launch, startup: true, activationEvent: '*'
[2021-12-30 13:13:17.663] [exthost] [info] ExtensionService#_doActivateExtension vscode.git-base, startup: true, activationEvent: '*', root cause: vscode.github
[2021-12-30 13:13:17.891] [exthost] [info] ExtensionService#_doActivateExtension vscode.git, startup: true, activationEvent: '*'
[2021-12-30 13:13:17.919] [exthost] [info] ExtensionService#_doActivateExtension vscode.github, startup: true, activationEvent: '*'
[2021-12-30 13:13:18.084] [exthost] [info] Eager extensions activated
[2021-12-30 13:13:18.114] [exthost] [info] ExtensionService#_doActivateExtension vscode.github-authentication, startup: false, activationEvent: 'onAuthenticationRequest:github'
[2021-12-30 13:13:18.174] [exthost] [info] ExtensionService#_doActivateExtension vscode.emmet, startup: false, activationEvent: 'onStartupFinished'
[2021-12-30 13:13:18.183] [exthost] [info] ExtensionService#_doActivateExtension vscode.merge-conflict, startup: false, activationEvent: 'onStartupFinished'
[2021-12-30 13:13:19.043] [exthost] [error] [golang.go] provider FAILED
[2021-12-30 13:13:19.044] [exthost] [error] Error: context canceled
	at handleResponse (/home/aosderzhikov/.vscode/extensions/golang.go-0.30.0/dist/goMain.js:4366:40)
	at processMessageQueue (/home/aosderzhikov/.vscode/extensions/golang.go-0.30.0/dist/goMain.js:4204:13)
	at Immediate.<anonymous> (/home/aosderzhikov/.vscode/extensions/golang.go-0.30.0/dist/goMain.js:4190:11)
	at processImmediate (internal/timers.js:461:21)
[2021-12-30 13:13:19.044] [exthost] [error] [golang.go] provider FAILED
[2021-12-30 13:13:19.047] [exthost] [error] Canceled: Canceled
	at LanguageClient2.makeCancelError (/home/aosderzhikov/.vscode/extensions/golang.go-0.30.0/dist/goMain.js:12133:24)
	at LanguageClient2.handleFailedRequest (/home/aosderzhikov/.vscode/extensions/golang.go-0.30.0/dist/goMain.js:12124:24)
	at /home/aosderzhikov/.vscode/extensions/golang.go-0.30.0/dist/goMain.js:11056:31
	at async V.provideLinks (/usr/share/code/resources/app/out/vs/workbench/services/extensions/node/extensionHostProcess.js:95:106340)
[2021-12-30 13:13:54.185] [exthost] [info] ExtensionService#_doActivateExtension ms-vscode-remote.remote-containers, startup: false, activationEvent: 'onStartupFinished'
[2021-12-30 13:14:31.159] [exthost] [info] ExtensionService#_doActivateExtension vscode.extension-editing, startup: false, activationEvent: 'onLanguage:markdown'
[2021-12-30 13:14:31.192] [exthost] [info] ExtensionService#_doActivateExtension vscode.markdown-language-features, startup: false, activationEvent: 'onLanguage:markdown'
[2021-12-30 13:14:31.569] [exthost] [info] ExtensionService#_doActivateExtension vscode.markdown-math, startup: false, activationEvent: 'api', root cause: vscode.markdown-language-features
[2021-12-30 13:14:31.581] [exthost] [info] ExtensionService#_doActivateExtension jebbs.plantuml, startup: false, activationEvent: 'api', root cause: vscode.markdown-language-features
[2021-12-30 13:16:52.394] [exthost] [error] [golang.go] provider FAILED
[2021-12-30 13:16:52.395] [exthost] [error] Canceled: Canceled
	at LanguageClient2.makeCancelError (/home/aosderzhikov/.vscode/extensions/golang.go-0.30.0/dist/goMain.js:12133:24)
	at LanguageClient2.handleFailedRequest (/home/aosderzhikov/.vscode/extensions/golang.go-0.30.0/dist/goMain.js:12124:24)
	at /home/aosderzhikov/.vscode/extensions/golang.go-0.30.0/dist/goMain.js:12506:31
	at async Object.provideFoldingRanges (/home/aosderzhikov/.vscode/extensions/golang.go-0.30.0/dist/goMain.js:73136:24)
	at async ne.provideFoldingRanges (/usr/share/code/resources/app/out/vs/workbench/services/extensions/node/extensionHostProcess.js:95:107898)
[2021-12-30 13:34:13.322] [exthost] [error] [golang.go] provider FAILED
[2021-12-30 13:34:13.322] [exthost] [error] Canceled: Canceled
	at LanguageClient2.makeCancelError (/home/aosderzhikov/.vscode/extensions/golang.go-0.30.0/dist/goMain.js:12133:24)
	at LanguageClient2.handleFailedRequest (/home/aosderzhikov/.vscode/extensions/golang.go-0.30.0/dist/goMain.js:12124:24)
	at /home/aosderzhikov/.vscode/extensions/golang.go-0.30.0/dist/goMain.js:12506:31
	at async Object.provideFoldingRanges (/home/aosderzhikov/.vscode/extensions/golang.go-0.30.0/dist/goMain.js:73136:24)
	at async ne.provideFoldingRanges (/usr/share/code/resources/app/out/vs/workbench/services/extensions/node/extensionHostProcess.js:95:107898)
[2021-12-30 13:36:34.735] [exthost] [error] [golang.go] provider FAILED
[2021-12-30 13:36:34.735] [exthost] [error] Canceled: Canceled
	at LanguageClient2.makeCancelError (/home/aosderzhikov/.vscode/extensions/golang.go-0.30.0/dist/goMain.js:12133:24)
	at LanguageClient2.handleFailedRequest (/home/aosderzhikov/.vscode/extensions/golang.go-0.30.0/dist/goMain.js:12124:24)
	at /home/aosderzhikov/.vscode/extensions/golang.go-0.30.0/dist/goMain.js:10483:31
	at async o.provideHover (/usr/share/code/resources/app/out/vs/workbench/services/extensions/node/extensionHostProcess.js:95:90908)
[2021-12-30 13:44:04.963] [exthost] [error] [golang.go] provider FAILED
[2021-12-30 13:44:04.964] [exthost] [error] Error: no identifier found
	at handleResponse (/home/aosderzhikov/.vscode/extensions/golang.go-0.30.0/dist/goMain.js:4366:40)
	at processMessageQueue (/home/aosderzhikov/.vscode/extensions/golang.go-0.30.0/dist/goMain.js:4204:13)
	at Immediate.<anonymous> (/home/aosderzhikov/.vscode/extensions/golang.go-0.30.0/dist/goMain.js:4190:11)
	at processImmediate (internal/timers.js:461:21)
[2021-12-30 13:50:40.123] [exthost] [error] [golang.go] provider FAILED
[2021-12-30 13:50:40.123] [exthost] [error] Canceled: Canceled
	at LanguageClient2.makeCancelError (/home/aosderzhikov/.vscode/extensions/golang.go-0.30.0/dist/goMain.js:12133:24)
	at LanguageClient2.handleFailedRequest (/home/aosderzhikov/.vscode/extensions/golang.go-0.30.0/dist/goMain.js:12124:24)
	at /home/aosderzhikov/.vscode/extensions/golang.go-0.30.0/dist/goMain.js:12506:31
	at async Object.provideFoldingRanges (/home/aosderzhikov/.vscode/extensions/golang.go-0.30.0/dist/goMain.js:73136:24)
	at async ne.provideFoldingRanges (/usr/share/code/resources/app/out/vs/workbench/services/extensions/node/extensionHostProcess.js:95:107898)
[2021-12-30 13:53:05.108] [exthost] [error] [golang.go] provider FAILED
[2021-12-30 13:53:05.108] [exthost] [error] Canceled: Canceled
	at LanguageClient2.makeCancelError (/home/aosderzhikov/.vscode/extensions/golang.go-0.30.0/dist/goMain.js:12133:24)
	at LanguageClient2.handleFailedRequest (/home/aosderzhikov/.vscode/extensions/golang.go-0.30.0/dist/goMain.js:12124:24)
	at /home/aosderzhikov/.vscode/extensions/golang.go-0.30.0/dist/goMain.js:12506:31
	at async Object.provideFoldingRanges (/home/aosderzhikov/.vscode/extensions/golang.go-0.30.0/dist/goMain.js:73136:24)
	at async ne.provideFoldingRanges (/usr/share/code/resources/app/out/vs/workbench/services/extensions/node/extensionHostProcess.js:95:107898)
[2021-12-30 13:56:04.130] [exthost] [error] [golang.go] provider FAILED
[2021-12-30 13:56:04.131] [exthost] [error] Canceled: Canceled
	at LanguageClient2.makeCancelError (/home/aosderzhikov/.vscode/extensions/golang.go-0.30.0/dist/goMain.js:12133:24)
	at LanguageClient2.handleFailedRequest (/home/aosderzhikov/.vscode/extensions/golang.go-0.30.0/dist/goMain.js:12124:24)
	at /home/aosderzhikov/.vscode/extensions/golang.go-0.30.0/dist/goMain.js:10787:31
	at async T.provideCodeActions (/usr/share/code/resources/app/out/vs/workbench/services/extensions/node/extensionHostProcess.js:95:93216)
[2021-12-30 13:56:55.060] [exthost] [error] [golang.go] provider FAILED
[2021-12-30 13:56:55.060] [exthost] [error] Error: context canceled
	at handleResponse (/home/aosderzhikov/.vscode/extensions/golang.go-0.30.0/dist/goMain.js:4366:40)
	at processMessageQueue (/home/aosderzhikov/.vscode/extensions/golang.go-0.30.0/dist/goMain.js:4204:13)
	at Immediate.<anonymous> (/home/aosderzhikov/.vscode/extensions/golang.go-0.30.0/dist/goMain.js:4190:11)
	at processImmediate (internal/timers.js:461:21)
[2021-12-30 13:58:25.055] [exthost] [error] [golang.go] provider FAILED
[2021-12-30 13:58:25.055] [exthost] [error] Error: 194:5: expected identifier on left side of := (and 3 more errors)
	at handleResponse (/home/aosderzhikov/.vscode/extensions/golang.go-0.30.0/dist/goMain.js:4366:40)
	at processMessageQueue (/home/aosderzhikov/.vscode/extensions/golang.go-0.30.0/dist/goMain.js:4204:13)
	at Immediate.<anonymous> (/home/aosderzhikov/.vscode/extensions/golang.go-0.30.0/dist/goMain.js:4190:11)
	at processImmediate (internal/timers.js:461:21)
[2021-12-30 13:59:42.468] [exthost] [error] [golang.go] provider FAILED
[2021-12-30 13:59:42.468] [exthost] [error] Canceled: Canceled
	at LanguageClient2.makeCancelError (/home/aosderzhikov/.vscode/extensions/golang.go-0.30.0/dist/goMain.js:12133:24)
	at LanguageClient2.handleFailedRequest (/home/aosderzhikov/.vscode/extensions/golang.go-0.30.0/dist/goMain.js:12124:24)
	at /home/aosderzhikov/.vscode/extensions/golang.go-0.30.0/dist/goMain.js:10787:31
	at async T.provideCodeActions (/usr/share/code/resources/app/out/vs/workbench/services/extensions/node/extensionHostProcess.js:95:93216)
[2021-12-30 13:59:46.343] [exthost] [error] [golang.go] provider FAILED
[2021-12-30 13:59:46.343] [exthost] [error] Canceled: Canceled
	at LanguageClient2.makeCancelError (/home/aosderzhikov/.vscode/extensions/golang.go-0.30.0/dist/goMain.js:12133:24)
	at LanguageClient2.handleFailedRequest (/home/aosderzhikov/.vscode/extensions/golang.go-0.30.0/dist/goMain.js:12124:24)
	at /home/aosderzhikov/.vscode/extensions/golang.go-0.30.0/dist/goMain.js:10787:31
	at async T.provideCodeActions (/usr/share/code/resources/app/out/vs/workbench/services/extensions/node/extensionHostProcess.js:95:93216)
[2021-12-30 14:09:54.429] [exthost] [error] [golang.go] provider FAILED
[2021-12-30 14:09:54.429] [exthost] [error] Canceled: Canceled
	at LanguageClient2.makeCancelError (/home/aosderzhikov/.vscode/extensions/golang.go-0.30.0/dist/goMain.js:12133:24)
	at LanguageClient2.handleFailedRequest (/home/aosderzhikov/.vscode/extensions/golang.go-0.30.0/dist/goMain.js:12124:24)
	at /home/aosderzhikov/.vscode/extensions/golang.go-0.30.0/dist/goMain.js:12506:31
	at async Object.provideFoldingRanges (/home/aosderzhikov/.vscode/extensions/golang.go-0.30.0/dist/goMain.js:73136:24)
	at async ne.provideFoldingRanges (/usr/share/code/resources/app/out/vs/workbench/services/extensions/node/extensionHostProcess.js:95:107898)
[2021-12-30 14:12:41.726] [exthost] [error] [golang.go] provider FAILED
[2021-12-30 14:12:41.726] [exthost] [error] Error: no identifier found
	at handleResponse (/home/aosderzhikov/.vscode/extensions/golang.go-0.30.0/dist/goMain.js:4366:40)
	at processMessageQueue (/home/aosderzhikov/.vscode/extensions/golang.go-0.30.0/dist/goMain.js:4204:13)
	at Immediate.<anonymous> (/home/aosderzhikov/.vscode/extensions/golang.go-0.30.0/dist/goMain.js:4190:11)
	at processImmediate (internal/timers.js:461:21)
[2021-12-30 14:12:42.067] [exthost] [error] [golang.go] provider FAILED
[2021-12-30 14:12:42.067] [exthost] [error] Error: no identifier found
	at handleResponse (/home/aosderzhikov/.vscode/extensions/golang.go-0.30.0/dist/goMain.js:4366:40)
	at processMessageQueue (/home/aosderzhikov/.vscode/extensions/golang.go-0.30.0/dist/goMain.js:4204:13)
	at Immediate.<anonymous> (/home/aosderzhikov/.vscode/extensions/golang.go-0.30.0/dist/goMain.js:4190:11)
	at processImmediate (internal/timers.js:461:21)
[2021-12-30 14:30:10.751] [exthost] [error] [golang.go] provider FAILED
[2021-12-30 14:30:10.752] [exthost] [error] Error: no identifier found
	at handleResponse (/home/aosderzhikov/.vscode/extensions/golang.go-0.30.0/dist/goMain.js:4366:40)
	at processMessageQueue (/home/aosderzhikov/.vscode/extensions/golang.go-0.30.0/dist/goMain.js:4204:13)
	at Immediate.<anonymous> (/home/aosderzhikov/.vscode/extensions/golang.go-0.30.0/dist/goMain.js:4190:11)
	at processImmediate (internal/timers.js:461:21)
[2021-12-30 14:34:38.496] [exthost] [error] [golang.go] provider FAILED
[2021-12-30 14:34:38.496] [exthost] [error] Canceled: Canceled
	at LanguageClient2.makeCancelError (/home/aosderzhikov/.vscode/extensions/golang.go-0.30.0/dist/goMain.js:12133:24)
	at LanguageClient2.handleFailedRequest (/home/aosderzhikov/.vscode/extensions/golang.go-0.30.0/dist/goMain.js:12124:24)
	at /home/aosderzhikov/.vscode/extensions/golang.go-0.30.0/dist/goMain.js:12506:31
	at async Object.provideFoldingRanges (/home/aosderzhikov/.vscode/extensions/golang.go-0.30.0/dist/goMain.js:73136:24)
	at async ne.provideFoldingRanges (/usr/share/code/resources/app/out/vs/workbench/services/extensions/node/extensionHostProcess.js:95:107898)
[2021-12-30 14:34:38.708] [exthost] [error] [golang.go] provider FAILED
[2021-12-30 14:34:38.709] [exthost] [error] Canceled: Canceled
	at LanguageClient2.makeCancelError (/home/aosderzhikov/.vscode/extensions/golang.go-0.30.0/dist/goMain.js:12133:24)
	at LanguageClient2.handleFailedRequest (/home/aosderzhikov/.vscode/extensions/golang.go-0.30.0/dist/goMain.js:12124:24)
	at /home/aosderzhikov/.vscode/extensions/golang.go-0.30.0/dist/goMain.js:12506:31
	at async Object.provideFoldingRanges (/home/aosderzhikov/.vscode/extensions/golang.go-0.30.0/dist/goMain.js:73136:24)
	at async ne.provideFoldingRanges (/usr/share/code/resources/app/out/vs/workbench/services/extensions/node/extensionHostProcess.js:95:107898)
[2021-12-30 14:45:09.387] [exthost] [error] [golang.go] provider FAILED
[2021-12-30 14:45:09.387] [exthost] [error] Error: context canceled
	at handleResponse (/home/aosderzhikov/.vscode/extensions/golang.go-0.30.0/dist/goMain.js:4366:40)
	at processMessageQueue (/home/aosderzhikov/.vscode/extensions/golang.go-0.30.0/dist/goMain.js:4204:13)
	at Immediate.<anonymous> (/home/aosderzhikov/.vscode/extensions/golang.go-0.30.0/dist/goMain.js:4190:11)
	at processImmediate (internal/timers.js:461:21)
[2021-12-30 14:48:15.437] [exthost] [error] [golang.go] provider FAILED
[2021-12-30 14:48:15.437] [exthost] [error] Canceled: Canceled
	at LanguageClient2.makeCancelError (/home/aosderzhikov/.vscode/extensions/golang.go-0.30.0/dist/goMain.js:12133:24)
	at LanguageClient2.handleFailedRequest (/home/aosderzhikov/.vscode/extensions/golang.go-0.30.0/dist/goMain.js:12124:24)
	at /home/aosderzhikov/.vscode/extensions/golang.go-0.30.0/dist/goMain.js:12506:31
	at async Object.provideFoldingRanges (/home/aosderzhikov/.vscode/extensions/golang.go-0.30.0/dist/goMain.js:73136:24)
	at async ne.provideFoldingRanges (/usr/share/code/resources/app/out/vs/workbench/services/extensions/node/extensionHostProcess.js:95:107898)
[2021-12-30 14:53:58.168] [exthost] [error] [golang.go] provider FAILED
[2021-12-30 14:53:58.168] [exthost] [error] Canceled: Canceled
	at LanguageClient2.makeCancelError (/home/aosderzhikov/.vscode/extensions/golang.go-0.30.0/dist/goMain.js:12133:24)
	at LanguageClient2.handleFailedRequest (/home/aosderzhikov/.vscode/extensions/golang.go-0.30.0/dist/goMain.js:12124:24)
	at /home/aosderzhikov/.vscode/extensions/golang.go-0.30.0/dist/goMain.js:12506:31
	at async Object.provideFoldingRanges (/home/aosderzhikov/.vscode/extensions/golang.go-0.30.0/dist/goMain.js:73136:24)
	at async ne.provideFoldingRanges (/usr/share/code/resources/app/out/vs/workbench/services/extensions/node/extensionHostProcess.js:95:107898)
[2021-12-30 14:54:29.177] [exthost] [error] [golang.go] provider FAILED
[2021-12-30 14:54:29.177] [exthost] [error] Error: no object found for ident TIME_ENTRIES: no object found
	at handleResponse (/home/aosderzhikov/.vscode/extensions/golang.go-0.30.0/dist/goMain.js:4366:40)
	at processMessageQueue (/home/aosderzhikov/.vscode/extensions/golang.go-0.30.0/dist/goMain.js:4204:13)
	at Immediate.<anonymous> (/home/aosderzhikov/.vscode/extensions/golang.go-0.30.0/dist/goMain.js:4190:11)
	at processImmediate (internal/timers.js:461:21)
[2021-12-30 14:55:19.261] [exthost] [error] [golang.go] provider FAILED
[2021-12-30 14:55:19.261] [exthost] [error] Error: no object found for ident updateTimeEntries: no object found
	at handleResponse (/home/aosderzhikov/.vscode/extensions/golang.go-0.30.0/dist/goMain.js:4366:40)
	at processMessageQueue (/home/aosderzhikov/.vscode/extensions/golang.go-0.30.0/dist/goMain.js:4204:13)
	at Immediate.<anonymous> (/home/aosderzhikov/.vscode/extensions/golang.go-0.30.0/dist/goMain.js:4190:11)
	at processImmediate (internal/timers.js:461:21)
[2021-12-30 14:56:47.849] [exthost] [error] [golang.go] provider FAILED
[2021-12-30 14:56:47.849] [exthost] [error] Canceled: Canceled
	at LanguageClient2.makeCancelError (/home/aosderzhikov/.vscode/extensions/golang.go-0.30.0/dist/goMain.js:12133:24)
	at LanguageClient2.handleFailedRequest (/home/aosderzhikov/.vscode/extensions/golang.go-0.30.0/dist/goMain.js:12124:24)
	at /home/aosderzhikov/.vscode/extensions/golang.go-0.30.0/dist/goMain.js:12506:31
	at async Object.provideFoldingRanges (/home/aosderzhikov/.vscode/extensions/golang.go-0.30.0/dist/goMain.js:73136:24)
	at async ne.provideFoldingRanges (/usr/share/code/resources/app/out/vs/workbench/services/extensions/node/extensionHostProcess.js:95:107898)
[2021-12-30 14:56:52.384] [exthost] [error] [golang.go] provider FAILED
[2021-12-30 14:56:52.384] [exthost] [error] Canceled: Canceled
	at LanguageClient2.makeCancelError (/home/aosderzhikov/.vscode/extensions/golang.go-0.30.0/dist/goMain.js:12133:24)
	at LanguageClient2.handleFailedRequest (/home/aosderzhikov/.vscode/extensions/golang.go-0.30.0/dist/goMain.js:12124:24)
	at /home/aosderzhikov/.vscode/extensions/golang.go-0.30.0/dist/goMain.js:12506:31
	at async Object.provideFoldingRanges (/home/aosderzhikov/.vscode/extensions/golang.go-0.30.0/dist/goMain.js:73136:24)
	at async ne.provideFoldingRanges (/usr/share/code/resources/app/out/vs/workbench/services/extensions/node/extensionHostProcess.js:95:107898)
[2021-12-30 15:03:21.234] [exthost] [error] [golang.go] provider FAILED
[2021-12-30 15:03:21.234] [exthost] [error] Canceled: Canceled
	at LanguageClient2.makeCancelError (/home/aosderzhikov/.vscode/extensions/golang.go-0.30.0/dist/goMain.js:12133:24)
	at LanguageClient2.handleFailedRequest (/home/aosderzhikov/.vscode/extensions/golang.go-0.30.0/dist/goMain.js:12124:24)
	at /home/aosderzhikov/.vscode/extensions/golang.go-0.30.0/dist/goMain.js:10787:31
	at async T.provideCodeActions (/usr/share/code/resources/app/out/vs/workbench/services/extensions/node/extensionHostProcess.js:95:93216)
[2021-12-30 15:06:17.524] [exthost] [error] [golang.go] provider FAILED
[2021-12-30 15:06:17.524] [exthost] [error] Error: context canceled
	at handleResponse (/home/aosderzhikov/.vscode/extensions/golang.go-0.30.0/dist/goMain.js:4366:40)
	at processMessageQueue (/home/aosderzhikov/.vscode/extensions/golang.go-0.30.0/dist/goMain.js:4204:13)
	at Immediate.<anonymous> (/home/aosderzhikov/.vscode/extensions/golang.go-0.30.0/dist/goMain.js:4190:11)
	at processImmediate (internal/timers.js:461:21)
[2021-12-30 15:06:56.182] [exthost] [error] [golang.go] provider FAILED
[2021-12-30 15:06:56.182] [exthost] [error] Canceled: Canceled
	at LanguageClient2.makeCancelError (/home/aosderzhikov/.vscode/extensions/golang.go-0.30.0/dist/goMain.js:12133:24)
	at LanguageClient2.handleFailedRequest (/home/aosderzhikov/.vscode/extensions/golang.go-0.30.0/dist/goMain.js:12124:24)
	at /home/aosderzhikov/.vscode/extensions/golang.go-0.30.0/dist/goMain.js:10439:31
	at async Object.provideCompletionItem (/home/aosderzhikov/.vscode/extensions/golang.go-0.30.0/dist/goMain.js:73177:22)
	at async z.provideCompletionItems (/usr/share/code/resources/app/out/vs/workbench/services/extensions/node/extensionHostProcess.js:95:101516)
[2021-12-30 15:07:20.057] [exthost] [error] [golang.go] provider FAILED
[2021-12-30 15:07:20.057] [exthost] [error] Error: no object found for ident name: no object found
	at handleResponse (/home/aosderzhikov/.vscode/extensions/golang.go-0.30.0/dist/goMain.js:4366:40)
	at processMessageQueue (/home/aosderzhikov/.vscode/extensions/golang.go-0.30.0/dist/goMain.js:4204:13)
	at Immediate.<anonymous> (/home/aosderzhikov/.vscode/extensions/golang.go-0.30.0/dist/goMain.js:4190:11)
	at processImmediate (internal/timers.js:461:21)
[2021-12-30 15:07:41.959] [exthost] [error] [golang.go] provider FAILED
[2021-12-30 15:07:41.960] [exthost] [error] Error: no identifier found
	at handleResponse (/home/aosderzhikov/.vscode/extensions/golang.go-0.30.0/dist/goMain.js:4366:40)
	at processMessageQueue (/home/aosderzhikov/.vscode/extensions/golang.go-0.30.0/dist/goMain.js:4204:13)
	at Immediate.<anonymous> (/home/aosderzhikov/.vscode/extensions/golang.go-0.30.0/dist/goMain.js:4190:11)
	at processImmediate (internal/timers.js:461:21)
[2021-12-30 15:18:14.448] [exthost] [error] [golang.go] provider FAILED
[2021-12-30 15:18:14.448] [exthost] [error] Canceled: Canceled
	at LanguageClient2.makeCancelError (/home/aosderzhikov/.vscode/extensions/golang.go-0.30.0/dist/goMain.js:12133:24)
	at LanguageClient2.handleFailedRequest (/home/aosderzhikov/.vscode/extensions/golang.go-0.30.0/dist/goMain.js:12124:24)
	at /home/aosderzhikov/.vscode/extensions/golang.go-0.30.0/dist/goMain.js:12506:31
	at async Object.provideFoldingRanges (/home/aosderzhikov/.vscode/extensions/golang.go-0.30.0/dist/goMain.js:73136:24)
	at async ne.provideFoldingRanges (/usr/share/code/resources/app/out/vs/workbench/services/extensions/node/extensionHostProcess.js:95:107898)
