[Info  - 2:59:46 PM] 2021/12/31 14:59:46 go env for /home/aosderzhikov/go/src/regent
(root /home/aosderzhikov/go/src/regent)
(go version go version go1.17.5 linux/amd64)
(valid build configuration = true)
(build flags: [])
GOFLAGS=
GOINSECURE=
GOMODCACHE=/home/aosderzhikov/go/pkg/mod
GONOSUMDB=
GOPROXY=https://proxy.golang.org,direct
GOMOD=/home/aosderzhikov/go/src/regent/go.mod
GOROOT=/usr/local/go
GOPATH=/home/aosderzhikov/go
GOPRIVATE=
GO111MODULE=
GOCACHE=/home/aosderzhikov/.cache/go-build
GONOPROXY=
GOSUMDB=sum.golang.org


[Info  - 2:59:46 PM] 2021/12/31 14:59:46 go/packages.Load
	snapshot=0
	directory=/home/aosderzhikov/go/src/regent
	query=[builtin github.com/alexey-sderzhikov/regent/...]
	packages=4

[Info  - 2:59:47 PM] 2021/12/31 14:59:47 falling back to safe trimming due to type errors: [/usr/local/go/src/runtime/vdso_linux.go:55:38: invalid operation: division by zero /usr/local/go/src/runtime/vdso_linux.go:56:38: invalid operation: division by zero] or still-missing identifiers: map[memRecordCycle:true pageBits:true]
	package="runtime"

[Info  - 2:59:47 PM] 2021/12/31 14:59:47 discovered missing identifiers: map[options:true]
	package="vendor/golang.org/x/text/unicode/bidi"

[Info  - 2:59:47 PM] 2021/12/31 14:59:47 discovered missing identifiers: map[cpuMask:true]
	package="golang.org/x/sys/unix"

[Info  - 2:59:47 PM] 2021/12/31 14:59:47 discovered missing identifiers: map[whitespace:true]
	package="github.com/charmbracelet/lipgloss"

[Info  - 3:00:17 PM] 2021/12/31 15:00:17 background imports cache refresh starting

[Info  - 3:00:17 PM] 2021/12/31 15:00:17 background refresh finished after 332.371267ms

