[2021-12-30 17:01:49.337] [exthost] [info] Extension host with pid 2391 started
[2021-12-30 17:01:49.337] [exthost] [info] Skipping acquiring lock for /home/aosderzhikov/.config/Code/User/workspaceStorage/9ac011fcd18ddf6f573876d0e098a573.
[2021-12-30 17:01:49.630] [exthost] [info] ExtensionService#_doActivateExtension vscode.microsoft-authentication, startup: false, activationEvent: 'onAuthenticationRequest:microsoft'
[2021-12-30 17:01:49.644] [exthost] [info] ExtensionService#_doActivateExtension golang.go, startup: false, activationEvent: 'onLanguage:go'
[2021-12-30 17:01:49.760] [exthost] [info] ExtensionService#_doActivateExtension vscode.debug-auto-launch, startup: true, activationEvent: '*'
[2021-12-30 17:01:49.763] [exthost] [info] ExtensionService#_doActivateExtension vscode.git-base, startup: true, activationEvent: '*', root cause: vscode.github
[2021-12-30 17:01:50.008] [exthost] [info] ExtensionService#_doActivateExtension vscode.git, startup: true, activationEvent: '*'
[2021-12-30 17:01:50.036] [exthost] [info] ExtensionService#_doActivateExtension vscode.github, startup: true, activationEvent: '*'
[2021-12-30 17:01:50.309] [exthost] [info] Eager extensions activated
[2021-12-30 17:01:50.384] [exthost] [info] ExtensionService#_doActivateExtension vscode.emmet, startup: false, activationEvent: 'onStartupFinished'
[2021-12-30 17:01:50.399] [exthost] [info] ExtensionService#_doActivateExtension vscode.merge-conflict, startup: false, activationEvent: 'onStartupFinished'
[2021-12-30 17:01:50.405] [exthost] [info] ExtensionService#_doActivateExtension ms-vscode-remote.remote-containers, startup: false, activationEvent: 'onStartupFinished'
[2021-12-30 17:01:50.497] [exthost] [info] ExtensionService#_doActivateExtension vscode.github-authentication, startup: false, activationEvent: 'onAuthenticationRequest:github'
[2021-12-30 17:01:51.480] [exthost] [error] [golang.go] provider FAILED
[2021-12-30 17:01:51.493] [exthost] [error] Canceled: Canceled
	at LanguageClient2.makeCancelError (/home/aosderzhikov/.vscode/extensions/golang.go-0.30.0/dist/goMain.js:12133:24)
	at LanguageClient2.handleFailedRequest (/home/aosderzhikov/.vscode/extensions/golang.go-0.30.0/dist/goMain.js:12124:24)
	at /home/aosderzhikov/.vscode/extensions/golang.go-0.30.0/dist/goMain.js:11056:31
	at async V.provideLinks (/usr/share/code/resources/app/out/vs/workbench/services/extensions/node/extensionHostProcess.js:95:106340)
[2021-12-30 17:01:51.494] [exthost] [error] [golang.go] provider FAILED
[2021-12-30 17:01:51.494] [exthost] [error] Error: context canceled
	at handleResponse (/home/aosderzhikov/.vscode/extensions/golang.go-0.30.0/dist/goMain.js:4366:40)
	at processMessageQueue (/home/aosderzhikov/.vscode/extensions/golang.go-0.30.0/dist/goMain.js:4204:13)
	at Immediate.<anonymous> (/home/aosderzhikov/.vscode/extensions/golang.go-0.30.0/dist/goMain.js:4190:11)
	at processImmediate (internal/timers.js:461:21)
[2021-12-30 17:01:51.748] [exthost] [error] [golang.go] provider FAILED
[2021-12-30 17:01:51.748] [exthost] [error] Canceled: Canceled
	at LanguageClient2.makeCancelError (/home/aosderzhikov/.vscode/extensions/golang.go-0.30.0/dist/goMain.js:12133:24)
	at LanguageClient2.handleFailedRequest (/home/aosderzhikov/.vscode/extensions/golang.go-0.30.0/dist/goMain.js:12124:24)
	at /home/aosderzhikov/.vscode/extensions/golang.go-0.30.0/dist/goMain.js:10836:31
	at async Object.provideCodeLenses (/home/aosderzhikov/.vscode/extensions/golang.go-0.30.0/dist/goMain.js:73143:26)
	at async r.provideCodeLenses (/usr/share/code/resources/app/out/vs/workbench/services/extensions/node/extensionHostProcess.js:95:88828)
[2021-12-30 17:02:48.239] [exthost] [error] [golang.go] provider FAILED
[2021-12-30 17:02:48.240] [exthost] [error] Canceled: Canceled
	at LanguageClient2.makeCancelError (/home/aosderzhikov/.vscode/extensions/golang.go-0.30.0/dist/goMain.js:12133:24)
	at LanguageClient2.handleFailedRequest (/home/aosderzhikov/.vscode/extensions/golang.go-0.30.0/dist/goMain.js:12124:24)
	at /home/aosderzhikov/.vscode/extensions/golang.go-0.30.0/dist/goMain.js:12506:31
	at async Object.provideFoldingRanges (/home/aosderzhikov/.vscode/extensions/golang.go-0.30.0/dist/goMain.js:73136:24)
	at async ne.provideFoldingRanges (/usr/share/code/resources/app/out/vs/workbench/services/extensions/node/extensionHostProcess.js:95:107898)
[2021-12-30 17:07:33.570] [exthost] [error] [golang.go] provider FAILED
[2021-12-30 17:07:33.570] [exthost] [error] Error: 57:3: expected identifier on left side of :=
	at handleResponse (/home/aosderzhikov/.vscode/extensions/golang.go-0.30.0/dist/goMain.js:4366:40)
	at processMessageQueue (/home/aosderzhikov/.vscode/extensions/golang.go-0.30.0/dist/goMain.js:4204:13)
	at Immediate.<anonymous> (/home/aosderzhikov/.vscode/extensions/golang.go-0.30.0/dist/goMain.js:4190:11)
	at processImmediate (internal/timers.js:461:21)
[2021-12-30 17:07:57.220] [exthost] [error] [golang.go] provider FAILED
[2021-12-30 17:07:57.221] [exthost] [error] Canceled: Canceled
	at LanguageClient2.makeCancelError (/home/aosderzhikov/.vscode/extensions/golang.go-0.30.0/dist/goMain.js:12133:24)
	at LanguageClient2.handleFailedRequest (/home/aosderzhikov/.vscode/extensions/golang.go-0.30.0/dist/goMain.js:12124:24)
	at /home/aosderzhikov/.vscode/extensions/golang.go-0.30.0/dist/goMain.js:12506:31
	at async Object.provideFoldingRanges (/home/aosderzhikov/.vscode/extensions/golang.go-0.30.0/dist/goMain.js:73136:24)
	at async ne.provideFoldingRanges (/usr/share/code/resources/app/out/vs/workbench/services/extensions/node/extensionHostProcess.js:95:107898)
[2021-12-30 17:08:17.600] [exthost] [error] [golang.go] provider FAILED
[2021-12-30 17:08:17.600] [exthost] [error] Error: no identifier found
	at handleResponse (/home/aosderzhikov/.vscode/extensions/golang.go-0.30.0/dist/goMain.js:4366:40)
	at processMessageQueue (/home/aosderzhikov/.vscode/extensions/golang.go-0.30.0/dist/goMain.js:4204:13)
	at Immediate.<anonymous> (/home/aosderzhikov/.vscode/extensions/golang.go-0.30.0/dist/goMain.js:4190:11)
	at processImmediate (internal/timers.js:461:21)
[2021-12-30 17:08:28.889] [exthost] [error] [golang.go] provider FAILED
[2021-12-30 17:08:28.889] [exthost] [error] Error: 57:3: expected identifier on left side of :=
	at handleResponse (/home/aosderzhikov/.vscode/extensions/golang.go-0.30.0/dist/goMain.js:4366:40)
	at processMessageQueue (/home/aosderzhikov/.vscode/extensions/golang.go-0.30.0/dist/goMain.js:4204:13)
	at Immediate.<anonymous> (/home/aosderzhikov/.vscode/extensions/golang.go-0.30.0/dist/goMain.js:4190:11)
	at processImmediate (internal/timers.js:461:21)
[2021-12-30 17:23:15.548] [exthost] [error] [golang.go] provider FAILED
[2021-12-30 17:23:15.549] [exthost] [error] Canceled: Canceled
	at LanguageClient2.makeCancelError (/home/aosderzhikov/.vscode/extensions/golang.go-0.30.0/dist/goMain.js:12133:24)
	at LanguageClient2.handleFailedRequest (/home/aosderzhikov/.vscode/extensions/golang.go-0.30.0/dist/goMain.js:12124:24)
	at /home/aosderzhikov/.vscode/extensions/golang.go-0.30.0/dist/goMain.js:10624:31
	at async h.provideDocumentHighlights (/usr/share/code/resources/app/out/vs/workbench/services/extensions/node/extensionHostProcess.js:95:91846)
[2021-12-30 17:23:48.302] [exthost] [error] [golang.go] provider FAILED
[2021-12-30 17:23:48.302] [exthost] [error] Canceled: Canceled
	at LanguageClient2.makeCancelError (/home/aosderzhikov/.vscode/extensions/golang.go-0.30.0/dist/goMain.js:12133:24)
	at LanguageClient2.handleFailedRequest (/home/aosderzhikov/.vscode/extensions/golang.go-0.30.0/dist/goMain.js:12124:24)
	at /home/aosderzhikov/.vscode/extensions/golang.go-0.30.0/dist/goMain.js:10787:31
	at async T.provideCodeActions (/usr/share/code/resources/app/out/vs/workbench/services/extensions/node/extensionHostProcess.js:95:93216)
[2021-12-30 17:24:37.252] [exthost] [error] [golang.go] provider FAILED
[2021-12-30 17:24:37.253] [exthost] [error] Canceled: Canceled
	at LanguageClient2.makeCancelError (/home/aosderzhikov/.vscode/extensions/golang.go-0.30.0/dist/goMain.js:12133:24)
	at LanguageClient2.handleFailedRequest (/home/aosderzhikov/.vscode/extensions/golang.go-0.30.0/dist/goMain.js:12124:24)
	at /home/aosderzhikov/.vscode/extensions/golang.go-0.30.0/dist/goMain.js:12506:31
	at async Object.provideFoldingRanges (/home/aosderzhikov/.vscode/extensions/golang.go-0.30.0/dist/goMain.js:73136:24)
	at async ne.provideFoldingRanges (/usr/share/code/resources/app/out/vs/workbench/services/extensions/node/extensionHostProcess.js:95:107898)
[2021-12-30 17:24:39.579] [exthost] [error] [golang.go] provider FAILED
[2021-12-30 17:24:39.579] [exthost] [error] Canceled: Canceled
	at LanguageClient2.makeCancelError (/home/aosderzhikov/.vscode/extensions/golang.go-0.30.0/dist/goMain.js:12133:24)
	at LanguageClient2.handleFailedRequest (/home/aosderzhikov/.vscode/extensions/golang.go-0.30.0/dist/goMain.js:12124:24)
	at /home/aosderzhikov/.vscode/extensions/golang.go-0.30.0/dist/goMain.js:12506:31
	at async Object.provideFoldingRanges (/home/aosderzhikov/.vscode/extensions/golang.go-0.30.0/dist/goMain.js:73136:24)
	at async ne.provideFoldingRanges (/usr/share/code/resources/app/out/vs/workbench/services/extensions/node/extensionHostProcess.js:95:107898)
[2021-12-30 17:25:24.558] [exthost] [error] [golang.go] provider FAILED
[2021-12-30 17:25:24.558] [exthost] [error] Error: context canceled
	at handleResponse (/home/aosderzhikov/.vscode/extensions/golang.go-0.30.0/dist/goMain.js:4366:40)
	at processMessageQueue (/home/aosderzhikov/.vscode/extensions/golang.go-0.30.0/dist/goMain.js:4204:13)
	at Immediate.<anonymous> (/home/aosderzhikov/.vscode/extensions/golang.go-0.30.0/dist/goMain.js:4190:11)
	at processImmediate (internal/timers.js:461:21)
[2021-12-30 17:25:38.041] [exthost] [error] [golang.go] provider FAILED
[2021-12-30 17:25:38.041] [exthost] [error] Error: context canceled
	at handleResponse (/home/aosderzhikov/.vscode/extensions/golang.go-0.30.0/dist/goMain.js:4366:40)
	at processMessageQueue (/home/aosderzhikov/.vscode/extensions/golang.go-0.30.0/dist/goMain.js:4204:13)
	at Immediate.<anonymous> (/home/aosderzhikov/.vscode/extensions/golang.go-0.30.0/dist/goMain.js:4190:11)
	at processImmediate (internal/timers.js:461:21)
[2021-12-30 17:26:09.952] [exthost] [error] [golang.go] provider FAILED
[2021-12-30 17:26:09.952] [exthost] [error] Error: no identifier found
	at handleResponse (/home/aosderzhikov/.vscode/extensions/golang.go-0.30.0/dist/goMain.js:4366:40)
	at processMessageQueue (/home/aosderzhikov/.vscode/extensions/golang.go-0.30.0/dist/goMain.js:4204:13)
	at Immediate.<anonymous> (/home/aosderzhikov/.vscode/extensions/golang.go-0.30.0/dist/goMain.js:4190:11)
	at processImmediate (internal/timers.js:461:21)
[2021-12-30 17:26:46.068] [exthost] [error] [golang.go] provider FAILED
[2021-12-30 17:26:46.069] [exthost] [error] Error: context canceled
	at handleResponse (/home/aosderzhikov/.vscode/extensions/golang.go-0.30.0/dist/goMain.js:4366:40)
	at processMessageQueue (/home/aosderzhikov/.vscode/extensions/golang.go-0.30.0/dist/goMain.js:4204:13)
	at Immediate.<anonymous> (/home/aosderzhikov/.vscode/extensions/golang.go-0.30.0/dist/goMain.js:4190:11)
	at processImmediate (internal/timers.js:461:21)
[2021-12-30 17:28:14.951] [exthost] [error] [golang.go] provider FAILED
[2021-12-30 17:28:14.951] [exthost] [error] Error: no identifier found
	at handleResponse (/home/aosderzhikov/.vscode/extensions/golang.go-0.30.0/dist/goMain.js:4366:40)
	at processMessageQueue (/home/aosderzhikov/.vscode/extensions/golang.go-0.30.0/dist/goMain.js:4204:13)
	at Immediate.<anonymous> (/home/aosderzhikov/.vscode/extensions/golang.go-0.30.0/dist/goMain.js:4190:11)
	at processImmediate (internal/timers.js:461:21)
[2021-12-30 17:28:36.081] [exthost] [error] [golang.go] provider FAILED
[2021-12-30 17:28:36.081] [exthost] [error] Error: 165:4: expected ';', found '+='
	at handleResponse (/home/aosderzhikov/.vscode/extensions/golang.go-0.30.0/dist/goMain.js:4366:40)
	at processMessageQueue (/home/aosderzhikov/.vscode/extensions/golang.go-0.30.0/dist/goMain.js:4204:13)
	at Immediate.<anonymous> (/home/aosderzhikov/.vscode/extensions/golang.go-0.30.0/dist/goMain.js:4190:11)
	at processImmediate (internal/timers.js:461:21)
[2021-12-30 18:09:42.480] [exthost] [error] [golang.go] provider FAILED
[2021-12-30 18:09:42.481] [exthost] [error] Error: no identifier found
	at handleResponse (/home/aosderzhikov/.vscode/extensions/golang.go-0.30.0/dist/goMain.js:4366:40)
	at processMessageQueue (/home/aosderzhikov/.vscode/extensions/golang.go-0.30.0/dist/goMain.js:4204:13)
	at Immediate.<anonymous> (/home/aosderzhikov/.vscode/extensions/golang.go-0.30.0/dist/goMain.js:4190:11)
	at processImmediate (internal/timers.js:461:21)
[2021-12-30 18:11:58.834] [exthost] [info] ExtensionService#_doActivateExtension vscode.extension-editing, startup: false, activationEvent: 'onLanguage:markdown'
[2021-12-30 18:11:58.853] [exthost] [info] ExtensionService#_doActivateExtension vscode.markdown-language-features, startup: false, activationEvent: 'onLanguage:markdown'
[2021-12-30 18:11:59.233] [exthost] [info] ExtensionService#_doActivateExtension vscode.markdown-math, startup: false, activationEvent: 'api', root cause: vscode.markdown-language-features
[2021-12-30 18:11:59.241] [exthost] [info] ExtensionService#_doActivateExtension jebbs.plantuml, startup: false, activationEvent: 'api', root cause: vscode.markdown-language-features
[2021-12-30 18:20:18.477] [exthost] [error] [golang.go] provider FAILED
[2021-12-30 18:20:18.477] [exthost] [error] Canceled: Canceled
	at LanguageClient2.makeCancelError (/home/aosderzhikov/.vscode/extensions/golang.go-0.30.0/dist/goMain.js:12133:24)
	at LanguageClient2.handleFailedRequest (/home/aosderzhikov/.vscode/extensions/golang.go-0.30.0/dist/goMain.js:12124:24)
	at /home/aosderzhikov/.vscode/extensions/golang.go-0.30.0/dist/goMain.js:12506:31
	at async Object.provideFoldingRanges (/home/aosderzhikov/.vscode/extensions/golang.go-0.30.0/dist/goMain.js:73136:24)
	at async ne.provideFoldingRanges (/usr/share/code/resources/app/out/vs/workbench/services/extensions/node/extensionHostProcess.js:95:107898)
[2021-12-30 18:21:47.644] [exthost] [error] [golang.go] provider FAILED
[2021-12-30 18:21:47.644] [exthost] [error] Error: no object found for ident border: no object found
	at handleResponse (/home/aosderzhikov/.vscode/extensions/golang.go-0.30.0/dist/goMain.js:4366:40)
	at processMessageQueue (/home/aosderzhikov/.vscode/extensions/golang.go-0.30.0/dist/goMain.js:4204:13)
	at Immediate.<anonymous> (/home/aosderzhikov/.vscode/extensions/golang.go-0.30.0/dist/goMain.js:4190:11)
	at processImmediate (internal/timers.js:461:21)
[2021-12-30 18:22:03.318] [exthost] [error] [golang.go] provider FAILED
[2021-12-30 18:22:03.318] [exthost] [error] Canceled: Canceled
	at LanguageClient2.makeCancelError (/home/aosderzhikov/.vscode/extensions/golang.go-0.30.0/dist/goMain.js:12133:24)
	at LanguageClient2.handleFailedRequest (/home/aosderzhikov/.vscode/extensions/golang.go-0.30.0/dist/goMain.js:12124:24)
	at /home/aosderzhikov/.vscode/extensions/golang.go-0.30.0/dist/goMain.js:12506:31
	at async Object.provideFoldingRanges (/home/aosderzhikov/.vscode/extensions/golang.go-0.30.0/dist/goMain.js:73136:24)
	at async ne.provideFoldingRanges (/usr/share/code/resources/app/out/vs/workbench/services/extensions/node/extensionHostProcess.js:95:107898)
[2021-12-30 18:23:48.990] [exthost] [error] [golang.go] provider FAILED
[2021-12-30 18:23:48.990] [exthost] [error] Error: no identifier found
	at handleResponse (/home/aosderzhikov/.vscode/extensions/golang.go-0.30.0/dist/goMain.js:4366:40)
	at processMessageQueue (/home/aosderzhikov/.vscode/extensions/golang.go-0.30.0/dist/goMain.js:4204:13)
	at Immediate.<anonymous> (/home/aosderzhikov/.vscode/extensions/golang.go-0.30.0/dist/goMain.js:4190:11)
	at processImmediate (internal/timers.js:461:21)
