[2021-12-23 17:28:58.823] [exthost] [info] Extension host with pid 24747 started
[2021-12-23 17:28:58.823] [exthost] [info] Skipping acquiring lock for /home/aosderzhikov/.config/Code/User/workspaceStorage/9ac011fcd18ddf6f573876d0e098a573.
[2021-12-23 17:28:59.031] [exthost] [info] ExtensionService#_doActivateExtension vscode.microsoft-authentication, startup: false, activationEvent: 'onAuthenticationRequest:microsoft'
[2021-12-23 17:28:59.045] [exthost] [info] ExtensionService#_doActivateExtension golang.go, startup: false, activationEvent: 'onLanguage:go'
[2021-12-23 17:28:59.130] [exthost] [info] ExtensionService#_doActivateExtension vscode.debug-auto-launch, startup: true, activationEvent: '*'
[2021-12-23 17:28:59.137] [exthost] [info] ExtensionService#_doActivateExtension vscode.git-base, startup: true, activationEvent: '*', root cause: vscode.github
[2021-12-23 17:28:59.288] [exthost] [info] ExtensionService#_doActivateExtension vscode.git, startup: true, activationEvent: '*'
[2021-12-23 17:28:59.334] [exthost] [info] ExtensionService#_doActivateExtension vscode.github, startup: true, activationEvent: '*'
[2021-12-23 17:28:59.425] [exthost] [info] Eager extensions activated
[2021-12-23 17:28:59.458] [exthost] [info] ExtensionService#_doActivateExtension vscode.emmet, startup: false, activationEvent: 'onStartupFinished'
[2021-12-23 17:28:59.472] [exthost] [info] ExtensionService#_doActivateExtension vscode.merge-conflict, startup: false, activationEvent: 'onStartupFinished'
[2021-12-23 17:28:59.476] [exthost] [info] ExtensionService#_doActivateExtension vscode.github-authentication, startup: false, activationEvent: 'onAuthenticationRequest:github'
[2021-12-23 17:29:00.821] [exthost] [error] [golang.go] provider FAILED
[2021-12-23 17:29:00.821] [exthost] [error] Error: context canceled
	at handleResponse (/home/aosderzhikov/.vscode/extensions/golang.go-0.30.0/dist/goMain.js:4366:40)
	at processMessageQueue (/home/aosderzhikov/.vscode/extensions/golang.go-0.30.0/dist/goMain.js:4204:13)
	at Immediate.<anonymous> (/home/aosderzhikov/.vscode/extensions/golang.go-0.30.0/dist/goMain.js:4190:11)
	at processImmediate (internal/timers.js:461:21)
[2021-12-23 17:29:00.822] [exthost] [error] [golang.go] provider FAILED
[2021-12-23 17:29:00.827] [exthost] [error] Canceled: Canceled
	at LanguageClient2.makeCancelError (/home/aosderzhikov/.vscode/extensions/golang.go-0.30.0/dist/goMain.js:12133:24)
	at LanguageClient2.handleFailedRequest (/home/aosderzhikov/.vscode/extensions/golang.go-0.30.0/dist/goMain.js:12124:24)
	at /home/aosderzhikov/.vscode/extensions/golang.go-0.30.0/dist/goMain.js:11056:31
	at async V.provideLinks (/usr/share/code/resources/app/out/vs/workbench/services/extensions/node/extensionHostProcess.js:95:106340)
[2021-12-23 17:37:21.059] [exthost] [error] [golang.go] provider FAILED
[2021-12-23 17:37:21.060] [exthost] [error] Canceled: Canceled
	at LanguageClient2.makeCancelError (/home/aosderzhikov/.vscode/extensions/golang.go-0.30.0/dist/goMain.js:12133:24)
	at LanguageClient2.handleFailedRequest (/home/aosderzhikov/.vscode/extensions/golang.go-0.30.0/dist/goMain.js:12124:24)
	at /home/aosderzhikov/.vscode/extensions/golang.go-0.30.0/dist/goMain.js:12506:31
	at async Object.provideFoldingRanges (/home/aosderzhikov/.vscode/extensions/golang.go-0.30.0/dist/goMain.js:73136:24)
	at async ne.provideFoldingRanges (/usr/share/code/resources/app/out/vs/workbench/services/extensions/node/extensionHostProcess.js:95:107898)
[2021-12-23 17:39:47.225] [exthost] [error] [golang.go] provider FAILED
[2021-12-23 17:39:47.225] [exthost] [error] Error: no identifier found
	at handleResponse (/home/aosderzhikov/.vscode/extensions/golang.go-0.30.0/dist/goMain.js:4366:40)
	at processMessageQueue (/home/aosderzhikov/.vscode/extensions/golang.go-0.30.0/dist/goMain.js:4204:13)
	at Immediate.<anonymous> (/home/aosderzhikov/.vscode/extensions/golang.go-0.30.0/dist/goMain.js:4190:11)
	at processImmediate (internal/timers.js:461:21)
[2021-12-23 18:34:18.368] [exthost] [error] [golang.go] provider FAILED
[2021-12-23 18:34:18.369] [exthost] [error] Canceled: Canceled
	at LanguageClient2.makeCancelError (/home/aosderzhikov/.vscode/extensions/golang.go-0.30.0/dist/goMain.js:12133:24)
	at LanguageClient2.handleFailedRequest (/home/aosderzhikov/.vscode/extensions/golang.go-0.30.0/dist/goMain.js:12124:24)
	at /home/aosderzhikov/.vscode/extensions/golang.go-0.30.0/dist/goMain.js:10483:31
	at async o.provideHover (/usr/share/code/resources/app/out/vs/workbench/services/extensions/node/extensionHostProcess.js:95:90908)
[2021-12-23 18:35:24.534] [exthost] [error] [golang.go] provider FAILED
[2021-12-23 18:35:24.535] [exthost] [error] Error: context canceled
	at handleResponse (/home/aosderzhikov/.vscode/extensions/golang.go-0.30.0/dist/goMain.js:4366:40)
	at processMessageQueue (/home/aosderzhikov/.vscode/extensions/golang.go-0.30.0/dist/goMain.js:4204:13)
	at Immediate.<anonymous> (/home/aosderzhikov/.vscode/extensions/golang.go-0.30.0/dist/goMain.js:4190:11)
	at processImmediate (internal/timers.js:461:21)
[2021-12-23 18:39:21.125] [exthost] [error] [golang.go] provider FAILED
[2021-12-23 18:39:21.126] [exthost] [error] Error: 46:4: expected ':', found newline
	at handleResponse (/home/aosderzhikov/.vscode/extensions/golang.go-0.30.0/dist/goMain.js:4366:40)
	at processMessageQueue (/home/aosderzhikov/.vscode/extensions/golang.go-0.30.0/dist/goMain.js:4204:13)
	at Immediate.<anonymous> (/home/aosderzhikov/.vscode/extensions/golang.go-0.30.0/dist/goMain.js:4190:11)
	at processImmediate (internal/timers.js:461:21)
[2021-12-23 18:42:35.720] [exthost] [error] [golang.go] provider FAILED
[2021-12-23 18:42:35.720] [exthost] [error] Canceled: Canceled
	at LanguageClient2.makeCancelError (/home/aosderzhikov/.vscode/extensions/golang.go-0.30.0/dist/goMain.js:12133:24)
	at LanguageClient2.handleFailedRequest (/home/aosderzhikov/.vscode/extensions/golang.go-0.30.0/dist/goMain.js:12124:24)
	at /home/aosderzhikov/.vscode/extensions/golang.go-0.30.0/dist/goMain.js:12506:31
	at async Object.provideFoldingRanges (/home/aosderzhikov/.vscode/extensions/golang.go-0.30.0/dist/goMain.js:73136:24)
	at async ne.provideFoldingRanges (/usr/share/code/resources/app/out/vs/workbench/services/extensions/node/extensionHostProcess.js:95:107898)
[2021-12-23 18:43:51.360] [exthost] [error] [golang.go] provider FAILED
[2021-12-23 18:43:51.360] [exthost] [error] Canceled: Canceled
	at LanguageClient2.makeCancelError (/home/aosderzhikov/.vscode/extensions/golang.go-0.30.0/dist/goMain.js:12133:24)
	at LanguageClient2.handleFailedRequest (/home/aosderzhikov/.vscode/extensions/golang.go-0.30.0/dist/goMain.js:12124:24)
	at /home/aosderzhikov/.vscode/extensions/golang.go-0.30.0/dist/goMain.js:12506:31
	at async Object.provideFoldingRanges (/home/aosderzhikov/.vscode/extensions/golang.go-0.30.0/dist/goMain.js:73136:24)
	at async ne.provideFoldingRanges (/usr/share/code/resources/app/out/vs/workbench/services/extensions/node/extensionHostProcess.js:95:107898)
[2021-12-23 18:44:53.864] [exthost] [error] [golang.go] provider FAILED
[2021-12-23 18:44:53.865] [exthost] [error] Canceled: Canceled
	at LanguageClient2.makeCancelError (/home/aosderzhikov/.vscode/extensions/golang.go-0.30.0/dist/goMain.js:12133:24)
	at LanguageClient2.handleFailedRequest (/home/aosderzhikov/.vscode/extensions/golang.go-0.30.0/dist/goMain.js:12124:24)
	at /home/aosderzhikov/.vscode/extensions/golang.go-0.30.0/dist/goMain.js:12506:31
	at async Object.provideFoldingRanges (/home/aosderzhikov/.vscode/extensions/golang.go-0.30.0/dist/goMain.js:73136:24)
	at async ne.provideFoldingRanges (/usr/share/code/resources/app/out/vs/workbench/services/extensions/node/extensionHostProcess.js:95:107898)
[2021-12-23 18:59:14.436] [exthost] [error] [golang.go] provider FAILED
[2021-12-23 18:59:14.436] [exthost] [error] Error: context canceled
	at handleResponse (/home/aosderzhikov/.vscode/extensions/golang.go-0.30.0/dist/goMain.js:4366:40)
	at processMessageQueue (/home/aosderzhikov/.vscode/extensions/golang.go-0.30.0/dist/goMain.js:4204:13)
	at Immediate.<anonymous> (/home/aosderzhikov/.vscode/extensions/golang.go-0.30.0/dist/goMain.js:4190:11)
	at processImmediate (internal/timers.js:461:21)
[2021-12-23 19:24:50.188] [exthost] [error] [golang.go] provider FAILED
[2021-12-23 19:24:50.188] [exthost] [error] Canceled: Canceled
	at LanguageClient2.makeCancelError (/home/aosderzhikov/.vscode/extensions/golang.go-0.30.0/dist/goMain.js:12133:24)
	at LanguageClient2.handleFailedRequest (/home/aosderzhikov/.vscode/extensions/golang.go-0.30.0/dist/goMain.js:12124:24)
	at /home/aosderzhikov/.vscode/extensions/golang.go-0.30.0/dist/goMain.js:10483:31
	at async o.provideHover (/usr/share/code/resources/app/out/vs/workbench/services/extensions/node/extensionHostProcess.js:95:90908)
[2021-12-23 19:37:29.208] [exthost] [error] [golang.go] provider FAILED
[2021-12-23 19:37:29.208] [exthost] [error] Error: context canceled
	at handleResponse (/home/aosderzhikov/.vscode/extensions/golang.go-0.30.0/dist/goMain.js:4366:40)
	at processMessageQueue (/home/aosderzhikov/.vscode/extensions/golang.go-0.30.0/dist/goMain.js:4204:13)
	at Immediate.<anonymous> (/home/aosderzhikov/.vscode/extensions/golang.go-0.30.0/dist/goMain.js:4190:11)
	at processImmediate (internal/timers.js:461:21)
[2021-12-23 19:39:21.308] [exthost] [error] [golang.go] provider FAILED
[2021-12-23 19:39:21.308] [exthost] [error] Error: context canceled
	at handleResponse (/home/aosderzhikov/.vscode/extensions/golang.go-0.30.0/dist/goMain.js:4366:40)
	at processMessageQueue (/home/aosderzhikov/.vscode/extensions/golang.go-0.30.0/dist/goMain.js:4204:13)
	at Immediate.<anonymous> (/home/aosderzhikov/.vscode/extensions/golang.go-0.30.0/dist/goMain.js:4190:11)
	at processImmediate (internal/timers.js:461:21)
[2021-12-23 19:46:59.839] [exthost] [error] [golang.go] provider FAILED
[2021-12-23 19:46:59.839] [exthost] [error] Canceled: Canceled
	at LanguageClient2.makeCancelError (/home/aosderzhikov/.vscode/extensions/golang.go-0.30.0/dist/goMain.js:12133:24)
	at LanguageClient2.handleFailedRequest (/home/aosderzhikov/.vscode/extensions/golang.go-0.30.0/dist/goMain.js:12124:24)
	at /home/aosderzhikov/.vscode/extensions/golang.go-0.30.0/dist/goMain.js:10483:31
	at async o.provideHover (/usr/share/code/resources/app/out/vs/workbench/services/extensions/node/extensionHostProcess.js:95:90908)
[2021-12-23 19:48:10.881] [exthost] [error] [golang.go] provider FAILED
[2021-12-23 19:48:10.881] [exthost] [error] Canceled: Canceled
	at LanguageClient2.makeCancelError (/home/aosderzhikov/.vscode/extensions/golang.go-0.30.0/dist/goMain.js:12133:24)
	at LanguageClient2.handleFailedRequest (/home/aosderzhikov/.vscode/extensions/golang.go-0.30.0/dist/goMain.js:12124:24)
	at /home/aosderzhikov/.vscode/extensions/golang.go-0.30.0/dist/goMain.js:10787:31
	at async T.provideCodeActions (/usr/share/code/resources/app/out/vs/workbench/services/extensions/node/extensionHostProcess.js:95:93216)
[2021-12-23 19:51:37.439] [exthost] [error] [golang.go] provider FAILED
[2021-12-23 19:51:37.439] [exthost] [error] Error: no identifier found
	at handleResponse (/home/aosderzhikov/.vscode/extensions/golang.go-0.30.0/dist/goMain.js:4366:40)
	at processMessageQueue (/home/aosderzhikov/.vscode/extensions/golang.go-0.30.0/dist/goMain.js:4204:13)
	at Immediate.<anonymous> (/home/aosderzhikov/.vscode/extensions/golang.go-0.30.0/dist/goMain.js:4190:11)
	at processImmediate (internal/timers.js:461:21)
[2021-12-23 19:56:40.609] [exthost] [error] [golang.go] provider FAILED
[2021-12-23 19:56:40.609] [exthost] [error] Canceled: Canceled
	at LanguageClient2.makeCancelError (/home/aosderzhikov/.vscode/extensions/golang.go-0.30.0/dist/goMain.js:12133:24)
	at LanguageClient2.handleFailedRequest (/home/aosderzhikov/.vscode/extensions/golang.go-0.30.0/dist/goMain.js:12124:24)
	at /home/aosderzhikov/.vscode/extensions/golang.go-0.30.0/dist/goMain.js:10787:31
	at async T.provideCodeActions (/usr/share/code/resources/app/out/vs/workbench/services/extensions/node/extensionHostProcess.js:95:93216)
[2021-12-23 19:57:27.252] [exthost] [error] [golang.go] provider FAILED
[2021-12-23 19:57:27.252] [exthost] [error] Error: context canceled
	at handleResponse (/home/aosderzhikov/.vscode/extensions/golang.go-0.30.0/dist/goMain.js:4366:40)
	at processMessageQueue (/home/aosderzhikov/.vscode/extensions/golang.go-0.30.0/dist/goMain.js:4204:13)
	at Immediate.<anonymous> (/home/aosderzhikov/.vscode/extensions/golang.go-0.30.0/dist/goMain.js:4190:11)
	at processImmediate (internal/timers.js:461:21)
[2021-12-23 20:02:19.790] [exthost] [error] [golang.go] provider FAILED
[2021-12-23 20:02:19.790] [exthost] [error] Canceled: Canceled
	at LanguageClient2.makeCancelError (/home/aosderzhikov/.vscode/extensions/golang.go-0.30.0/dist/goMain.js:12133:24)
	at LanguageClient2.handleFailedRequest (/home/aosderzhikov/.vscode/extensions/golang.go-0.30.0/dist/goMain.js:12124:24)
	at /home/aosderzhikov/.vscode/extensions/golang.go-0.30.0/dist/goMain.js:12506:31
	at async Object.provideFoldingRanges (/home/aosderzhikov/.vscode/extensions/golang.go-0.30.0/dist/goMain.js:73136:24)
	at async ne.provideFoldingRanges (/usr/share/code/resources/app/out/vs/workbench/services/extensions/node/extensionHostProcess.js:95:107898)
[2021-12-23 20:03:35.717] [exthost] [error] [golang.go] provider FAILED
[2021-12-23 20:03:35.717] [exthost] [error] Error: 39:8: missing ',' before newline in composite literal
	at handleResponse (/home/aosderzhikov/.vscode/extensions/golang.go-0.30.0/dist/goMain.js:4366:40)
	at processMessageQueue (/home/aosderzhikov/.vscode/extensions/golang.go-0.30.0/dist/goMain.js:4204:13)
	at Immediate.<anonymous> (/home/aosderzhikov/.vscode/extensions/golang.go-0.30.0/dist/goMain.js:4190:11)
	at processImmediate (internal/timers.js:461:21)
[2021-12-23 20:03:50.666] [exthost] [error] [golang.go] provider FAILED
[2021-12-23 20:03:50.666] [exthost] [error] Error: 39:20: missing ',' before newline in composite literal
	at handleResponse (/home/aosderzhikov/.vscode/extensions/golang.go-0.30.0/dist/goMain.js:4366:40)
	at processMessageQueue (/home/aosderzhikov/.vscode/extensions/golang.go-0.30.0/dist/goMain.js:4204:13)
	at Immediate.<anonymous> (/home/aosderzhikov/.vscode/extensions/golang.go-0.30.0/dist/goMain.js:4190:11)
	at processImmediate (internal/timers.js:461:21)
[2021-12-23 20:03:53.617] [exthost] [error] [golang.go] provider FAILED
[2021-12-23 20:03:53.617] [exthost] [error] Error: 39:20: missing ',' before newline in composite literal
	at handleResponse (/home/aosderzhikov/.vscode/extensions/golang.go-0.30.0/dist/goMain.js:4366:40)
	at processMessageQueue (/home/aosderzhikov/.vscode/extensions/golang.go-0.30.0/dist/goMain.js:4204:13)
	at Immediate.<anonymous> (/home/aosderzhikov/.vscode/extensions/golang.go-0.30.0/dist/goMain.js:4190:11)
	at processImmediate (internal/timers.js:461:21)
[2021-12-23 20:06:51.003] [exthost] [info] ExtensionService#_doActivateExtension vscode.debug-server-ready, startup: false, activationEvent: 'onDebugResolve'
[2021-12-23 20:07:29.561] [exthost] [error] [golang.go] provider FAILED
[2021-12-23 20:07:29.561] [exthost] [error] Error: context canceled
	at handleResponse (/home/aosderzhikov/.vscode/extensions/golang.go-0.30.0/dist/goMain.js:4366:40)
	at processMessageQueue (/home/aosderzhikov/.vscode/extensions/golang.go-0.30.0/dist/goMain.js:4204:13)
	at Immediate.<anonymous> (/home/aosderzhikov/.vscode/extensions/golang.go-0.30.0/dist/goMain.js:4190:11)
	at processImmediate (internal/timers.js:461:21)
[2021-12-23 20:11:46.129] [exthost] [error] [golang.go] provider FAILED
[2021-12-23 20:11:46.129] [exthost] [error] Error: no identifier found
	at handleResponse (/home/aosderzhikov/.vscode/extensions/golang.go-0.30.0/dist/goMain.js:4366:40)
	at processMessageQueue (/home/aosderzhikov/.vscode/extensions/golang.go-0.30.0/dist/goMain.js:4204:13)
	at Immediate.<anonymous> (/home/aosderzhikov/.vscode/extensions/golang.go-0.30.0/dist/goMain.js:4190:11)
	at processImmediate (internal/timers.js:461:21)
[2021-12-23 20:12:53.578] [exthost] [error] [golang.go] provider FAILED
[2021-12-23 20:12:53.579] [exthost] [error] Error: context canceled
	at handleResponse (/home/aosderzhikov/.vscode/extensions/golang.go-0.30.0/dist/goMain.js:4366:40)
	at processMessageQueue (/home/aosderzhikov/.vscode/extensions/golang.go-0.30.0/dist/goMain.js:4204:13)
	at Immediate.<anonymous> (/home/aosderzhikov/.vscode/extensions/golang.go-0.30.0/dist/goMain.js:4190:11)
	at processImmediate (internal/timers.js:461:21)
[2021-12-23 20:24:10.032] [exthost] [error] [golang.go] provider FAILED
[2021-12-23 20:24:10.032] [exthost] [error] Error: no identifier found
	at handleResponse (/home/aosderzhikov/.vscode/extensions/golang.go-0.30.0/dist/goMain.js:4366:40)
	at processMessageQueue (/home/aosderzhikov/.vscode/extensions/golang.go-0.30.0/dist/goMain.js:4204:13)
	at Immediate.<anonymous> (/home/aosderzhikov/.vscode/extensions/golang.go-0.30.0/dist/goMain.js:4190:11)
	at processImmediate (internal/timers.js:461:21)
[2021-12-23 20:24:15.176] [exthost] [error] [golang.go] provider FAILED
[2021-12-23 20:24:15.176] [exthost] [error] Canceled: Canceled
	at LanguageClient2.makeCancelError (/home/aosderzhikov/.vscode/extensions/golang.go-0.30.0/dist/goMain.js:12133:24)
	at LanguageClient2.handleFailedRequest (/home/aosderzhikov/.vscode/extensions/golang.go-0.30.0/dist/goMain.js:12124:24)
	at /home/aosderzhikov/.vscode/extensions/golang.go-0.30.0/dist/goMain.js:10624:31
	at async h.provideDocumentHighlights (/usr/share/code/resources/app/out/vs/workbench/services/extensions/node/extensionHostProcess.js:95:91846)
[2021-12-23 20:24:23.910] [exthost] [error] [golang.go] provider FAILED
[2021-12-23 20:24:23.910] [exthost] [error] Canceled: Canceled
	at LanguageClient2.makeCancelError (/home/aosderzhikov/.vscode/extensions/golang.go-0.30.0/dist/goMain.js:12133:24)
	at LanguageClient2.handleFailedRequest (/home/aosderzhikov/.vscode/extensions/golang.go-0.30.0/dist/goMain.js:12124:24)
	at /home/aosderzhikov/.vscode/extensions/golang.go-0.30.0/dist/goMain.js:12506:31
	at async Object.provideFoldingRanges (/home/aosderzhikov/.vscode/extensions/golang.go-0.30.0/dist/goMain.js:73136:24)
	at async ne.provideFoldingRanges (/usr/share/code/resources/app/out/vs/workbench/services/extensions/node/extensionHostProcess.js:95:107898)
[2021-12-23 20:25:02.268] [exthost] [error] [golang.go] provider FAILED
[2021-12-23 20:25:02.268] [exthost] [error] Error: pos 37223597 is not in range for file [37221948:37223596)
	at handleResponse (/home/aosderzhikov/.vscode/extensions/golang.go-0.30.0/dist/goMain.js:4366:40)
	at processMessageQueue (/home/aosderzhikov/.vscode/extensions/golang.go-0.30.0/dist/goMain.js:4204:13)
	at Immediate.<anonymous> (/home/aosderzhikov/.vscode/extensions/golang.go-0.30.0/dist/goMain.js:4190:11)
	at processImmediate (internal/timers.js:461:21)
[2021-12-23 20:25:02.468] [exthost] [error] [golang.go] provider FAILED
[2021-12-23 20:25:02.468] [exthost] [error] Error: pos 37223597 is not in range for file [37221948:37223596)
	at handleResponse (/home/aosderzhikov/.vscode/extensions/golang.go-0.30.0/dist/goMain.js:4366:40)
	at processMessageQueue (/home/aosderzhikov/.vscode/extensions/golang.go-0.30.0/dist/goMain.js:4204:13)
	at Immediate.<anonymous> (/home/aosderzhikov/.vscode/extensions/golang.go-0.30.0/dist/goMain.js:4190:11)
	at processImmediate (internal/timers.js:461:21)
[2021-12-23 20:37:14.154] [exthost] [error] [golang.go] provider FAILED
[2021-12-23 20:37:14.154] [exthost] [error] Error: no identifier found
	at handleResponse (/home/aosderzhikov/.vscode/extensions/golang.go-0.30.0/dist/goMain.js:4366:40)
	at processMessageQueue (/home/aosderzhikov/.vscode/extensions/golang.go-0.30.0/dist/goMain.js:4204:13)
	at Immediate.<anonymous> (/home/aosderzhikov/.vscode/extensions/golang.go-0.30.0/dist/goMain.js:4190:11)
	at processImmediate (internal/timers.js:461:21)
[2021-12-23 20:37:59.189] [exthost] [error] [golang.go] provider FAILED
[2021-12-23 20:37:59.189] [exthost] [error] Canceled: Canceled
	at LanguageClient2.makeCancelError (/home/aosderzhikov/.vscode/extensions/golang.go-0.30.0/dist/goMain.js:12133:24)
	at LanguageClient2.handleFailedRequest (/home/aosderzhikov/.vscode/extensions/golang.go-0.30.0/dist/goMain.js:12124:24)
	at /home/aosderzhikov/.vscode/extensions/golang.go-0.30.0/dist/goMain.js:12506:31
	at async Object.provideFoldingRanges (/home/aosderzhikov/.vscode/extensions/golang.go-0.30.0/dist/goMain.js:73136:24)
	at async ne.provideFoldingRanges (/usr/share/code/resources/app/out/vs/workbench/services/extensions/node/extensionHostProcess.js:95:107898)
[2021-12-23 20:38:52.251] [exthost] [error] [golang.go] provider FAILED
[2021-12-23 20:38:52.251] [exthost] [error] Error: 63:17: expected ';', found '{'
	at handleResponse (/home/aosderzhikov/.vscode/extensions/golang.go-0.30.0/dist/goMain.js:4366:40)
	at processMessageQueue (/home/aosderzhikov/.vscode/extensions/golang.go-0.30.0/dist/goMain.js:4204:13)
	at Immediate.<anonymous> (/home/aosderzhikov/.vscode/extensions/golang.go-0.30.0/dist/goMain.js:4190:11)
	at processImmediate (internal/timers.js:461:21)
[2021-12-23 20:39:35.026] [exthost] [error] [golang.go] provider FAILED
[2021-12-23 20:39:35.026] [exthost] [error] Error: no identifier found
	at handleResponse (/home/aosderzhikov/.vscode/extensions/golang.go-0.30.0/dist/goMain.js:4366:40)
	at processMessageQueue (/home/aosderzhikov/.vscode/extensions/golang.go-0.30.0/dist/goMain.js:4204:13)
	at Immediate.<anonymous> (/home/aosderzhikov/.vscode/extensions/golang.go-0.30.0/dist/goMain.js:4190:11)
	at processImmediate (internal/timers.js:461:21)
[2021-12-23 20:42:43.594] [exthost] [error] [golang.go] provider FAILED
[2021-12-23 20:42:43.594] [exthost] [error] Canceled: Canceled
	at LanguageClient2.makeCancelError (/home/aosderzhikov/.vscode/extensions/golang.go-0.30.0/dist/goMain.js:12133:24)
	at LanguageClient2.handleFailedRequest (/home/aosderzhikov/.vscode/extensions/golang.go-0.30.0/dist/goMain.js:12124:24)
	at /home/aosderzhikov/.vscode/extensions/golang.go-0.30.0/dist/goMain.js:10439:31
	at async Object.provideCompletionItem (/home/aosderzhikov/.vscode/extensions/golang.go-0.30.0/dist/goMain.js:73177:22)
	at async z.provideCompletionItems (/usr/share/code/resources/app/out/vs/workbench/services/extensions/node/extensionHostProcess.js:95:101516)
[2021-12-23 20:46:13.290] [exthost] [error] [golang.go] provider FAILED
[2021-12-23 20:46:13.290] [exthost] [error] Error: 36:2: expected identifier on left side of :=
	at handleResponse (/home/aosderzhikov/.vscode/extensions/golang.go-0.30.0/dist/goMain.js:4366:40)
	at processMessageQueue (/home/aosderzhikov/.vscode/extensions/golang.go-0.30.0/dist/goMain.js:4204:13)
	at Immediate.<anonymous> (/home/aosderzhikov/.vscode/extensions/golang.go-0.30.0/dist/goMain.js:4190:11)
	at processImmediate (internal/timers.js:461:21)
[2021-12-23 20:56:09.603] [exthost] [error] [golang.go] provider FAILED
[2021-12-23 20:56:09.603] [exthost] [error] Error: no identifier found
	at handleResponse (/home/aosderzhikov/.vscode/extensions/golang.go-0.30.0/dist/goMain.js:4366:40)
	at processMessageQueue (/home/aosderzhikov/.vscode/extensions/golang.go-0.30.0/dist/goMain.js:4204:13)
	at Immediate.<anonymous> (/home/aosderzhikov/.vscode/extensions/golang.go-0.30.0/dist/goMain.js:4190:11)
	at processImmediate (internal/timers.js:461:21)
[2021-12-23 21:05:19.958] [exthost] [error] [golang.go] provider FAILED
[2021-12-23 21:05:19.958] [exthost] [error] Error: 132:22: missing ',' before newline in composite literal (and 3 more errors)
	at handleResponse (/home/aosderzhikov/.vscode/extensions/golang.go-0.30.0/dist/goMain.js:4366:40)
	at processMessageQueue (/home/aosderzhikov/.vscode/extensions/golang.go-0.30.0/dist/goMain.js:4204:13)
	at Immediate.<anonymous> (/home/aosderzhikov/.vscode/extensions/golang.go-0.30.0/dist/goMain.js:4190:11)
	at processImmediate (internal/timers.js:461:21)
[2021-12-23 21:18:18.241] [exthost] [error] [golang.go] provider FAILED
[2021-12-23 21:18:18.241] [exthost] [error] Error: no object found for ident NewBuffer: no object found
	at handleResponse (/home/aosderzhikov/.vscode/extensions/golang.go-0.30.0/dist/goMain.js:4366:40)
	at processMessageQueue (/home/aosderzhikov/.vscode/extensions/golang.go-0.30.0/dist/goMain.js:4204:13)
	at Immediate.<anonymous> (/home/aosderzhikov/.vscode/extensions/golang.go-0.30.0/dist/goMain.js:4190:11)
	at processImmediate (internal/timers.js:461:21)
[2021-12-23 21:19:12.314] [exthost] [error] [golang.go] provider FAILED
[2021-12-23 21:19:12.314] [exthost] [error] Error: Illegal argument: range
	at P (/usr/share/code/resources/app/out/vs/workbench/services/extensions/node/extensionHostProcess.js:5:1232)
	at new _e (/usr/share/code/resources/app/out/vs/workbench/services/extensions/node/extensionHostProcess.js:86:37633)
	at new _e (/usr/share/code/resources/app/out/vs/workbench/services/extensions/node/extensionHostProcess.js:86:17301)
	at new ProtocolDocumentLink (/home/aosderzhikov/.vscode/extensions/golang.go-0.30.0/dist/goMain.js:7754:9)
	at asDocumentLink (/home/aosderzhikov/.vscode/extensions/golang.go-0.30.0/dist/goMain.js:9173:20)
	at Array.map (<anonymous>)
	at asDocumentLinks (/home/aosderzhikov/.vscode/extensions/golang.go-0.30.0/dist/goMain.js:9186:22)
	at async V.provideLinks (/usr/share/code/resources/app/out/vs/workbench/services/extensions/node/extensionHostProcess.js:95:106340)
[2021-12-23 21:19:49.094] [exthost] [error] [golang.go] provider FAILED
[2021-12-23 21:19:49.094] [exthost] [error] Error: no identifier found
	at handleResponse (/home/aosderzhikov/.vscode/extensions/golang.go-0.30.0/dist/goMain.js:4366:40)
	at processMessageQueue (/home/aosderzhikov/.vscode/extensions/golang.go-0.30.0/dist/goMain.js:4204:13)
	at Immediate.<anonymous> (/home/aosderzhikov/.vscode/extensions/golang.go-0.30.0/dist/goMain.js:4190:11)
	at processImmediate (internal/timers.js:461:21)
[2021-12-23 21:21:12.946] [exthost] [error] [golang.go] provider FAILED
[2021-12-23 21:21:12.946] [exthost] [error] Error: no identifier found
	at handleResponse (/home/aosderzhikov/.vscode/extensions/golang.go-0.30.0/dist/goMain.js:4366:40)
	at processMessageQueue (/home/aosderzhikov/.vscode/extensions/golang.go-0.30.0/dist/goMain.js:4204:13)
	at Immediate.<anonymous> (/home/aosderzhikov/.vscode/extensions/golang.go-0.30.0/dist/goMain.js:4190:11)
	at processImmediate (internal/timers.js:461:21)
[2021-12-23 21:23:00.984] [exthost] [error] [golang.go] provider FAILED
[2021-12-23 21:23:00.984] [exthost] [error] Canceled: Canceled
	at LanguageClient2.makeCancelError (/home/aosderzhikov/.vscode/extensions/golang.go-0.30.0/dist/goMain.js:12133:24)
	at LanguageClient2.handleFailedRequest (/home/aosderzhikov/.vscode/extensions/golang.go-0.30.0/dist/goMain.js:12124:24)
	at /home/aosderzhikov/.vscode/extensions/golang.go-0.30.0/dist/goMain.js:10787:31
	at async T.provideCodeActions (/usr/share/code/resources/app/out/vs/workbench/services/extensions/node/extensionHostProcess.js:95:93216)
[2021-12-23 21:24:13.509] [exthost] [error] [golang.go] provider FAILED
[2021-12-23 21:24:13.509] [exthost] [error] Error: context canceled
	at handleResponse (/home/aosderzhikov/.vscode/extensions/golang.go-0.30.0/dist/goMain.js:4366:40)
	at processMessageQueue (/home/aosderzhikov/.vscode/extensions/golang.go-0.30.0/dist/goMain.js:4204:13)
	at Immediate.<anonymous> (/home/aosderzhikov/.vscode/extensions/golang.go-0.30.0/dist/goMain.js:4190:11)
	at processImmediate (internal/timers.js:461:21)
[2021-12-23 21:26:03.453] [exthost] [error] [golang.go] provider FAILED
[2021-12-23 21:26:03.453] [exthost] [error] Error: no identifier found
	at handleResponse (/home/aosderzhikov/.vscode/extensions/golang.go-0.30.0/dist/goMain.js:4366:40)
	at processMessageQueue (/home/aosderzhikov/.vscode/extensions/golang.go-0.30.0/dist/goMain.js:4204:13)
	at Immediate.<anonymous> (/home/aosderzhikov/.vscode/extensions/golang.go-0.30.0/dist/goMain.js:4190:11)
	at processImmediate (internal/timers.js:461:21)
[2021-12-23 21:39:28.733] [exthost] [error] [golang.go] provider FAILED
[2021-12-23 21:39:28.733] [exthost] [error] Canceled: Canceled
	at LanguageClient2.makeCancelError (/home/aosderzhikov/.vscode/extensions/golang.go-0.30.0/dist/goMain.js:12133:24)
	at LanguageClient2.handleFailedRequest (/home/aosderzhikov/.vscode/extensions/golang.go-0.30.0/dist/goMain.js:12124:24)
	at /home/aosderzhikov/.vscode/extensions/golang.go-0.30.0/dist/goMain.js:10787:31
	at async T.provideCodeActions (/usr/share/code/resources/app/out/vs/workbench/services/extensions/node/extensionHostProcess.js:95:93216)
[2021-12-23 21:41:05.677] [exthost] [error] [golang.go] provider FAILED
[2021-12-23 21:41:05.677] [exthost] [error] Canceled: Canceled
	at LanguageClient2.makeCancelError (/home/aosderzhikov/.vscode/extensions/golang.go-0.30.0/dist/goMain.js:12133:24)
	at LanguageClient2.handleFailedRequest (/home/aosderzhikov/.vscode/extensions/golang.go-0.30.0/dist/goMain.js:12124:24)
	at /home/aosderzhikov/.vscode/extensions/golang.go-0.30.0/dist/goMain.js:10483:31
	at async o.provideHover (/usr/share/code/resources/app/out/vs/workbench/services/extensions/node/extensionHostProcess.js:95:90908)
[2021-12-23 21:43:19.226] [exthost] [error] [golang.go] provider FAILED
[2021-12-23 21:43:19.226] [exthost] [error] Error: no identifier found
	at handleResponse (/home/aosderzhikov/.vscode/extensions/golang.go-0.30.0/dist/goMain.js:4366:40)
	at processMessageQueue (/home/aosderzhikov/.vscode/extensions/golang.go-0.30.0/dist/goMain.js:4204:13)
	at Immediate.<anonymous> (/home/aosderzhikov/.vscode/extensions/golang.go-0.30.0/dist/goMain.js:4190:11)
	at processImmediate (internal/timers.js:461:21)
[2021-12-23 21:43:48.823] [exthost] [error] [golang.go] provider FAILED
[2021-12-23 21:43:48.823] [exthost] [error] Canceled: Canceled
	at LanguageClient2.makeCancelError (/home/aosderzhikov/.vscode/extensions/golang.go-0.30.0/dist/goMain.js:12133:24)
	at LanguageClient2.handleFailedRequest (/home/aosderzhikov/.vscode/extensions/golang.go-0.30.0/dist/goMain.js:12124:24)
	at /home/aosderzhikov/.vscode/extensions/golang.go-0.30.0/dist/goMain.js:12506:31
	at async Object.provideFoldingRanges (/home/aosderzhikov/.vscode/extensions/golang.go-0.30.0/dist/goMain.js:73136:24)
	at async ne.provideFoldingRanges (/usr/share/code/resources/app/out/vs/workbench/services/extensions/node/extensionHostProcess.js:95:107898)
[2021-12-23 21:45:55.901] [exthost] [error] [golang.go] provider FAILED
[2021-12-23 21:45:55.901] [exthost] [error] Canceled: Canceled
	at LanguageClient2.makeCancelError (/home/aosderzhikov/.vscode/extensions/golang.go-0.30.0/dist/goMain.js:12133:24)
	at LanguageClient2.handleFailedRequest (/home/aosderzhikov/.vscode/extensions/golang.go-0.30.0/dist/goMain.js:12124:24)
	at /home/aosderzhikov/.vscode/extensions/golang.go-0.30.0/dist/goMain.js:12506:31
	at async Object.provideFoldingRanges (/home/aosderzhikov/.vscode/extensions/golang.go-0.30.0/dist/goMain.js:73136:24)
	at async ne.provideFoldingRanges (/usr/share/code/resources/app/out/vs/workbench/services/extensions/node/extensionHostProcess.js:95:107898)
[2021-12-23 21:45:56.114] [exthost] [error] [golang.go] provider FAILED
[2021-12-23 21:45:56.115] [exthost] [error] Canceled: Canceled
	at LanguageClient2.makeCancelError (/home/aosderzhikov/.vscode/extensions/golang.go-0.30.0/dist/goMain.js:12133:24)
	at LanguageClient2.handleFailedRequest (/home/aosderzhikov/.vscode/extensions/golang.go-0.30.0/dist/goMain.js:12124:24)
	at /home/aosderzhikov/.vscode/extensions/golang.go-0.30.0/dist/goMain.js:12506:31
	at async Object.provideFoldingRanges (/home/aosderzhikov/.vscode/extensions/golang.go-0.30.0/dist/goMain.js:73136:24)
	at async ne.provideFoldingRanges (/usr/share/code/resources/app/out/vs/workbench/services/extensions/node/extensionHostProcess.js:95:107898)
[2021-12-23 21:46:03.180] [exthost] [error] [golang.go] provider FAILED
[2021-12-23 21:46:03.180] [exthost] [error] Error: no identifier found
	at handleResponse (/home/aosderzhikov/.vscode/extensions/golang.go-0.30.0/dist/goMain.js:4366:40)
	at processMessageQueue (/home/aosderzhikov/.vscode/extensions/golang.go-0.30.0/dist/goMain.js:4204:13)
	at Immediate.<anonymous> (/home/aosderzhikov/.vscode/extensions/golang.go-0.30.0/dist/goMain.js:4190:11)
	at processImmediate (internal/timers.js:461:21)
[2021-12-23 21:56:53.343] [exthost] [error] [golang.go] provider FAILED
[2021-12-23 21:56:53.343] [exthost] [error] Error: context canceled
	at handleResponse (/home/aosderzhikov/.vscode/extensions/golang.go-0.30.0/dist/goMain.js:4366:40)
	at processMessageQueue (/home/aosderzhikov/.vscode/extensions/golang.go-0.30.0/dist/goMain.js:4204:13)
	at Immediate.<anonymous> (/home/aosderzhikov/.vscode/extensions/golang.go-0.30.0/dist/goMain.js:4190:11)
	at processImmediate (internal/timers.js:461:21)
[2021-12-23 21:58:43.276] [exthost] [error] [golang.go] provider FAILED
[2021-12-23 21:58:43.276] [exthost] [error] Canceled: Canceled
	at LanguageClient2.makeCancelError (/home/aosderzhikov/.vscode/extensions/golang.go-0.30.0/dist/goMain.js:12133:24)
	at LanguageClient2.handleFailedRequest (/home/aosderzhikov/.vscode/extensions/golang.go-0.30.0/dist/goMain.js:12124:24)
	at /home/aosderzhikov/.vscode/extensions/golang.go-0.30.0/dist/goMain.js:10787:31
	at async T.provideCodeActions (/usr/share/code/resources/app/out/vs/workbench/services/extensions/node/extensionHostProcess.js:95:93216)
[2021-12-23 22:10:58.689] [exthost] [error] [golang.go] provider FAILED
[2021-12-23 22:10:58.690] [exthost] [error] Error: no identifier found
	at handleResponse (/home/aosderzhikov/.vscode/extensions/golang.go-0.30.0/dist/goMain.js:4366:40)
	at processMessageQueue (/home/aosderzhikov/.vscode/extensions/golang.go-0.30.0/dist/goMain.js:4204:13)
	at Immediate.<anonymous> (/home/aosderzhikov/.vscode/extensions/golang.go-0.30.0/dist/goMain.js:4190:11)
	at processImmediate (internal/timers.js:461:21)
[2021-12-23 22:16:52.378] [exthost] [info] extension host terminating: renderer closed the socket
[2021-12-23 22:16:52.396] [exthost] [info] Extension host with pid 24747 exiting with code 0
