[2021-12-29 10:45:33.262] [exthost] [info] Extension host with pid 2647 started
[2021-12-29 10:45:33.262] [exthost] [info] Skipping acquiring lock for /home/aosderzhikov/.config/Code/User/workspaceStorage/9ac011fcd18ddf6f573876d0e098a573.
[2021-12-29 10:45:33.378] [exthost] [info] ExtensionService#_doActivateExtension vscode.microsoft-authentication, startup: false, activationEvent: 'onAuthenticationRequest:microsoft'
[2021-12-29 10:45:33.388] [exthost] [info] ExtensionService#_doActivateExtension golang.go, startup: false, activationEvent: 'onLanguage:go'
[2021-12-29 10:45:33.479] [exthost] [info] ExtensionService#_doActivateExtension vscode.debug-auto-launch, startup: true, activationEvent: '*'
[2021-12-29 10:45:33.483] [exthost] [info] ExtensionService#_doActivateExtension vscode.git-base, startup: true, activationEvent: '*', root cause: vscode.github
[2021-12-29 10:45:33.578] [exthost] [info] ExtensionService#_doActivateExtension vscode.git, startup: true, activationEvent: '*'
[2021-12-29 10:45:33.598] [exthost] [info] ExtensionService#_doActivateExtension vscode.github, startup: true, activationEvent: '*'
[2021-12-29 10:45:33.696] [exthost] [info] Eager extensions activated
[2021-12-29 10:45:33.744] [exthost] [info] ExtensionService#_doActivateExtension vscode.emmet, startup: false, activationEvent: 'onStartupFinished'
[2021-12-29 10:45:33.767] [exthost] [info] ExtensionService#_doActivateExtension vscode.merge-conflict, startup: false, activationEvent: 'onStartupFinished'
[2021-12-29 10:45:33.805] [exthost] [info] ExtensionService#_doActivateExtension vscode.github-authentication, startup: false, activationEvent: 'onAuthenticationRequest:github'
[2021-12-29 10:45:35.192] [exthost] [error] [golang.go] provider FAILED
[2021-12-29 10:45:35.201] [exthost] [error] Canceled: Canceled
	at LanguageClient2.makeCancelError (/home/aosderzhikov/.vscode/extensions/golang.go-0.30.0/dist/goMain.js:12133:24)
	at LanguageClient2.handleFailedRequest (/home/aosderzhikov/.vscode/extensions/golang.go-0.30.0/dist/goMain.js:12124:24)
	at /home/aosderzhikov/.vscode/extensions/golang.go-0.30.0/dist/goMain.js:10483:31
	at async o.provideHover (/usr/share/code/resources/app/out/vs/workbench/services/extensions/node/extensionHostProcess.js:95:90908)
[2021-12-29 10:49:22.786] [exthost] [error] [golang.go] provider FAILED
[2021-12-29 10:49:22.787] [exthost] [error] Canceled: Canceled
	at LanguageClient2.makeCancelError (/home/aosderzhikov/.vscode/extensions/golang.go-0.30.0/dist/goMain.js:12133:24)
	at LanguageClient2.handleFailedRequest (/home/aosderzhikov/.vscode/extensions/golang.go-0.30.0/dist/goMain.js:12124:24)
	at /home/aosderzhikov/.vscode/extensions/golang.go-0.30.0/dist/goMain.js:12506:31
	at async Object.provideFoldingRanges (/home/aosderzhikov/.vscode/extensions/golang.go-0.30.0/dist/goMain.js:73136:24)
	at async ne.provideFoldingRanges (/usr/share/code/resources/app/out/vs/workbench/services/extensions/node/extensionHostProcess.js:95:107898)
[2021-12-29 11:43:15.404] [exthost] [error] [golang.go] provider FAILED
[2021-12-29 11:43:15.404] [exthost] [error] Error: no object found for ident s: no object found
	at handleResponse (/home/aosderzhikov/.vscode/extensions/golang.go-0.30.0/dist/goMain.js:4366:40)
	at processMessageQueue (/home/aosderzhikov/.vscode/extensions/golang.go-0.30.0/dist/goMain.js:4204:13)
	at Immediate.<anonymous> (/home/aosderzhikov/.vscode/extensions/golang.go-0.30.0/dist/goMain.js:4190:11)
	at processImmediate (internal/timers.js:461:21)
[2021-12-29 11:45:07.041] [exthost] [error] [golang.go] provider FAILED
[2021-12-29 11:45:07.042] [exthost] [error] Error: 142:4: expected operand, found 'return' (and 1 more errors)
	at handleResponse (/home/aosderzhikov/.vscode/extensions/golang.go-0.30.0/dist/goMain.js:4366:40)
	at processMessageQueue (/home/aosderzhikov/.vscode/extensions/golang.go-0.30.0/dist/goMain.js:4204:13)
	at Immediate.<anonymous> (/home/aosderzhikov/.vscode/extensions/golang.go-0.30.0/dist/goMain.js:4190:11)
	at processImmediate (internal/timers.js:461:21)
[2021-12-29 11:45:22.044] [exthost] [error] [golang.go] provider FAILED
[2021-12-29 11:45:22.045] [exthost] [error] Error: 142:4: expected operand, found 'return' (and 1 more errors)
	at handleResponse (/home/aosderzhikov/.vscode/extensions/golang.go-0.30.0/dist/goMain.js:4366:40)
	at processMessageQueue (/home/aosderzhikov/.vscode/extensions/golang.go-0.30.0/dist/goMain.js:4204:13)
	at Immediate.<anonymous> (/home/aosderzhikov/.vscode/extensions/golang.go-0.30.0/dist/goMain.js:4190:11)
	at processImmediate (internal/timers.js:461:21)
[2021-12-29 12:58:50.571] [exthost] [error] [golang.go] provider FAILED
[2021-12-29 12:58:50.571] [exthost] [error] Canceled: Canceled
	at LanguageClient2.makeCancelError (/home/aosderzhikov/.vscode/extensions/golang.go-0.30.0/dist/goMain.js:12133:24)
	at LanguageClient2.handleFailedRequest (/home/aosderzhikov/.vscode/extensions/golang.go-0.30.0/dist/goMain.js:12124:24)
	at /home/aosderzhikov/.vscode/extensions/golang.go-0.30.0/dist/goMain.js:10439:31
	at async Object.provideCompletionItem (/home/aosderzhikov/.vscode/extensions/golang.go-0.30.0/dist/goMain.js:73177:22)
	at async z.provideCompletionItems (/usr/share/code/resources/app/out/vs/workbench/services/extensions/node/extensionHostProcess.js:95:101516)
[2021-12-29 13:01:14.111] [exthost] [error] [golang.go] provider FAILED
[2021-12-29 13:01:14.111] [exthost] [error] Canceled: Canceled
	at LanguageClient2.makeCancelError (/home/aosderzhikov/.vscode/extensions/golang.go-0.30.0/dist/goMain.js:12133:24)
	at LanguageClient2.handleFailedRequest (/home/aosderzhikov/.vscode/extensions/golang.go-0.30.0/dist/goMain.js:12124:24)
	at /home/aosderzhikov/.vscode/extensions/golang.go-0.30.0/dist/goMain.js:12506:31
	at async Object.provideFoldingRanges (/home/aosderzhikov/.vscode/extensions/golang.go-0.30.0/dist/goMain.js:73136:24)
	at async ne.provideFoldingRanges (/usr/share/code/resources/app/out/vs/workbench/services/extensions/node/extensionHostProcess.js:95:107898)
[2021-12-29 13:10:10.283] [exthost] [error] [golang.go] provider FAILED
[2021-12-29 13:10:10.283] [exthost] [error] Error: context canceled
	at handleResponse (/home/aosderzhikov/.vscode/extensions/golang.go-0.30.0/dist/goMain.js:4366:40)
	at processMessageQueue (/home/aosderzhikov/.vscode/extensions/golang.go-0.30.0/dist/goMain.js:4204:13)
	at Immediate.<anonymous> (/home/aosderzhikov/.vscode/extensions/golang.go-0.30.0/dist/goMain.js:4190:11)
	at processImmediate (internal/timers.js:461:21)
[2021-12-29 13:14:55.619] [exthost] [error] [golang.go] provider FAILED
[2021-12-29 13:14:55.619] [exthost] [error] Canceled: Canceled
	at LanguageClient2.makeCancelError (/home/aosderzhikov/.vscode/extensions/golang.go-0.30.0/dist/goMain.js:12133:24)
	at LanguageClient2.handleFailedRequest (/home/aosderzhikov/.vscode/extensions/golang.go-0.30.0/dist/goMain.js:12124:24)
	at /home/aosderzhikov/.vscode/extensions/golang.go-0.30.0/dist/goMain.js:12506:31
	at async Object.provideFoldingRanges (/home/aosderzhikov/.vscode/extensions/golang.go-0.30.0/dist/goMain.js:73136:24)
	at async ne.provideFoldingRanges (/usr/share/code/resources/app/out/vs/workbench/services/extensions/node/extensionHostProcess.js:95:107898)
[2021-12-29 13:15:11.376] [exthost] [error] [golang.go] provider FAILED
[2021-12-29 13:15:11.376] [exthost] [error] Canceled: Canceled
	at LanguageClient2.makeCancelError (/home/aosderzhikov/.vscode/extensions/golang.go-0.30.0/dist/goMain.js:12133:24)
	at LanguageClient2.handleFailedRequest (/home/aosderzhikov/.vscode/extensions/golang.go-0.30.0/dist/goMain.js:12124:24)
	at /home/aosderzhikov/.vscode/extensions/golang.go-0.30.0/dist/goMain.js:12506:31
	at async Object.provideFoldingRanges (/home/aosderzhikov/.vscode/extensions/golang.go-0.30.0/dist/goMain.js:73136:24)
	at async ne.provideFoldingRanges (/usr/share/code/resources/app/out/vs/workbench/services/extensions/node/extensionHostProcess.js:95:107898)
[2021-12-29 13:21:28.001] [exthost] [error] [golang.go] provider FAILED
[2021-12-29 13:21:28.001] [exthost] [error] Error: 77:12: expected '==', found '='
	at handleResponse (/home/aosderzhikov/.vscode/extensions/golang.go-0.30.0/dist/goMain.js:4366:40)
	at processMessageQueue (/home/aosderzhikov/.vscode/extensions/golang.go-0.30.0/dist/goMain.js:4204:13)
	at Immediate.<anonymous> (/home/aosderzhikov/.vscode/extensions/golang.go-0.30.0/dist/goMain.js:4190:11)
	at processImmediate (internal/timers.js:461:21)
[2021-12-29 13:23:40.318] [exthost] [error] [golang.go] provider FAILED
[2021-12-29 13:23:40.318] [exthost] [error] Error: no identifier found
	at handleResponse (/home/aosderzhikov/.vscode/extensions/golang.go-0.30.0/dist/goMain.js:4366:40)
	at processMessageQueue (/home/aosderzhikov/.vscode/extensions/golang.go-0.30.0/dist/goMain.js:4204:13)
	at Immediate.<anonymous> (/home/aosderzhikov/.vscode/extensions/golang.go-0.30.0/dist/goMain.js:4190:11)
	at processImmediate (internal/timers.js:461:21)
[2021-12-29 13:30:42.123] [exthost] [error] [golang.go] provider FAILED
[2021-12-29 13:30:42.123] [exthost] [error] Canceled: Canceled
	at LanguageClient2.makeCancelError (/home/aosderzhikov/.vscode/extensions/golang.go-0.30.0/dist/goMain.js:12133:24)
	at LanguageClient2.handleFailedRequest (/home/aosderzhikov/.vscode/extensions/golang.go-0.30.0/dist/goMain.js:12124:24)
	at /home/aosderzhikov/.vscode/extensions/golang.go-0.30.0/dist/goMain.js:12506:31
	at async Object.provideFoldingRanges (/home/aosderzhikov/.vscode/extensions/golang.go-0.30.0/dist/goMain.js:73136:24)
	at async ne.provideFoldingRanges (/usr/share/code/resources/app/out/vs/workbench/services/extensions/node/extensionHostProcess.js:95:107898)
[2021-12-29 13:31:00.553] [exthost] [error] [golang.go] provider FAILED
[2021-12-29 13:31:00.553] [exthost] [error] Canceled: Canceled
	at LanguageClient2.makeCancelError (/home/aosderzhikov/.vscode/extensions/golang.go-0.30.0/dist/goMain.js:12133:24)
	at LanguageClient2.handleFailedRequest (/home/aosderzhikov/.vscode/extensions/golang.go-0.30.0/dist/goMain.js:12124:24)
	at /home/aosderzhikov/.vscode/extensions/golang.go-0.30.0/dist/goMain.js:10483:31
	at async o.provideHover (/usr/share/code/resources/app/out/vs/workbench/services/extensions/node/extensionHostProcess.js:95:90908)
[2021-12-29 13:37:25.342] [exthost] [error] [golang.go] provider FAILED
[2021-12-29 13:37:25.342] [exthost] [error] Canceled: Canceled
	at LanguageClient2.makeCancelError (/home/aosderzhikov/.vscode/extensions/golang.go-0.30.0/dist/goMain.js:12133:24)
	at LanguageClient2.handleFailedRequest (/home/aosderzhikov/.vscode/extensions/golang.go-0.30.0/dist/goMain.js:12124:24)
	at /home/aosderzhikov/.vscode/extensions/golang.go-0.30.0/dist/goMain.js:10787:31
	at async T.provideCodeActions (/usr/share/code/resources/app/out/vs/workbench/services/extensions/node/extensionHostProcess.js:95:93216)
[2021-12-29 13:37:55.499] [exthost] [error] [golang.go] provider FAILED
[2021-12-29 13:37:55.499] [exthost] [error] Canceled: Canceled
	at LanguageClient2.makeCancelError (/home/aosderzhikov/.vscode/extensions/golang.go-0.30.0/dist/goMain.js:12133:24)
	at LanguageClient2.handleFailedRequest (/home/aosderzhikov/.vscode/extensions/golang.go-0.30.0/dist/goMain.js:12124:24)
	at /home/aosderzhikov/.vscode/extensions/golang.go-0.30.0/dist/goMain.js:12506:31
	at async Object.provideFoldingRanges (/home/aosderzhikov/.vscode/extensions/golang.go-0.30.0/dist/goMain.js:73136:24)
	at async ne.provideFoldingRanges (/usr/share/code/resources/app/out/vs/workbench/services/extensions/node/extensionHostProcess.js:95:107898)
[2021-12-29 13:42:43.181] [exthost] [error] [golang.go] provider FAILED
[2021-12-29 13:42:43.181] [exthost] [error] Error: 80:2: expected identifier on left side of :=
	at handleResponse (/home/aosderzhikov/.vscode/extensions/golang.go-0.30.0/dist/goMain.js:4366:40)
	at processMessageQueue (/home/aosderzhikov/.vscode/extensions/golang.go-0.30.0/dist/goMain.js:4204:13)
	at Immediate.<anonymous> (/home/aosderzhikov/.vscode/extensions/golang.go-0.30.0/dist/goMain.js:4190:11)
	at processImmediate (internal/timers.js:461:21)
[2021-12-29 13:43:34.772] [exthost] [error] [golang.go] provider FAILED
[2021-12-29 13:43:34.772] [exthost] [error] Error: 84:2: expected identifier on left side of :=
	at handleResponse (/home/aosderzhikov/.vscode/extensions/golang.go-0.30.0/dist/goMain.js:4366:40)
	at processMessageQueue (/home/aosderzhikov/.vscode/extensions/golang.go-0.30.0/dist/goMain.js:4204:13)
	at Immediate.<anonymous> (/home/aosderzhikov/.vscode/extensions/golang.go-0.30.0/dist/goMain.js:4190:11)
	at processImmediate (internal/timers.js:461:21)
[2021-12-29 13:43:49.584] [exthost] [error] [golang.go] provider FAILED
[2021-12-29 13:43:49.585] [exthost] [error] Canceled: Canceled
	at LanguageClient2.makeCancelError (/home/aosderzhikov/.vscode/extensions/golang.go-0.30.0/dist/goMain.js:12133:24)
	at LanguageClient2.handleFailedRequest (/home/aosderzhikov/.vscode/extensions/golang.go-0.30.0/dist/goMain.js:12124:24)
	at /home/aosderzhikov/.vscode/extensions/golang.go-0.30.0/dist/goMain.js:10787:31
	at async T.provideCodeActions (/usr/share/code/resources/app/out/vs/workbench/services/extensions/node/extensionHostProcess.js:95:93216)
[2021-12-29 13:44:49.877] [exthost] [error] [golang.go] provider FAILED
[2021-12-29 13:44:49.877] [exthost] [error] Canceled: Canceled
	at LanguageClient2.makeCancelError (/home/aosderzhikov/.vscode/extensions/golang.go-0.30.0/dist/goMain.js:12133:24)
	at LanguageClient2.handleFailedRequest (/home/aosderzhikov/.vscode/extensions/golang.go-0.30.0/dist/goMain.js:12124:24)
	at /home/aosderzhikov/.vscode/extensions/golang.go-0.30.0/dist/goMain.js:10624:31
	at async h.provideDocumentHighlights (/usr/share/code/resources/app/out/vs/workbench/services/extensions/node/extensionHostProcess.js:95:91846)
[2021-12-29 13:44:50.992] [exthost] [error] [golang.go] provider FAILED
[2021-12-29 13:44:50.992] [exthost] [error] Error: no identifier found
	at handleResponse (/home/aosderzhikov/.vscode/extensions/golang.go-0.30.0/dist/goMain.js:4366:40)
	at processMessageQueue (/home/aosderzhikov/.vscode/extensions/golang.go-0.30.0/dist/goMain.js:4204:13)
	at Immediate.<anonymous> (/home/aosderzhikov/.vscode/extensions/golang.go-0.30.0/dist/goMain.js:4190:11)
	at processImmediate (internal/timers.js:461:21)
[2021-12-29 13:45:23.313] [exthost] [error] [golang.go] provider FAILED
[2021-12-29 13:45:23.313] [exthost] [error] Error: no object found for ident byteList: no object found
	at handleResponse (/home/aosderzhikov/.vscode/extensions/golang.go-0.30.0/dist/goMain.js:4366:40)
	at processMessageQueue (/home/aosderzhikov/.vscode/extensions/golang.go-0.30.0/dist/goMain.js:4204:13)
	at Immediate.<anonymous> (/home/aosderzhikov/.vscode/extensions/golang.go-0.30.0/dist/goMain.js:4190:11)
	at processImmediate (internal/timers.js:461:21)
[2021-12-29 13:45:55.178] [exthost] [error] [golang.go] provider FAILED
[2021-12-29 13:45:55.179] [exthost] [error] Canceled: Canceled
	at LanguageClient2.makeCancelError (/home/aosderzhikov/.vscode/extensions/golang.go-0.30.0/dist/goMain.js:12133:24)
	at LanguageClient2.handleFailedRequest (/home/aosderzhikov/.vscode/extensions/golang.go-0.30.0/dist/goMain.js:12124:24)
	at /home/aosderzhikov/.vscode/extensions/golang.go-0.30.0/dist/goMain.js:12506:31
	at async Object.provideFoldingRanges (/home/aosderzhikov/.vscode/extensions/golang.go-0.30.0/dist/goMain.js:73136:24)
	at async ne.provideFoldingRanges (/usr/share/code/resources/app/out/vs/workbench/services/extensions/node/extensionHostProcess.js:95:107898)
[2021-12-29 13:50:11.124] [exthost] [error] [golang.go] provider FAILED
[2021-12-29 13:50:11.124] [exthost] [error] Error: no identifier found
	at handleResponse (/home/aosderzhikov/.vscode/extensions/golang.go-0.30.0/dist/goMain.js:4366:40)
	at processMessageQueue (/home/aosderzhikov/.vscode/extensions/golang.go-0.30.0/dist/goMain.js:4204:13)
	at Immediate.<anonymous> (/home/aosderzhikov/.vscode/extensions/golang.go-0.30.0/dist/goMain.js:4190:11)
	at processImmediate (internal/timers.js:461:21)
[2021-12-29 13:50:45.586] [exthost] [error] [golang.go] provider FAILED
[2021-12-29 13:50:45.586] [exthost] [error] Error: no identifier found
	at handleResponse (/home/aosderzhikov/.vscode/extensions/golang.go-0.30.0/dist/goMain.js:4366:40)
	at processMessageQueue (/home/aosderzhikov/.vscode/extensions/golang.go-0.30.0/dist/goMain.js:4204:13)
	at Immediate.<anonymous> (/home/aosderzhikov/.vscode/extensions/golang.go-0.30.0/dist/goMain.js:4190:11)
	at processImmediate (internal/timers.js:461:21)
[2021-12-29 14:14:49.588] [exthost] [error] [golang.go] provider FAILED
[2021-12-29 14:14:49.588] [exthost] [error] Canceled: Canceled
	at LanguageClient2.makeCancelError (/home/aosderzhikov/.vscode/extensions/golang.go-0.30.0/dist/goMain.js:12133:24)
	at LanguageClient2.handleFailedRequest (/home/aosderzhikov/.vscode/extensions/golang.go-0.30.0/dist/goMain.js:12124:24)
	at /home/aosderzhikov/.vscode/extensions/golang.go-0.30.0/dist/goMain.js:12506:31
	at async Object.provideFoldingRanges (/home/aosderzhikov/.vscode/extensions/golang.go-0.30.0/dist/goMain.js:73136:24)
	at async ne.provideFoldingRanges (/usr/share/code/resources/app/out/vs/workbench/services/extensions/node/extensionHostProcess.js:95:107898)
