[2021-12-23 17:29:09.009] [exthost] [info] Extension host with pid 25031 started
[2021-12-23 17:29:09.086] [exthost] [info] ExtensionService#_doActivateExtension vscode.microsoft-authentication, startup: false, activationEvent: 'onAuthenticationRequest:microsoft'
[2021-12-23 17:29:09.095] [exthost] [info] ExtensionService#_doActivateExtension vscode.debug-auto-launch, startup: true, activationEvent: '*'
[2021-12-23 17:29:09.098] [exthost] [info] ExtensionService#_doActivateExtension vscode.git-base, startup: true, activationEvent: '*', root cause: vscode.github
[2021-12-23 17:29:09.160] [exthost] [info] ExtensionService#_doActivateExtension vscode.git, startup: true, activationEvent: '*'
[2021-12-23 17:29:09.177] [exthost] [info] ExtensionService#_doActivateExtension vscode.github, startup: true, activationEvent: '*'
[2021-12-23 17:29:09.209] [exthost] [info] Eager extensions activated
[2021-12-23 17:29:09.238] [exthost] [info] ExtensionService#_doActivateExtension vscode.emmet, startup: false, activationEvent: 'onStartupFinished'
[2021-12-23 17:29:09.241] [exthost] [info] ExtensionService#_doActivateExtension vscode.merge-conflict, startup: false, activationEvent: 'onStartupFinished'
[2021-12-23 17:29:09.243] [exthost] [info] ExtensionService#_doActivateExtension vscode.github-authentication, startup: false, activationEvent: 'onAuthenticationRequest:github'
[2021-12-23 17:29:20.037] [exthost] [info] extension host terminating: renderer closed the socket
[2021-12-23 17:29:20.041] [exthost] [info] Extension host with pid 25031 exiting with code 0
[2021-12-23 17:29:21.526] [exthost] [info] Extension host with pid 25106 started
[2021-12-23 17:29:21.526] [exthost] [info] Skipping acquiring lock for /home/aosderzhikov/.config/Code/User/workspaceStorage/2095539c9317d1e4abd9cba395dd024b.
[2021-12-23 17:29:21.710] [exthost] [info] ExtensionService#_doActivateExtension vscode.microsoft-authentication, startup: false, activationEvent: 'onAuthenticationRequest:microsoft'
[2021-12-23 17:29:21.723] [exthost] [info] ExtensionService#_doActivateExtension vscode.debug-auto-launch, startup: true, activationEvent: '*'
[2021-12-23 17:29:21.727] [exthost] [info] ExtensionService#_doActivateExtension vscode.git-base, startup: true, activationEvent: '*', root cause: vscode.github
[2021-12-23 17:29:21.765] [exthost] [info] ExtensionService#_doActivateExtension vscode.github, startup: true, activationEvent: '*'
[2021-12-23 17:29:21.775] [exthost] [info] ExtensionService#_doActivateExtension golang.go, startup: true, activationEvent: 'workspaceContains:*.go,*/*.go,*/*/*.go'
[2021-12-23 17:29:21.853] [exthost] [info] Eager extensions activated
[2021-12-23 17:29:21.884] [exthost] [info] ExtensionService#_doActivateExtension vscode.github-authentication, startup: false, activationEvent: 'onAuthenticationRequest:github'
[2021-12-23 17:29:21.891] [exthost] [info] ExtensionService#_doActivateExtension vscode.emmet, startup: false, activationEvent: 'onStartupFinished'
[2021-12-23 17:29:21.896] [exthost] [info] ExtensionService#_doActivateExtension vscode.merge-conflict, startup: false, activationEvent: 'onStartupFinished'
[2021-12-23 17:29:22.077] [exthost] [info] ExtensionService#_doActivateExtension vscode.git, startup: false, activationEvent: 'api', root cause: vscode.github
[2021-12-23 18:25:13.629] [exthost] [error] [golang.go] provider FAILED
[2021-12-23 18:25:13.641] [exthost] [error] Error: no identifier found
	at handleResponse (/home/aosderzhikov/.vscode/extensions/golang.go-0.30.0/dist/goMain.js:4366:40)
	at processMessageQueue (/home/aosderzhikov/.vscode/extensions/golang.go-0.30.0/dist/goMain.js:4204:13)
	at Immediate.<anonymous> (/home/aosderzhikov/.vscode/extensions/golang.go-0.30.0/dist/goMain.js:4190:11)
	at processImmediate (internal/timers.js:461:21)
