[Info  - 07:45:33.914] Reading sessions from keychain...
[Info  - 07:45:33.979] Getting sessions for user:email...
[Error  - 07:45:33.983] Getting token failed: Error: Unknown or unsupported transport “disabled” for address “disabled:”
[Info  - 07:45:33.983] Got 0 sessions for user:email...
[Info  - 07:45:34.961] Getting sessions for all scopes...
[Info  - 07:45:34.961] Got 0 sessions for all scopes...
[Info  - 10:51:58.31] Getting sessions for repo,workflow...
[Info  - 10:51:58.31] Got 0 sessions for repo,workflow...
[Info  - 10:51:59.662] Logging in for the following scopes: repo workflow
[Trace  - 10:52:13.909] Handling Uri...
[Info  - 10:52:13.910] Exchanging code for token...
[Info  - 10:52:14.616] Token exchange success!
[Info  - 10:52:14.617] Getting user info...
[Info  - 10:52:15.151] Got account info!
[Info  - 10:52:15.152] Storing 1 sessions...
[Error  - 10:52:15.782] Setting token failed: Error: Unknown or unsupported transport “disabled” for address “disabled:”
[Info  - 10:52:23.201] Stored 1 sessions!
[Info  - 10:52:23.202] Login success!
[Info  - 10:52:23.209] Getting sessions for user:email...
[Info  - 10:52:23.210] Got 0 sessions for user:email...
