2021-12-27 12:41:40 Loading main app package /tmp/.mount_ObsidiwUNRBs/resources/obsidian.asar
2021-12-27 12:41:41 Checking for update using Github
2021-12-27 12:41:41 Success.
2021-12-27 12:41:41 Latest version is 0.13.14
2021-12-27 12:41:41 App is up to date.
2021-12-27 12:46:46 Loading main app package /tmp/.mount_ObsidiFlIgft/resources/obsidian.asar
2021-12-27 12:46:46 Checking for update using Github
2021-12-27 12:46:46 Success.
2021-12-27 12:46:46 Latest version is 0.13.14
2021-12-27 12:46:46 App is up to date.
2021-12-27 13:46:46 Checking for update using Github
2021-12-27 13:46:46 Success.
2021-12-27 13:46:46 Latest version is 0.13.14
2021-12-27 13:46:46 App is up to date.
2021-12-27 14:46:46 Checking for update using Github
2021-12-27 14:46:46 Success.
2021-12-27 14:46:46 Latest version is 0.13.14
2021-12-27 14:46:46 App is up to date.
2021-12-27 15:46:46 Checking for update using Github
2021-12-27 15:46:46 Success.
2021-12-27 15:46:46 Latest version is 0.13.14
2021-12-27 15:46:46 App is up to date.
