[Info  - 12:51:47 PM] 2021/12/28 12:51:47 go env for /home/aosderzhikov/go/src/regent
(root /home/aosderzhikov/go/src/regent)
(go version go version go1.17.5 linux/amd64)
(valid build configuration = true)
(build flags: [])
GOCACHE=/home/aosderzhikov/.cache/go-build
GONOPROXY=
GOPRIVATE=
GOROOT=/usr/local/go
GONOSUMDB=
GOPATH=/home/aosderzhikov/go
GOPROXY=https://proxy.golang.org,direct
GO111MODULE=
GOINSECURE=
GOMOD=/home/aosderzhikov/go/src/regent/go.mod
GOFLAGS=
GOMODCACHE=/home/aosderzhikov/go/pkg/mod
GOSUMDB=sum.golang.org


[Info  - 12:51:47 PM] 2021/12/28 12:51:47 go/packages.Load
	snapshot=0
	directory=/home/aosderzhikov/go/src/regent
	query=[builtin github.com/alexey-sderzhikov/regent/...]
	packages=4

[Info  - 12:51:48 PM] 2021/12/28 12:51:48 falling back to safe trimming due to type errors: [/usr/local/go/src/runtime/vdso_linux.go:55:38: invalid operation: division by zero /usr/local/go/src/runtime/vdso_linux.go:56:38: invalid operation: division by zero] or still-missing identifiers: map[memRecordCycle:true pageBits:true]
	package="runtime"

[Info  - 12:51:48 PM] 2021/12/28 12:51:48 discovered missing identifiers: map[options:true]
	package="vendor/golang.org/x/text/unicode/bidi"

[Info  - 12:51:48 PM] 2021/12/28 12:51:48 discovered missing identifiers: map[cpuMask:true]
	package="golang.org/x/sys/unix"

[Info  - 12:51:48 PM] 2021/12/28 12:51:48 discovered missing identifiers: map[whitespace:true]
	package="github.com/charmbracelet/lipgloss"

[Info  - 12:56:22 PM] 2021/12/28 12:56:22 background imports cache refresh starting

[Info  - 12:56:22 PM] 2021/12/28 12:56:22 background refresh finished after 359.981769ms

[Error - 12:56:39 PM] 2021/12/28 12:56:39 imports fixes: AllImportsFixes: /home/aosderzhikov/go/src/regent/restapi/model.go:4:20: expected ';', found '[' (and 2 more errors)
	file="/home/aosderzhikov/go/src/regent/restapi/model.go"

[Info  - 12:56:52 PM] 2021/12/28 12:56:52 background imports cache refresh starting

[Info  - 12:56:52 PM] 2021/12/28 12:56:52 background refresh finished after 26.448479ms

[Error - 12:57:15 PM] 2021/12/28 12:57:15 imports fixes: AllImportsFixes: /home/aosderzhikov/go/src/regent/restapi/model.go:3:20: expected '{', found `json:"id"` (and 2 more errors)
	file="/home/aosderzhikov/go/src/regent/restapi/model.go"

[Info  - 12:57:23 PM] 2021/12/28 12:57:23 background imports cache refresh starting

[Info  - 12:57:23 PM] 2021/12/28 12:57:23 background refresh finished after 19.414454ms

[Error - 12:57:24 PM] 2021/12/28 12:57:24 imports fixes: AllImportsFixes: /home/aosderzhikov/go/src/regent/restapi/model.go:11:21: expected ';', found '' (and 3 more errors)
	file="/home/aosderzhikov/go/src/regent/restapi/model.go"

[Error - 12:57:25 PM] 2021/12/28 12:57:25 imports fixes: AllImportsFixes: /home/aosderzhikov/go/src/regent/restapi/model.go:11:21: expected ';', found 'json' (and 3 more errors)
	file="/home/aosderzhikov/go/src/regent/restapi/model.go"

[Error - 12:57:51 PM] Request textDocument/definition failed.
  Message: no identifier found
  Code: 0 
[Info  - 12:57:57 PM] 2021/12/28 12:57:57 background imports cache refresh starting

[Info  - 12:57:58 PM] 2021/12/28 12:57:58 background refresh finished after 25.998097ms

[Info  - 12:58:28 PM] 2021/12/28 12:58:28 background imports cache refresh starting

[Info  - 12:58:28 PM] 2021/12/28 12:58:28 background refresh finished after 31.111121ms

[Info  - 12:58:59 PM] 2021/12/28 12:58:59 background imports cache refresh starting

[Info  - 12:58:59 PM] 2021/12/28 12:58:59 background refresh finished after 23.937955ms

[Info  - 1:04:05 PM] 2021/12/28 13:04:05 background imports cache refresh starting

[Info  - 1:04:05 PM] 2021/12/28 13:04:05 background refresh finished after 42.703344ms

[Error - 1:04:10 PM] 2021/12/28 13:04:10 no signature help: no signature help within a string literal
	position={2 8}

[Error - 1:04:10 PM] 2021/12/28 13:04:10 imports fixes: AllImportsFixes: /home/aosderzhikov/go/src/regent/cli/view.go:5:1: expected 'STRING', found 'func' (and 31 more errors)
	file="/home/aosderzhikov/go/src/regent/cli/view.go"

[Error - 1:04:11 PM] 2021/12/28 13:04:11 imports fixes: AllImportsFixes: /home/aosderzhikov/go/src/regent/cli/view.go:6:1: expected 'STRING', found 'func' (and 31 more errors)
	file="/home/aosderzhikov/go/src/regent/cli/view.go"

[Error - 1:04:11 PM] 2021/12/28 13:04:11 imports fixes: AllImportsFixes: /home/aosderzhikov/go/src/regent/cli/view.go:6:1: expected 'STRING', found 'func' (and 31 more errors)
	file="/home/aosderzhikov/go/src/regent/cli/view.go"

[Error - 1:04:12 PM] 2021/12/28 13:04:12 imports fixes: AllImportsFixes: /home/aosderzhikov/go/src/regent/cli/view.go:6:1: expected 'STRING', found 'func' (and 31 more errors)
	file="/home/aosderzhikov/go/src/regent/cli/view.go"

[Error - 1:04:13 PM] 2021/12/28 13:04:13 imports fixes: AllImportsFixes: /home/aosderzhikov/go/src/regent/cli/view.go:5:7: expected 'STRING', found ':' (and 31 more errors)
	file="/home/aosderzhikov/go/src/regent/cli/view.go"

[Error - 1:04:14 PM] 2021/12/28 13:04:14 imports fixes: AllImportsFixes: /home/aosderzhikov/go/src/regent/cli/view.go:5:7: expected 'STRING', found ':' (and 31 more errors)
	file="/home/aosderzhikov/go/src/regent/cli/view.go"

[Error - 1:04:15 PM] 2021/12/28 13:04:15 imports fixes: AllImportsFixes: /home/aosderzhikov/go/src/regent/cli/view.go:5:7: expected 'STRING', found ':' (and 31 more errors)
	file="/home/aosderzhikov/go/src/regent/cli/view.go"

[Error - 1:04:15 PM] 2021/12/28 13:04:15 imports fixes: AllImportsFixes: /home/aosderzhikov/go/src/regent/cli/view.go:5:7: expected 'STRING', found ':' (and 31 more errors)
	file="/home/aosderzhikov/go/src/regent/cli/view.go"

[Error - 1:04:16 PM] 2021/12/28 13:04:16 imports fixes: AllImportsFixes: /home/aosderzhikov/go/src/regent/cli/view.go:5:7: expected 'STRING', found ':' (and 31 more errors)
	file="/home/aosderzhikov/go/src/regent/cli/view.go"

[Error - 1:04:16 PM] 2021/12/28 13:04:16 imports fixes: AllImportsFixes: /home/aosderzhikov/go/src/regent/cli/view.go:5:7: expected 'STRING', found ':' (and 31 more errors)
	file="/home/aosderzhikov/go/src/regent/cli/view.go"

[Error - 1:04:17 PM] 2021/12/28 13:04:17 imports fixes: AllImportsFixes: /home/aosderzhikov/go/src/regent/cli/view.go:5:7: expected 'STRING', found ':' (and 31 more errors)
	file="/home/aosderzhikov/go/src/regent/cli/view.go"

[Error - 1:04:17 PM] 2021/12/28 13:04:17 imports fixes: AllImportsFixes: /home/aosderzhikov/go/src/regent/cli/view.go:5:7: expected 'STRING', found ':' (and 31 more errors)
	file="/home/aosderzhikov/go/src/regent/cli/view.go"

[Error - 1:04:18 PM] 2021/12/28 13:04:18 imports fixes: AllImportsFixes: /home/aosderzhikov/go/src/regent/cli/view.go:5:7: expected 'STRING', found ':' (and 31 more errors)
	file="/home/aosderzhikov/go/src/regent/cli/view.go"

[Error - 1:04:18 PM] 2021/12/28 13:04:18 imports fixes: AllImportsFixes: /home/aosderzhikov/go/src/regent/cli/view.go:5:7: expected 'STRING', found ':' (and 31 more errors)
	file="/home/aosderzhikov/go/src/regent/cli/view.go"

[Error - 1:04:18 PM] 2021/12/28 13:04:18 imports fixes: AllImportsFixes: /home/aosderzhikov/go/src/regent/cli/view.go:5:7: expected 'STRING', found ':' (and 31 more errors)
	file="/home/aosderzhikov/go/src/regent/cli/view.go"

[Error - 1:04:19 PM] 2021/12/28 13:04:19 imports fixes: AllImportsFixes: /home/aosderzhikov/go/src/regent/cli/view.go:5:7: expected 'STRING', found ':' (and 31 more errors)
	file="/home/aosderzhikov/go/src/regent/cli/view.go"

[Error - 1:04:19 PM] 2021/12/28 13:04:19 imports fixes: AllImportsFixes: /home/aosderzhikov/go/src/regent/cli/view.go:5:7: expected 'STRING', found ':' (and 31 more errors)
	file="/home/aosderzhikov/go/src/regent/cli/view.go"

[Error - 1:04:20 PM] 2021/12/28 13:04:20 imports fixes: AllImportsFixes: /home/aosderzhikov/go/src/regent/cli/view.go:5:7: expected 'STRING', found ':' (and 31 more errors)
	file="/home/aosderzhikov/go/src/regent/cli/view.go"

[Info  - 1:04:20 PM] 2021/12/28 13:04:20 go/packages.Load
	snapshot=172
	directory=/home/aosderzhikov/go/src/regent
	query=[file=/home/aosderzhikov/go/src/regent/cli/view.go]
	packages=1

[Info  - 1:04:20 PM] 2021/12/28 13:04:20 go/packages.Load
	snapshot=172
	package="github.com/alexey-sderzhikov/regent/cli"
	files=[/home/aosderzhikov/go/src/regent/cli/cli.go /home/aosderzhikov/go/src/regent/cli/model.go /home/aosderzhikov/go/src/regent/cli/update.go /home/aosderzhikov/go/src/regent/cli/view.go]

[Error - 1:04:20 PM] 2021/12/28 13:04:20 imports fixes: AllImportsFixes: /home/aosderzhikov/go/src/regent/cli/view.go:7:1: expected 'STRING', found 'func' (and 31 more errors)
	file="/home/aosderzhikov/go/src/regent/cli/view.go"

[Info  - 1:04:20 PM] 2021/12/28 13:04:20 go/packages.Load
	snapshot=172
	directory=/home/aosderzhikov/go/src/regent
	query=[github.com/alexey-sderzhikov/regent]
	packages=1

[Info  - 1:04:20 PM] 2021/12/28 13:04:20 go/packages.Load
	snapshot=172
	package="github.com/alexey-sderzhikov/regent"
	files=[/home/aosderzhikov/go/src/regent/main.go]

[Error - 1:04:21 PM] 2021/12/28 13:04:21 imports fixes: AllImportsFixes: /home/aosderzhikov/go/src/regent/cli/view.go:7:1: expected 'STRING', found 'func' (and 31 more errors)
	file="/home/aosderzhikov/go/src/regent/cli/view.go"

[Error - 1:04:23 PM] 2021/12/28 13:04:23 imports fixes: AllImportsFixes: /home/aosderzhikov/go/src/regent/cli/view.go:6:1: expected 'STRING', found '}' (and 32 more errors)
	file="/home/aosderzhikov/go/src/regent/cli/view.go"

[Error - 1:04:23 PM] 2021/12/28 13:04:23 imports fixes: AllImportsFixes: /home/aosderzhikov/go/src/regent/cli/view.go:6:1: expected 'STRING', found '}' (and 32 more errors)
	file="/home/aosderzhikov/go/src/regent/cli/view.go"

[Error - 1:04:23 PM] Request textDocument/formatting failed.
  Message: 6:1: expected 'STRING', found '}' (and 10 more errors)
  Code: 0 
[Error - 1:04:24 PM] 2021/12/28 13:04:24 imports fixes: AllImportsFixes: /home/aosderzhikov/go/src/regent/cli/view.go:6:1: expected 'STRING', found '}' (and 32 more errors)
	file="/home/aosderzhikov/go/src/regent/cli/view.go"

[Error - 1:04:26 PM] 2021/12/28 13:04:26 imports fixes: AllImportsFixes: /home/aosderzhikov/go/src/regent/cli/view.go:6:1: expected 'STRING', found '}' (and 32 more errors)
	file="/home/aosderzhikov/go/src/regent/cli/view.go"

[Error - 1:04:27 PM] 2021/12/28 13:04:27 imports fixes: AllImportsFixes: /home/aosderzhikov/go/src/regent/cli/view.go:6:1: expected 'STRING', found '}' (and 32 more errors)
	file="/home/aosderzhikov/go/src/regent/cli/view.go"

[Error - 1:04:33 PM] Request textDocument/definition failed.
  Message: no imported package for github.com/charmbracelet/lipgloss
  Code: 0 
[Info  - 1:04:38 PM] 2021/12/28 13:04:38 background imports cache refresh starting

[Info  - 1:04:38 PM] 2021/12/28 13:04:38 background refresh finished after 27.545942ms

[Info  - 1:04:45 PM] 2021/12/28 13:04:45 go/packages.Load
	snapshot=185
	directory=/home/aosderzhikov/go/src/regent
	query=[builtin github.com/alexey-sderzhikov/regent/...]
	packages=4

[Info  - 1:04:45 PM] 2021/12/28 13:04:45 discovered missing identifiers: map[whitespace:true]
	package="github.com/charmbracelet/lipgloss"

[Info  - 1:05:15 PM] 2021/12/28 13:05:15 background imports cache refresh starting

[Info  - 1:05:15 PM] 2021/12/28 13:05:15 background refresh finished after 28.596048ms

[Error - 1:06:47 PM] 2021/12/28 13:06:47 imports fixes: AllImportsFixes: /home/aosderzhikov/go/src/regent/cli/view.go:25:4: expected ';', found fmt
	file="/home/aosderzhikov/go/src/regent/cli/view.go"

[Info  - 1:06:55 PM] 2021/12/28 13:06:55 background imports cache refresh starting

[Info  - 1:06:55 PM] 2021/12/28 13:06:55 background refresh finished after 27.690099ms

[Error - 1:07:01 PM] 2021/12/28 13:07:01 unable to compute positions for type errors: no parsed file for  in github.com/alexey-sderzhikov/regent/cli
	package="github.com/alexey-sderzhikov/regent/cli"

[Error - 1:07:01 PM] 2021/12/28 13:07:01 imports fixes: AllImportsFixes: /home/aosderzhikov/go/src/regent/cli/view.go:25:56: string literal not terminated (and 43 more errors)
	file="/home/aosderzhikov/go/src/regent/cli/view.go"

[Error - 1:07:01 PM] 2021/12/28 13:07:01 DocumentSymbols failed: invalid pos
	URI=file:///home/aosderzhikov/go/src/regent/cli/view.go

[Error - 1:07:05 PM] 2021/12/28 13:07:05 imports fixes: AllImportsFixes: /home/aosderzhikov/go/src/regent/cli/view.go:25:58: unknown escape sequence
	file="/home/aosderzhikov/go/src/regent/cli/view.go"

[Info  - 1:07:29 PM] 2021/12/28 13:07:29 background imports cache refresh starting

[Info  - 1:07:29 PM] 2021/12/28 13:07:29 background refresh finished after 24.758923ms

[Info  - 1:09:20 PM] 2021/12/28 13:09:20 background imports cache refresh starting

[Info  - 1:09:20 PM] 2021/12/28 13:09:20 background refresh finished after 27.11072ms

[Error - 1:09:24 PM] Request textDocument/codeAction failed.
  Message: context canceled
  Code: 0 
[Info  - 1:09:51 PM] 2021/12/28 13:09:51 background imports cache refresh starting

[Info  - 1:09:52 PM] 2021/12/28 13:09:52 background refresh finished after 27.374511ms

[Error - 1:10:07 PM] Request textDocument/definition failed.
  Message: no identifier found
  Code: 0 
[Error - 1:10:11 PM] 2021/12/28 13:10:11 no completions found: this is a definition of var s github.com/charmbracelet/lipgloss.Border
	position={24 6}

[Error - 1:10:12 PM] 2021/12/28 13:10:12 no completions found: this is a definition of var styp github.com/charmbracelet/lipgloss.Border
	position={24 9}

[Error - 1:10:13 PM] 2021/12/28 13:10:13 no completions found: this is a definition of var b github.com/charmbracelet/lipgloss.Border
	position={24 6}

[Error - 1:10:13 PM] 2021/12/28 13:10:13 no completions found: this is a definition of var bor github.com/charmbracelet/lipgloss.Border
	position={24 8}

[Error - 1:10:19 PM] 2021/12/28 13:10:19 unable to compute positions for type errors: no parsed file for  in github.com/alexey-sderzhikov/regent/cli
	package="github.com/alexey-sderzhikov/regent/cli"

[Info  - 1:10:37 PM] 2021/12/28 13:10:37 background imports cache refresh starting

[Info  - 1:10:37 PM] 2021/12/28 13:10:37 background refresh finished after 26.717084ms

[Error - 1:10:45 PM] 2021/12/28 13:10:45 no completions found: this is a definition of var s invalid type
	position={34 6}

[Error - 1:10:45 PM] 2021/12/28 13:10:45 imports fixes: AllImportsFixes: /home/aosderzhikov/go/src/regent/cli/view.go:35:6: missing variable type or initialization
	file="/home/aosderzhikov/go/src/regent/cli/view.go"

[Error - 1:10:46 PM] 2021/12/28 13:10:46 no completions found: this is a definition of var st invalid type
	position={34 7}

[Error - 1:10:46 PM] 2021/12/28 13:10:46 imports fixes: AllImportsFixes: /home/aosderzhikov/go/src/regent/cli/view.go:35:6: missing variable type or initialization
	file="/home/aosderzhikov/go/src/regent/cli/view.go"

[Error - 1:10:47 PM] 2021/12/28 13:10:47 no completions found: this is a definition of var styl invalid type
	position={34 9}

[Error - 1:10:47 PM] 2021/12/28 13:10:47 no completions found: this is a definition of var style invalid type
	position={34 10}

[Error - 1:10:49 PM] 2021/12/28 13:10:49 imports fixes: AllImportsFixes: /home/aosderzhikov/go/src/regent/cli/view.go:35:6: missing variable type or initialization (and 1 more errors)
	file="/home/aosderzhikov/go/src/regent/cli/view.go"

[Error - 1:10:49 PM] 2021/12/28 13:10:49 imports fixes: AllImportsFixes: /home/aosderzhikov/go/src/regent/cli/view.go:35:6: missing variable type or initialization (and 1 more errors)
	file="/home/aosderzhikov/go/src/regent/cli/view.go"

[Error - 1:10:53 PM] 2021/12/28 13:10:53 imports fixes: AllImportsFixes: /home/aosderzhikov/go/src/regent/cli/view.go:37:4: expected ';', found ':='
	file="/home/aosderzhikov/go/src/regent/cli/view.go"

[Error - 1:10:56 PM] 2021/12/28 13:10:56 imports fixes: AllImportsFixes: /home/aosderzhikov/go/src/regent/cli/view.go:37:4: expected ';', found ':='
	file="/home/aosderzhikov/go/src/regent/cli/view.go"

[Error - 1:10:57 PM] 2021/12/28 13:10:57 no signature help: cannot find an enclosing function
	position={34 32}

[Error - 1:10:59 PM] 2021/12/28 13:10:59 imports fixes: AllImportsFixes: /home/aosderzhikov/go/src/regent/cli/view.go:37:4: expected ';', found ':='
	file="/home/aosderzhikov/go/src/regent/cli/view.go"

[Info  - 1:11:12 PM] 2021/12/28 13:11:12 background imports cache refresh starting

[Info  - 1:11:12 PM] 2021/12/28 13:11:12 background refresh finished after 37.46779ms

[Error - 1:11:22 PM] Request textDocument/codeAction failed.
  Message: context canceled
  Code: 0 
[Info  - 1:11:43 PM] 2021/12/28 13:11:43 background imports cache refresh starting

[Info  - 1:11:43 PM] 2021/12/28 13:11:43 background refresh finished after 24.734226ms

[Info  - 1:12:13 PM] 2021/12/28 13:12:13 background imports cache refresh starting

[Info  - 1:12:13 PM] 2021/12/28 13:12:13 background refresh finished after 21.734054ms

[Info  - 1:12:45 PM] 2021/12/28 13:12:45 background imports cache refresh starting

[Info  - 1:12:45 PM] 2021/12/28 13:12:45 background refresh finished after 29.075369ms

[Info  - 1:15:24 PM] 2021/12/28 13:15:24 background imports cache refresh starting

[Info  - 1:15:25 PM] 2021/12/28 13:15:25 background refresh finished after 30.659155ms

[Error - 1:15:37 PM] 2021/12/28 13:15:37 imports fixes: AllImportsFixes: /home/aosderzhikov/go/src/regent/cli/view.go:38:8: expected ';', found "\nBergen Projects\n"
	file="/home/aosderzhikov/go/src/regent/cli/view.go"

[Error - 1:15:38 PM] 2021/12/28 13:15:38 imports fixes: AllImportsFixes: /home/aosderzhikov/go/src/regent/cli/view.go:38:10: expected ';', found y
	file="/home/aosderzhikov/go/src/regent/cli/view.go"

[Error - 1:15:43 PM] 2021/12/28 13:15:43 imports fixes: AllImportsFixes: /home/aosderzhikov/go/src/regent/cli/view.go:38:8: expected ';', found "\nBergen Projects\n"
	file="/home/aosderzhikov/go/src/regent/cli/view.go"

[Error - 1:15:44 PM] 2021/12/28 13:15:44 imports fixes: AllImportsFixes: /home/aosderzhikov/go/src/regent/cli/view.go:38:9: expected ';', found "\nBergen Projects\n"
	file="/home/aosderzhikov/go/src/regent/cli/view.go"

[Error - 1:15:44 PM] 2021/12/28 13:15:44 imports fixes: AllImportsFixes: /home/aosderzhikov/go/src/regent/cli/view.go:38:8: expected ';', found "\nBergen Projects\n"
	file="/home/aosderzhikov/go/src/regent/cli/view.go"

[Error - 1:15:46 PM] 2021/12/28 13:15:46 imports fixes: AllImportsFixes: /home/aosderzhikov/go/src/regent/cli/view.go:38:10: expected ';', found "\nBergen Projects\n"
	file="/home/aosderzhikov/go/src/regent/cli/view.go"

[Error - 1:15:46 PM] 2021/12/28 13:15:46 imports fixes: AllImportsFixes: /home/aosderzhikov/go/src/regent/cli/view.go:38:12: expected ';', found "\nBergen Projects\n"
	file="/home/aosderzhikov/go/src/regent/cli/view.go"

[Error - 1:15:47 PM] 2021/12/28 13:15:47 imports fixes: AllImportsFixes: /home/aosderzhikov/go/src/regent/cli/view.go:38:14: expected ';', found "\nBergen Projects\n"
	file="/home/aosderzhikov/go/src/regent/cli/view.go"

[Error - 1:15:48 PM] 2021/12/28 13:15:48 imports fixes: AllImportsFixes: /home/aosderzhikov/go/src/regent/cli/view.go:38:21: expected ';', found "\nBergen Projects\n"
	file="/home/aosderzhikov/go/src/regent/cli/view.go"

[Error - 1:15:49 PM] 2021/12/28 13:15:49 imports fixes: AllImportsFixes: /home/aosderzhikov/go/src/regent/cli/view.go:38:21: expected ';', found "\nBergen Projects\n"
	file="/home/aosderzhikov/go/src/regent/cli/view.go"

[Error - 1:15:50 PM] 2021/12/28 13:15:50 imports fixes: AllImportsFixes: /home/aosderzhikov/go/src/regent/cli/view.go:38:21: expected ';', found "\nBergen Projects\n"
	file="/home/aosderzhikov/go/src/regent/cli/view.go"

[Error - 1:15:50 PM] 2021/12/28 13:15:50 imports fixes: AllImportsFixes: /home/aosderzhikov/go/src/regent/cli/view.go:38:21: expected ';', found "\nBergen Projects\n"
	file="/home/aosderzhikov/go/src/regent/cli/view.go"

[Error - 1:15:51 PM] 2021/12/28 13:15:51 imports fixes: AllImportsFixes: /home/aosderzhikov/go/src/regent/cli/view.go:38:21: expected ';', found "\nBergen Projects\n"
	file="/home/aosderzhikov/go/src/regent/cli/view.go"

[Info  - 1:16:01 PM] 2021/12/28 13:16:01 background imports cache refresh starting

[Info  - 1:16:01 PM] 2021/12/28 13:16:01 background refresh finished after 26.942598ms

[Error - 1:16:17 PM] Request textDocument/definition failed.
  Message: no identifier found
  Code: 0 
[Error - 1:16:33 PM] 2021/12/28 13:16:33 unable to compute positions for type errors: no parsed file for  in github.com/alexey-sderzhikov/regent/cli
	package="github.com/alexey-sderzhikov/regent/cli"

[Info  - 1:16:46 PM] 2021/12/28 13:16:46 background imports cache refresh starting

[Info  - 1:16:46 PM] 2021/12/28 13:16:46 background refresh finished after 25.591857ms

[Error - 1:16:57 PM] 2021/12/28 13:16:57 imports fixes: AllImportsFixes: /home/aosderzhikov/go/src/regent/cli/view.go:39:2: expected ';', found 'for' (and 1 more errors)
	file="/home/aosderzhikov/go/src/regent/cli/view.go"

[Error - 1:16:58 PM] 2021/12/28 13:16:58 imports fixes: AllImportsFixes: /home/aosderzhikov/go/src/regent/cli/view.go:39:2: expected ';', found 'for' (and 1 more errors)
	file="/home/aosderzhikov/go/src/regent/cli/view.go"

[Info  - 1:17:26 PM] 2021/12/28 13:17:26 background imports cache refresh starting

[Info  - 1:17:26 PM] 2021/12/28 13:17:26 background refresh finished after 26.351112ms

[Error - 1:17:27 PM] 2021/12/28 13:17:27 imports fixes: AllImportsFixes: /home/aosderzhikov/go/src/regent/cli/view.go:37:4: expected ';', found ':='
	file="/home/aosderzhikov/go/src/regent/cli/view.go"

[Error - 1:17:33 PM] 2021/12/28 13:17:33 no signature help: cannot find an enclosing function
	position={34 65}

[Info  - 1:17:56 PM] 2021/12/28 13:17:56 background imports cache refresh starting

[Info  - 1:17:56 PM] 2021/12/28 13:17:56 background refresh finished after 31.209614ms

[Error - 1:18:15 PM] 2021/12/28 13:18:15 imports fixes: AllImportsFixes: /home/aosderzhikov/go/src/regent/cli/view.go:37:4: expected ';', found ':='
	file="/home/aosderzhikov/go/src/regent/cli/view.go"

[Info  - 1:18:45 PM] 2021/12/28 13:18:45 background imports cache refresh starting

[Info  - 1:18:45 PM] 2021/12/28 13:18:45 background refresh finished after 30.367115ms

[Error - 1:18:50 PM] 2021/12/28 13:18:50 imports fixes: AllImportsFixes: /home/aosderzhikov/go/src/regent/cli/view.go:37:4: expected ';', found ':='
	file="/home/aosderzhikov/go/src/regent/cli/view.go"

[Error - 1:19:02 PM] 2021/12/28 13:19:02 imports fixes: AllImportsFixes: /home/aosderzhikov/go/src/regent/cli/view.go:38:7: string literal not terminated
	file="/home/aosderzhikov/go/src/regent/cli/view.go"

[Info  - 1:19:19 PM] 2021/12/28 13:19:19 background imports cache refresh starting

[Info  - 1:19:19 PM] 2021/12/28 13:19:19 background refresh finished after 40.248314ms

[Error - 1:19:21 PM] 2021/12/28 13:19:21 imports fixes: AllImportsFixes: /home/aosderzhikov/go/src/regent/cli/view.go:36:2: expected statement, found '.'
	file="/home/aosderzhikov/go/src/regent/cli/view.go"

[Error - 1:19:23 PM] 2021/12/28 13:19:23 imports fixes: AllImportsFixes: /home/aosderzhikov/go/src/regent/cli/view.go:36:1: expected statement, found '.'
	file="/home/aosderzhikov/go/src/regent/cli/view.go"

[Info  - 1:19:50 PM] 2021/12/28 13:19:50 background imports cache refresh starting

[Info  - 1:19:50 PM] 2021/12/28 13:19:50 background refresh finished after 31.364647ms

[Error - 1:20:48 PM] 2021/12/28 13:20:48 imports fixes: AllImportsFixes: /home/aosderzhikov/go/src/regent/cli/view.go:39:19: expected ';', found Bold
	file="/home/aosderzhikov/go/src/regent/cli/view.go"

[Error - 1:20:49 PM] 2021/12/28 13:20:49 imports fixes: AllImportsFixes: /home/aosderzhikov/go/src/regent/cli/view.go:39:19: expected ';', found Bold
	file="/home/aosderzhikov/go/src/regent/cli/view.go"

[Error - 1:20:50 PM] 2021/12/28 13:20:50 imports fixes: AllImportsFixes: /home/aosderzhikov/go/src/regent/cli/view.go:39:19: expected ';', found Bold
	file="/home/aosderzhikov/go/src/regent/cli/view.go"

[Error - 1:20:50 PM] 2021/12/28 13:20:50 imports fixes: AllImportsFixes: /home/aosderzhikov/go/src/regent/cli/view.go:39:19: expected ';', found Bold
	file="/home/aosderzhikov/go/src/regent/cli/view.go"

[Error - 1:20:51 PM] 2021/12/28 13:20:51 imports fixes: AllImportsFixes: /home/aosderzhikov/go/src/regent/cli/view.go:40:3: expected identifier on left side of :=
	file="/home/aosderzhikov/go/src/regent/cli/view.go"

[Error - 1:20:52 PM] 2021/12/28 13:20:52 imports fixes: AllImportsFixes: /home/aosderzhikov/go/src/regent/cli/view.go:43:4: expected ';', found ':='
	file="/home/aosderzhikov/go/src/regent/cli/view.go"

[Error - 1:20:53 PM] 2021/12/28 13:20:53 imports fixes: AllImportsFixes: /home/aosderzhikov/go/src/regent/cli/view.go:43:4: expected ';', found ':='
	file="/home/aosderzhikov/go/src/regent/cli/view.go"

[Error - 1:20:54 PM] 2021/12/28 13:20:54 imports fixes: AllImportsFixes: /home/aosderzhikov/go/src/regent/cli/view.go:41:42: expected '==', found '=' (and 1 more errors)
	file="/home/aosderzhikov/go/src/regent/cli/view.go"

[Info  - 1:21:17 PM] 2021/12/28 13:21:17 background imports cache refresh starting

[Info  - 1:21:17 PM] 2021/12/28 13:21:17 background refresh finished after 30.132359ms

[Error - 1:21:56 PM] 2021/12/28 13:21:56 imports fixes: AllImportsFixes: /home/aosderzhikov/go/src/regent/cli/view.go:49:35: expected ';', found ">" (and 2 more errors)
	file="/home/aosderzhikov/go/src/regent/cli/view.go"

[Error - 1:21:57 PM] 2021/12/28 13:21:57 imports fixes: AllImportsFixes: /home/aosderzhikov/go/src/regent/cli/view.go:49:35: expected ';', found ">" (and 2 more errors)
	file="/home/aosderzhikov/go/src/regent/cli/view.go"

[Error - 1:21:58 PM] 2021/12/28 13:21:58 imports fixes: AllImportsFixes: /home/aosderzhikov/go/src/regent/cli/view.go:49:37: expected ';', found ">" (and 2 more errors)
	file="/home/aosderzhikov/go/src/regent/cli/view.go"

[Error - 1:21:59 PM] 2021/12/28 13:21:59 imports fixes: AllImportsFixes: /home/aosderzhikov/go/src/regent/cli/view.go:49:38: expected ';', found ">" (and 2 more errors)
	file="/home/aosderzhikov/go/src/regent/cli/view.go"

[Error - 1:22:00 PM] 2021/12/28 13:22:00 imports fixes: AllImportsFixes: /home/aosderzhikov/go/src/regent/cli/view.go:49:38: expected ';', found ">" (and 2 more errors)
	file="/home/aosderzhikov/go/src/regent/cli/view.go"

[Error - 1:22:00 PM] 2021/12/28 13:22:00 imports fixes: AllImportsFixes: /home/aosderzhikov/go/src/regent/cli/view.go:49:37: expected ';', found ">" (and 2 more errors)
	file="/home/aosderzhikov/go/src/regent/cli/view.go"

[Error - 1:22:01 PM] 2021/12/28 13:22:01 imports fixes: AllImportsFixes: /home/aosderzhikov/go/src/regent/cli/view.go:49:37: expected ';', found ">" (and 2 more errors)
	file="/home/aosderzhikov/go/src/regent/cli/view.go"

[Error - 1:22:01 PM] 2021/12/28 13:22:01 imports fixes: AllImportsFixes: /home/aosderzhikov/go/src/regent/cli/view.go:49:35: expected ';', found ">" (and 2 more errors)
	file="/home/aosderzhikov/go/src/regent/cli/view.go"

[Error - 1:22:07 PM] 2021/12/28 13:22:07 imports fixes: AllImportsFixes: /home/aosderzhikov/go/src/regent/cli/view.go:49:35: expected ';', found ">" (and 2 more errors)
	file="/home/aosderzhikov/go/src/regent/cli/view.go"

[Error - 1:22:08 PM] 2021/12/28 13:22:08 imports fixes: AllImportsFixes: /home/aosderzhikov/go/src/regent/cli/view.go:49:35: expected ';', found ">" (and 2 more errors)
	file="/home/aosderzhikov/go/src/regent/cli/view.go"

[Error - 1:22:08 PM] 2021/12/28 13:22:08 imports fixes: AllImportsFixes: /home/aosderzhikov/go/src/regent/cli/view.go:49:35: expected ';', found ">" (and 2 more errors)
	file="/home/aosderzhikov/go/src/regent/cli/view.go"

[Error - 1:22:08 PM] 2021/12/28 13:22:08 imports fixes: AllImportsFixes: /home/aosderzhikov/go/src/regent/cli/view.go:49:35: expected ';', found ">" (and 2 more errors)
	file="/home/aosderzhikov/go/src/regent/cli/view.go"

[Error - 1:22:08 PM] 2021/12/28 13:22:08 imports fixes: AllImportsFixes: /home/aosderzhikov/go/src/regent/cli/view.go:49:35: expected ';', found ">" (and 2 more errors)
	file="/home/aosderzhikov/go/src/regent/cli/view.go"

[Error - 1:22:10 PM] 2021/12/28 13:22:10 imports fixes: AllImportsFixes: /home/aosderzhikov/go/src/regent/cli/view.go:49:37: expected ';', found ">" (and 2 more errors)
	file="/home/aosderzhikov/go/src/regent/cli/view.go"

[Error - 1:22:11 PM] 2021/12/28 13:22:11 imports fixes: AllImportsFixes: /home/aosderzhikov/go/src/regent/cli/view.go:49:35: expected ';', found ">" (and 2 more errors)
	file="/home/aosderzhikov/go/src/regent/cli/view.go"

[Error - 1:22:11 PM] 2021/12/28 13:22:11 imports fixes: AllImportsFixes: /home/aosderzhikov/go/src/regent/cli/view.go:49:35: expected ';', found ">" (and 2 more errors)
	file="/home/aosderzhikov/go/src/regent/cli/view.go"

[Error - 1:22:12 PM] 2021/12/28 13:22:12 imports fixes: AllImportsFixes: /home/aosderzhikov/go/src/regent/cli/view.go:49:35: expected ';', found ">" (and 2 more errors)
	file="/home/aosderzhikov/go/src/regent/cli/view.go"

[Error - 1:22:13 PM] 2021/12/28 13:22:13 imports fixes: AllImportsFixes: /home/aosderzhikov/go/src/regent/cli/view.go:49:38: expected ';', found ">" (and 2 more errors)
	file="/home/aosderzhikov/go/src/regent/cli/view.go"

[Error - 1:22:15 PM] 2021/12/28 13:22:15 imports fixes: AllImportsFixes: /home/aosderzhikov/go/src/regent/cli/view.go:49:41: expected ';', found ">" (and 2 more errors)
	file="/home/aosderzhikov/go/src/regent/cli/view.go"

[Error - 1:22:16 PM] 2021/12/28 13:22:16 imports fixes: AllImportsFixes: /home/aosderzhikov/go/src/regent/cli/view.go:49:43: expected ';', found ">" (and 2 more errors)
	file="/home/aosderzhikov/go/src/regent/cli/view.go"

[Error - 1:22:16 PM] 2021/12/28 13:22:16 unable to compute positions for type errors: no parsed file for  in github.com/alexey-sderzhikov/regent/cli
	package="github.com/alexey-sderzhikov/regent/cli"

[Error - 1:22:16 PM] 2021/12/28 13:22:16 unable to compute positions for type errors: invalid pos
	package="github.com/alexey-sderzhikov/regent/cli"

[Error - 1:22:16 PM] 2021/12/28 13:22:16 no signature help: cannot find an enclosing function
	position={48 31}

[Error - 1:22:16 PM] 2021/12/28 13:22:16 imports fixes: AllImportsFixes: /home/aosderzhikov/go/src/regent/cli/view.go:49:32: expected ';', found Color (and 2 more errors)
	file="/home/aosderzhikov/go/src/regent/cli/view.go"

[Error - 1:22:17 PM] 2021/12/28 13:22:17 imports fixes: AllImportsFixes: /home/aosderzhikov/go/src/regent/cli/view.go:49:46: expected ';', found ">" (and 2 more errors)
	file="/home/aosderzhikov/go/src/regent/cli/view.go"

[Error - 1:22:18 PM] 2021/12/28 13:22:18 imports fixes: AllImportsFixes: /home/aosderzhikov/go/src/regent/cli/view.go:49:46: expected ';', found ">" (and 2 more errors)
	file="/home/aosderzhikov/go/src/regent/cli/view.go"

[Error - 1:22:18 PM] 2021/12/28 13:22:18 imports fixes: AllImportsFixes: /home/aosderzhikov/go/src/regent/cli/view.go:49:46: expected ';', found ">" (and 2 more errors)
	file="/home/aosderzhikov/go/src/regent/cli/view.go"

[Error - 1:22:19 PM] 2021/12/28 13:22:19 imports fixes: AllImportsFixes: /home/aosderzhikov/go/src/regent/cli/view.go:49:46: expected ';', found ">" (and 2 more errors)
	file="/home/aosderzhikov/go/src/regent/cli/view.go"

[Error - 1:22:19 PM] 2021/12/28 13:22:19 imports fixes: AllImportsFixes: /home/aosderzhikov/go/src/regent/cli/view.go:49:46: expected ';', found ">" (and 2 more errors)
	file="/home/aosderzhikov/go/src/regent/cli/view.go"

[Info  - 1:22:19 PM] 2021/12/28 13:22:19 background imports cache refresh starting

[Info  - 1:22:19 PM] 2021/12/28 13:22:19 background refresh finished after 28.288069ms

[Error - 1:22:20 PM] 2021/12/28 13:22:20 imports fixes: AllImportsFixes: /home/aosderzhikov/go/src/regent/cli/view.go:49:48: expected ';', found ">" (and 2 more errors)
	file="/home/aosderzhikov/go/src/regent/cli/view.go"

[Error - 1:22:20 PM] 2021/12/28 13:22:20 imports fixes: AllImportsFixes: /home/aosderzhikov/go/src/regent/cli/view.go:49:49: expected ';', found ">" (and 2 more errors)
	file="/home/aosderzhikov/go/src/regent/cli/view.go"

[Error - 1:22:21 PM] 2021/12/28 13:22:21 imports fixes: AllImportsFixes: /home/aosderzhikov/go/src/regent/cli/view.go:49:53: expected ';', found ">" (and 2 more errors)
	file="/home/aosderzhikov/go/src/regent/cli/view.go"

[Error - 1:22:22 PM] 2021/12/28 13:22:22 no signature help: cannot find an enclosing function
	position={48 53}

[Error - 1:22:22 PM] 2021/12/28 13:22:22 imports fixes: AllImportsFixes: /home/aosderzhikov/go/src/regent/cli/view.go:49:55: expected ';', found ">" (and 2 more errors)
	file="/home/aosderzhikov/go/src/regent/cli/view.go"

[Error - 1:22:22 PM] 2021/12/28 13:22:22 imports fixes: AllImportsFixes: /home/aosderzhikov/go/src/regent/cli/view.go:49:55: expected ';', found ">" (and 2 more errors)
	file="/home/aosderzhikov/go/src/regent/cli/view.go"

[Error - 1:22:23 PM] 2021/12/28 13:22:23 imports fixes: AllImportsFixes: /home/aosderzhikov/go/src/regent/cli/view.go:49:55: expected ';', found ">" (and 2 more errors)
	file="/home/aosderzhikov/go/src/regent/cli/view.go"

[Error - 1:22:23 PM] 2021/12/28 13:22:23 imports fixes: AllImportsFixes: /home/aosderzhikov/go/src/regent/cli/view.go:49:55: expected ';', found ">" (and 2 more errors)
	file="/home/aosderzhikov/go/src/regent/cli/view.go"

[Error - 1:22:24 PM] 2021/12/28 13:22:24 imports fixes: AllImportsFixes: /home/aosderzhikov/go/src/regent/cli/view.go:49:55: expected ';', found ">" (and 2 more errors)
	file="/home/aosderzhikov/go/src/regent/cli/view.go"

[Error - 1:22:24 PM] 2021/12/28 13:22:24 imports fixes: AllImportsFixes: /home/aosderzhikov/go/src/regent/cli/view.go:49:55: expected ';', found ">" (and 2 more errors)
	file="/home/aosderzhikov/go/src/regent/cli/view.go"

[Error - 1:22:25 PM] 2021/12/28 13:22:25 imports fixes: AllImportsFixes: /home/aosderzhikov/go/src/regent/cli/view.go:49:55: expected ';', found ">" (and 2 more errors)
	file="/home/aosderzhikov/go/src/regent/cli/view.go"

[Error - 1:22:47 PM] 2021/12/28 13:22:47 imports fixes: AllImportsFixes: /home/aosderzhikov/go/src/regent/cli/view.go:49:44: expected ';', found Color (and 2 more errors)
	file="/home/aosderzhikov/go/src/regent/cli/view.go"

[Error - 1:22:49 PM] 2021/12/28 13:22:49 unable to compute positions for type errors: no parsed file for  in github.com/alexey-sderzhikov/regent/cli
	package="github.com/alexey-sderzhikov/regent/cli"

[Error - 1:22:49 PM] 2021/12/28 13:22:49 unable to compute positions for type errors: invalid pos
	package="github.com/alexey-sderzhikov/regent/cli"

[Error - 1:22:50 PM] 2021/12/28 13:22:50 no signature help: cannot find an enclosing function
	position={48 44}

[Error - 1:22:50 PM] 2021/12/28 13:22:50 imports fixes: AllImportsFixes: /home/aosderzhikov/go/src/regent/cli/view.go:49:45: expected ';', found Color (and 2 more errors)
	file="/home/aosderzhikov/go/src/regent/cli/view.go"

[Error - 1:22:51 PM] 2021/12/28 13:22:51 imports fixes: AllImportsFixes: /home/aosderzhikov/go/src/regent/cli/view.go:49:45: expected ';', found Color (and 2 more errors)
	file="/home/aosderzhikov/go/src/regent/cli/view.go"

[Error - 1:22:51 PM] 2021/12/28 13:22:51 imports fixes: AllImportsFixes: /home/aosderzhikov/go/src/regent/cli/view.go:49:45: expected ';', found Color (and 2 more errors)
	file="/home/aosderzhikov/go/src/regent/cli/view.go"

[Error - 1:22:51 PM] 2021/12/28 13:22:51 imports fixes: AllImportsFixes: /home/aosderzhikov/go/src/regent/cli/view.go:49:45: expected ';', found Color (and 2 more errors)
	file="/home/aosderzhikov/go/src/regent/cli/view.go"

[Error - 1:22:52 PM] 2021/12/28 13:22:52 imports fixes: AllImportsFixes: /home/aosderzhikov/go/src/regent/cli/view.go:49:45: expected ';', found Color (and 2 more errors)
	file="/home/aosderzhikov/go/src/regent/cli/view.go"

[Error - 1:22:52 PM] 2021/12/28 13:22:52 imports fixes: AllImportsFixes: /home/aosderzhikov/go/src/regent/cli/view.go:49:45: expected ';', found Color (and 2 more errors)
	file="/home/aosderzhikov/go/src/regent/cli/view.go"

[Error - 1:22:53 PM] 2021/12/28 13:22:53 imports fixes: AllImportsFixes: /home/aosderzhikov/go/src/regent/cli/view.go:49:45: expected ';', found Color (and 2 more errors)
	file="/home/aosderzhikov/go/src/regent/cli/view.go"

[Error - 1:22:54 PM] 2021/12/28 13:22:54 unable to compute positions for type errors: no parsed file for  in github.com/alexey-sderzhikov/regent/cli
	package="github.com/alexey-sderzhikov/regent/cli"

[Error - 1:22:54 PM] 2021/12/28 13:22:54 unable to compute positions for type errors: invalid pos
	package="github.com/alexey-sderzhikov/regent/cli"

[Error - 1:22:55 PM] 2021/12/28 13:22:55 imports fixes: AllImportsFixes: /home/aosderzhikov/go/src/regent/cli/view.go:49:44: expected operand, found ';' (and 31 more errors)
	file="/home/aosderzhikov/go/src/regent/cli/view.go"

[Error - 1:22:55 PM] 2021/12/28 13:22:55 DocumentSymbols failed: invalid pos
	URI=file:///home/aosderzhikov/go/src/regent/cli/view.go

[Info  - 1:22:55 PM] 2021/12/28 13:22:55 background imports cache refresh starting

[Info  - 1:22:55 PM] 2021/12/28 13:22:55 background refresh finished after 45.883757ms

[Error - 1:22:59 PM] 2021/12/28 13:22:59 unable to compute positions for type errors: invalid pos
	package="github.com/alexey-sderzhikov/regent/cli"

[Error - 1:22:59 PM] 2021/12/28 13:22:59 unable to compute positions for type errors: no parsed file for  in github.com/alexey-sderzhikov/regent/cli
	package="github.com/alexey-sderzhikov/regent/cli"

[Error - 1:22:59 PM] 2021/12/28 13:22:59 imports fixes: AllImportsFixes: /home/aosderzhikov/go/src/regent/cli/view.go:49:44: expected operand, found ';' (and 31 more errors)
	file="/home/aosderzhikov/go/src/regent/cli/view.go"

[Error - 1:22:59 PM] 2021/12/28 13:22:59 DocumentSymbols failed: invalid pos
	URI=file:///home/aosderzhikov/go/src/regent/cli/view.go

[Error - 1:23:00 PM] 2021/12/28 13:23:00 imports fixes: AllImportsFixes: /home/aosderzhikov/go/src/regent/cli/view.go:49:45: expected ';', found Color (and 2 more errors)
	file="/home/aosderzhikov/go/src/regent/cli/view.go"

[Error - 1:23:01 PM] 2021/12/28 13:23:01 imports fixes: AllImportsFixes: /home/aosderzhikov/go/src/regent/cli/view.go:49:45: expected ';', found Color (and 2 more errors)
	file="/home/aosderzhikov/go/src/regent/cli/view.go"

[Error - 1:23:01 PM] 2021/12/28 13:23:01 imports fixes: AllImportsFixes: /home/aosderzhikov/go/src/regent/cli/view.go:49:45: expected ';', found Color (and 2 more errors)
	file="/home/aosderzhikov/go/src/regent/cli/view.go"

[Error - 1:23:02 PM] 2021/12/28 13:23:02 imports fixes: AllImportsFixes: /home/aosderzhikov/go/src/regent/cli/view.go:49:45: expected ';', found Color (and 2 more errors)
	file="/home/aosderzhikov/go/src/regent/cli/view.go"

[Error - 1:23:02 PM] 2021/12/28 13:23:02 imports fixes: AllImportsFixes: /home/aosderzhikov/go/src/regent/cli/view.go:49:45: expected ';', found Color (and 2 more errors)
	file="/home/aosderzhikov/go/src/regent/cli/view.go"

[Error - 1:23:03 PM] 2021/12/28 13:23:03 imports fixes: AllImportsFixes: /home/aosderzhikov/go/src/regent/cli/view.go:49:45: expected ';', found Color (and 2 more errors)
	file="/home/aosderzhikov/go/src/regent/cli/view.go"

[Error - 1:23:03 PM] 2021/12/28 13:23:03 imports fixes: AllImportsFixes: /home/aosderzhikov/go/src/regent/cli/view.go:49:45: expected ';', found Color (and 2 more errors)
	file="/home/aosderzhikov/go/src/regent/cli/view.go"

[Error - 1:23:03 PM] 2021/12/28 13:23:03 imports fixes: AllImportsFixes: /home/aosderzhikov/go/src/regent/cli/view.go:49:45: expected ';', found Color (and 2 more errors)
	file="/home/aosderzhikov/go/src/regent/cli/view.go"

[Error - 1:23:04 PM] 2021/12/28 13:23:04 imports fixes: AllImportsFixes: /home/aosderzhikov/go/src/regent/cli/view.go:49:45: expected ';', found Color (and 2 more errors)
	file="/home/aosderzhikov/go/src/regent/cli/view.go"

[Error - 1:23:04 PM] 2021/12/28 13:23:04 imports fixes: AllImportsFixes: /home/aosderzhikov/go/src/regent/cli/view.go:49:45: expected ';', found Color (and 2 more errors)
	file="/home/aosderzhikov/go/src/regent/cli/view.go"

[Error - 1:23:05 PM] 2021/12/28 13:23:05 imports fixes: AllImportsFixes: /home/aosderzhikov/go/src/regent/cli/view.go:49:45: expected ';', found Color (and 2 more errors)
	file="/home/aosderzhikov/go/src/regent/cli/view.go"

[Error - 1:23:05 PM] 2021/12/28 13:23:05 imports fixes: AllImportsFixes: /home/aosderzhikov/go/src/regent/cli/view.go:49:45: expected ';', found Color (and 2 more errors)
	file="/home/aosderzhikov/go/src/regent/cli/view.go"

[Error - 1:23:05 PM] 2021/12/28 13:23:05 imports fixes: AllImportsFixes: /home/aosderzhikov/go/src/regent/cli/view.go:49:45: expected ';', found Render (and 2 more errors)
	file="/home/aosderzhikov/go/src/regent/cli/view.go"

[Info  - 1:23:25 PM] 2021/12/28 13:23:25 background imports cache refresh starting

[Info  - 1:23:25 PM] 2021/12/28 13:23:25 background refresh finished after 28.107507ms

[Info  - 1:24:00 PM] 2021/12/28 13:24:00 background imports cache refresh starting

[Info  - 1:24:00 PM] 2021/12/28 13:24:00 background refresh finished after 29.393553ms

[Error - 1:24:01 PM] 2021/12/28 13:24:01 no signature help: cannot find an enclosing function
	position={50 24}

[Error - 1:24:22 PM] 2021/12/28 13:24:22 no signature help: cannot find an enclosing function
	position={50 72}

[Info  - 1:24:31 PM] 2021/12/28 13:24:31 background imports cache refresh starting

[Info  - 1:24:31 PM] 2021/12/28 13:24:31 background refresh finished after 27.940929ms

[Info  - 1:26:09 PM] 2021/12/28 13:26:09 background imports cache refresh starting

[Info  - 1:26:09 PM] 2021/12/28 13:26:09 background refresh finished after 29.953894ms

[Info  - 1:26:41 PM] 2021/12/28 13:26:41 background imports cache refresh starting

[Info  - 1:26:41 PM] 2021/12/28 13:26:41 background refresh finished after 26.932557ms

[Info  - 1:27:50 PM] 2021/12/28 13:27:50 background imports cache refresh starting

[Info  - 1:27:50 PM] 2021/12/28 13:27:50 background refresh finished after 28.780489ms

[Error - 1:27:57 PM] 2021/12/28 13:27:57 no completions found: this is a definition of var t github.com/charmbracelet/lipgloss.Style
	position={18 5}

[Error - 1:27:57 PM] 2021/12/28 13:27:57 no completions found: this is a definition of var titl github.com/charmbracelet/lipgloss.Style
	position={18 8}

[Error - 1:27:58 PM] 2021/12/28 13:27:58 no completions found: this is a definition of var title github.com/charmbracelet/lipgloss.Style
	position={18 9}

[Error - 1:27:58 PM] 2021/12/28 13:27:58 no completions found: this is a definition of var titleS github.com/charmbracelet/lipgloss.Style
	position={18 10}

[Error - 1:27:58 PM] 2021/12/28 13:27:58 no completions found: this is a definition of var titleSt github.com/charmbracelet/lipgloss.Style
	position={18 11}

[Error - 1:27:59 PM] 2021/12/28 13:27:59 no completions found: this is a definition of var titleSty github.com/charmbracelet/lipgloss.Style
	position={18 12}

[Error - 1:27:59 PM] 2021/12/28 13:27:59 no completions found: this is a definition of var titleStyl github.com/charmbracelet/lipgloss.Style
	position={18 13}

[Error - 1:27:59 PM] 2021/12/28 13:27:59 no completions found: this is a definition of var titleStyle github.com/charmbracelet/lipgloss.Style
	position={18 14}

[Error - 1:28:18 PM] 2021/12/28 13:28:18 imports fixes: AllImportsFixes: /home/aosderzhikov/go/src/regent/cli/view.go:20:1: expected declaration, found va
	file="/home/aosderzhikov/go/src/regent/cli/view.go"

[Error - 1:28:19 PM] 2021/12/28 13:28:19 no completions found: this is a definition of var s invalid type
	position={19 5}

[Error - 1:28:20 PM] 2021/12/28 13:28:20 imports fixes: AllImportsFixes: /home/aosderzhikov/go/src/regent/cli/view.go:20:5: missing variable type or initialization
	file="/home/aosderzhikov/go/src/regent/cli/view.go"

[Error - 1:28:20 PM] 2021/12/28 13:28:20 no completions found: this is a definition of var styl invalid type
	position={19 8}

[Error - 1:28:21 PM] 2021/12/28 13:28:21 imports fixes: AllImportsFixes: /home/aosderzhikov/go/src/regent/cli/view.go:20:5: missing variable type or initialization
	file="/home/aosderzhikov/go/src/regent/cli/view.go"

[Error - 1:28:21 PM] 2021/12/28 13:28:21 imports fixes: AllImportsFixes: /home/aosderzhikov/go/src/regent/cli/view.go:20:5: missing variable type or initialization
	file="/home/aosderzhikov/go/src/regent/cli/view.go"

[Error - 1:28:21 PM] 2021/12/28 13:28:21 no completions found: this is a definition of var sty invalid type
	position={19 7}

[Error - 1:28:21 PM] 2021/12/28 13:28:21 no completions found: this is a definition of var st invalid type
	position={19 6}

[Error - 1:28:22 PM] 2021/12/28 13:28:22 no completions found: this is a definition of var s invalid type
	position={19 5}

[Error - 1:28:23 PM] 2021/12/28 13:28:23 no completions found: this is a definition of var c invalid type
	position={19 5}

[Error - 1:28:23 PM] 2021/12/28 13:28:23 no completions found: this is a definition of var cur invalid type
	position={19 7}

[Error - 1:28:23 PM] 2021/12/28 13:28:23 imports fixes: AllImportsFixes: /home/aosderzhikov/go/src/regent/cli/view.go:20:5: missing variable type or initialization
	file="/home/aosderzhikov/go/src/regent/cli/view.go"

[Error - 1:28:24 PM] 2021/12/28 13:28:24 imports fixes: AllImportsFixes: /home/aosderzhikov/go/src/regent/cli/view.go:20:5: missing variable type or initialization
	file="/home/aosderzhikov/go/src/regent/cli/view.go"

[Error - 1:28:25 PM] 2021/12/28 13:28:25 no completions found: this is a definition of var cursorS invalid type
	position={19 11}

[Error - 1:28:25 PM] 2021/12/28 13:28:25 imports fixes: AllImportsFixes: /home/aosderzhikov/go/src/regent/cli/view.go:20:5: missing variable type or initialization
	file="/home/aosderzhikov/go/src/regent/cli/view.go"

[Error - 1:28:25 PM] 2021/12/28 13:28:25 no completions found: this is a definition of var cursorSy invalid type
	position={19 12}

[Info  - 1:28:25 PM] 2021/12/28 13:28:25 background imports cache refresh starting

[Info  - 1:28:25 PM] 2021/12/28 13:28:25 background refresh finished after 26.93696ms

[Error - 1:28:25 PM] 2021/12/28 13:28:25 imports fixes: AllImportsFixes: /home/aosderzhikov/go/src/regent/cli/view.go:20:5: missing variable type or initialization
	file="/home/aosderzhikov/go/src/regent/cli/view.go"

[Error - 1:28:26 PM] 2021/12/28 13:28:26 no completions found: this is a definition of var cursorSt invalid type
	position={19 12}

[Error - 1:28:26 PM] 2021/12/28 13:28:26 imports fixes: AllImportsFixes: /home/aosderzhikov/go/src/regent/cli/view.go:20:5: missing variable type or initialization
	file="/home/aosderzhikov/go/src/regent/cli/view.go"

[Error - 1:28:26 PM] 2021/12/28 13:28:26 no completions found: this is a definition of var cursorSty invalid type
	position={19 13}

[Error - 1:28:27 PM] 2021/12/28 13:28:27 imports fixes: AllImportsFixes: /home/aosderzhikov/go/src/regent/cli/view.go:20:5: missing variable type or initialization
	file="/home/aosderzhikov/go/src/regent/cli/view.go"

[Error - 1:28:27 PM] 2021/12/28 13:28:27 no completions found: this is a definition of var cursorStyl invalid type
	position={19 14}

[Error - 1:28:27 PM] 2021/12/28 13:28:27 no completions found: this is a definition of var cursorStyle invalid type
	position={19 15}

[Error - 1:28:37 PM] 2021/12/28 13:28:37 imports fixes: AllImportsFixes: /home/aosderzhikov/go/src/regent/cli/view.go:22:1: expected ';', found 'var' (and 1 more errors)
	file="/home/aosderzhikov/go/src/regent/cli/view.go"

[Error - 1:28:38 PM] 2021/12/28 13:28:38 imports fixes: AllImportsFixes: /home/aosderzhikov/go/src/regent/cli/view.go:22:1: expected ';', found 'var' (and 1 more errors)
	file="/home/aosderzhikov/go/src/regent/cli/view.go"

[Error - 1:28:40 PM] 2021/12/28 13:28:40 imports fixes: AllImportsFixes: /home/aosderzhikov/go/src/regent/cli/view.go:22:1: expected ';', found 'var' (and 5 more errors)
	file="/home/aosderzhikov/go/src/regent/cli/view.go"

[Error - 1:28:42 PM] 2021/12/28 13:28:42 imports fixes: AllImportsFixes: /home/aosderzhikov/go/src/regent/cli/view.go:55:13: expected operand, found '.' (and 3 more errors)
	file="/home/aosderzhikov/go/src/regent/cli/view.go"

[Error - 1:28:48 PM] 2021/12/28 13:28:48 imports fixes: AllImportsFixes: /home/aosderzhikov/go/src/regent/cli/view.go:55:13: expected operand, found '.' (and 3 more errors)
	file="/home/aosderzhikov/go/src/regent/cli/view.go"

[Error - 1:28:50 PM] 2021/12/28 13:28:50 imports fixes: AllImportsFixes: /home/aosderzhikov/go/src/regent/cli/view.go:55:13: expected operand, found '.' (and 3 more errors)
	file="/home/aosderzhikov/go/src/regent/cli/view.go"

[Error - 1:28:51 PM] 2021/12/28 13:28:51 imports fixes: AllImportsFixes: /home/aosderzhikov/go/src/regent/cli/view.go:55:13: expected operand, found '.' (and 3 more errors)
	file="/home/aosderzhikov/go/src/regent/cli/view.go"

[Error - 1:28:51 PM] 2021/12/28 13:28:51 imports fixes: AllImportsFixes: /home/aosderzhikov/go/src/regent/cli/view.go:55:13: expected operand, found '.' (and 3 more errors)
	file="/home/aosderzhikov/go/src/regent/cli/view.go"

[Error - 1:28:52 PM] 2021/12/28 13:28:52 imports fixes: AllImportsFixes: /home/aosderzhikov/go/src/regent/cli/view.go:55:13: expected operand, found '.' (and 3 more errors)
	file="/home/aosderzhikov/go/src/regent/cli/view.go"

[Error - 1:28:53 PM] 2021/12/28 13:28:53 imports fixes: AllImportsFixes: /home/aosderzhikov/go/src/regent/cli/view.go:55:13: expected operand, found '.' (and 3 more errors)
	file="/home/aosderzhikov/go/src/regent/cli/view.go"

[Error - 1:28:55 PM] 2021/12/28 13:28:55 imports fixes: AllImportsFixes: /home/aosderzhikov/go/src/regent/cli/view.go:56:13: expected operand, found '.' (and 3 more errors)
	file="/home/aosderzhikov/go/src/regent/cli/view.go"

[Error - 1:28:58 PM] 2021/12/28 13:28:58 imports fixes: AllImportsFixes: /home/aosderzhikov/go/src/regent/cli/view.go:54:13: expected operand, found '.' (and 3 more errors)
	file="/home/aosderzhikov/go/src/regent/cli/view.go"

[Error - 1:29:04 PM] 2021/12/28 13:29:04 imports fixes: AllImportsFixes: /home/aosderzhikov/go/src/regent/cli/view.go:54:13: expected operand, found '.' (and 3 more errors)
	file="/home/aosderzhikov/go/src/regent/cli/view.go"

[Error - 1:29:04 PM] Request textDocument/definition failed.
  Message: no identifier found
  Code: 0 
[Error - 1:29:05 PM] Request textDocument/definition failed.
  Message: no identifier found
  Code: 0 
[Error - 1:29:05 PM] 2021/12/28 13:29:05 imports fixes: AllImportsFixes: /home/aosderzhikov/go/src/regent/cli/view.go:54:13: expected operand, found '.' (and 3 more errors)
	file="/home/aosderzhikov/go/src/regent/cli/view.go"

[Error - 1:29:05 PM] 2021/12/28 13:29:05 imports fixes: AllImportsFixes: /home/aosderzhikov/go/src/regent/cli/view.go:54:13: expected operand, found '.' (and 3 more errors)
	file="/home/aosderzhikov/go/src/regent/cli/view.go"

[Error - 1:29:06 PM] 2021/12/28 13:29:06 imports fixes: AllImportsFixes: /home/aosderzhikov/go/src/regent/cli/view.go:55:11: expected operand, found '.' (and 3 more errors)
	file="/home/aosderzhikov/go/src/regent/cli/view.go"

[Error - 1:29:06 PM] 2021/12/28 13:29:06 imports fixes: AllImportsFixes: /home/aosderzhikov/go/src/regent/cli/view.go:55:11: expected operand, found '.' (and 3 more errors)
	file="/home/aosderzhikov/go/src/regent/cli/view.go"

[Error - 1:29:09 PM] 2021/12/28 13:29:09 imports fixes: AllImportsFixes: /home/aosderzhikov/go/src/regent/cli/view.go:55:11: expected operand, found '.' (and 3 more errors)
	file="/home/aosderzhikov/go/src/regent/cli/view.go"

[Error - 1:29:11 PM] 2021/12/28 13:29:11 imports fixes: AllImportsFixes: /home/aosderzhikov/go/src/regent/cli/view.go:55:11: expected operand, found '.' (and 3 more errors)
	file="/home/aosderzhikov/go/src/regent/cli/view.go"

[Error - 1:29:11 PM] 2021/12/28 13:29:11 imports fixes: AllImportsFixes: /home/aosderzhikov/go/src/regent/cli/view.go:55:11: expected operand, found '.' (and 3 more errors)
	file="/home/aosderzhikov/go/src/regent/cli/view.go"

[Error - 1:29:12 PM] 2021/12/28 13:29:12 imports fixes: AllImportsFixes: /home/aosderzhikov/go/src/regent/cli/view.go:55:11: expected operand, found '.' (and 3 more errors)
	file="/home/aosderzhikov/go/src/regent/cli/view.go"

[Error - 1:29:12 PM] 2021/12/28 13:29:12 imports fixes: AllImportsFixes: /home/aosderzhikov/go/src/regent/cli/view.go:55:11: expected operand, found '.' (and 3 more errors)
	file="/home/aosderzhikov/go/src/regent/cli/view.go"

[Error - 1:29:12 PM] 2021/12/28 13:29:12 imports fixes: AllImportsFixes: /home/aosderzhikov/go/src/regent/cli/view.go:55:11: expected operand, found '.' (and 3 more errors)
	file="/home/aosderzhikov/go/src/regent/cli/view.go"

[Error - 1:29:14 PM] 2021/12/28 13:29:14 imports fixes: AllImportsFixes: /home/aosderzhikov/go/src/regent/cli/view.go:55:11: expected operand, found '.' (and 3 more errors)
	file="/home/aosderzhikov/go/src/regent/cli/view.go"

[Error - 1:29:15 PM] 2021/12/28 13:29:15 imports fixes: AllImportsFixes: /home/aosderzhikov/go/src/regent/cli/view.go:55:11: expected operand, found '.' (and 3 more errors)
	file="/home/aosderzhikov/go/src/regent/cli/view.go"

[Error - 1:29:26 PM] 2021/12/28 13:29:26 imports fixes: AllImportsFixes: /home/aosderzhikov/go/src/regent/cli/view.go:29:1: expected declaration, found lipgloss
	file="/home/aosderzhikov/go/src/regent/cli/view.go"

[Error - 1:29:27 PM] 2021/12/28 13:29:27 imports fixes: AllImportsFixes: /home/aosderzhikov/go/src/regent/cli/view.go:29:1: expected declaration, found lipgloss
	file="/home/aosderzhikov/go/src/regent/cli/view.go"

[Error - 1:29:30 PM] 2021/12/28 13:29:30 imports fixes: AllImportsFixes: /home/aosderzhikov/go/src/regent/cli/view.go:29:1: expected declaration, found lipgloss
	file="/home/aosderzhikov/go/src/regent/cli/view.go"

[Error - 1:29:31 PM] 2021/12/28 13:29:31 imports fixes: AllImportsFixes: /home/aosderzhikov/go/src/regent/cli/view.go:29:1: expected declaration, found clipgloss
	file="/home/aosderzhikov/go/src/regent/cli/view.go"

[Error - 1:29:31 PM] 2021/12/28 13:29:31 imports fixes: AllImportsFixes: /home/aosderzhikov/go/src/regent/cli/view.go:29:1: expected declaration, found valipgloss
	file="/home/aosderzhikov/go/src/regent/cli/view.go"

[Error - 1:29:32 PM] 2021/12/28 13:29:32 imports fixes: AllImportsFixes: /home/aosderzhikov/go/src/regent/cli/view.go:29:5: missing variable type or initialization (and 2 more errors)
	file="/home/aosderzhikov/go/src/regent/cli/view.go"

[Error - 1:29:33 PM] 2021/12/28 13:29:33 imports fixes: AllImportsFixes: /home/aosderzhikov/go/src/regent/cli/view.go:29:5: missing variable type or initialization (and 2 more errors)
	file="/home/aosderzhikov/go/src/regent/cli/view.go"

[Error - 1:29:33 PM] 2021/12/28 13:29:33 imports fixes: AllImportsFixes: /home/aosderzhikov/go/src/regent/cli/view.go:29:5: missing variable type or initialization (and 2 more errors)
	file="/home/aosderzhikov/go/src/regent/cli/view.go"

[Error - 1:29:34 PM] 2021/12/28 13:29:34 imports fixes: AllImportsFixes: /home/aosderzhikov/go/src/regent/cli/view.go:29:5: missing variable type or initialization (and 2 more errors)
	file="/home/aosderzhikov/go/src/regent/cli/view.go"

[Info  - 1:29:36 PM] 2021/12/28 13:29:36 background imports cache refresh starting

[Info  - 1:29:36 PM] 2021/12/28 13:29:36 background refresh finished after 27.868964ms

[Error - 1:29:36 PM] 2021/12/28 13:29:36 imports fixes: AllImportsFixes: /home/aosderzhikov/go/src/regent/cli/view.go:29:5: missing variable type or initialization (and 2 more errors)
	file="/home/aosderzhikov/go/src/regent/cli/view.go"

[Error - 1:29:37 PM] 2021/12/28 13:29:37 imports fixes: AllImportsFixes: /home/aosderzhikov/go/src/regent/cli/view.go:29:5: missing variable type or initialization (and 2 more errors)
	file="/home/aosderzhikov/go/src/regent/cli/view.go"

[Error - 1:29:38 PM] 2021/12/28 13:29:38 imports fixes: AllImportsFixes: /home/aosderzhikov/go/src/regent/cli/view.go:29:5: missing variable type or initialization (and 2 more errors)
	file="/home/aosderzhikov/go/src/regent/cli/view.go"

[Error - 1:29:38 PM] 2021/12/28 13:29:38 no completions found: this is a definition of var textStylelipgloss invalid type
	position={28 13}

[Error - 1:29:39 PM] 2021/12/28 13:29:39 imports fixes: AllImportsFixes: /home/aosderzhikov/go/src/regent/cli/view.go:29:32: expected ';', found '(' (and 1 more errors)
	file="/home/aosderzhikov/go/src/regent/cli/view.go"

[Error - 1:29:39 PM] 2021/12/28 13:29:39 imports fixes: AllImportsFixes: /home/aosderzhikov/go/src/regent/cli/view.go:29:5: missing variable type or initialization (and 2 more errors)
	file="/home/aosderzhikov/go/src/regent/cli/view.go"

[Error - 1:29:40 PM] 2021/12/28 13:29:40 imports fixes: AllImportsFixes: /home/aosderzhikov/go/src/regent/cli/view.go:29:32: expected ';', found '(' (and 1 more errors)
	file="/home/aosderzhikov/go/src/regent/cli/view.go"

[Info  - 1:30:11 PM] 2021/12/28 13:30:11 background imports cache refresh starting

[Info  - 1:30:11 PM] 2021/12/28 13:30:11 background refresh finished after 31.426735ms

[Info  - 1:30:42 PM] 2021/12/28 13:30:42 background imports cache refresh starting

[Info  - 1:30:42 PM] 2021/12/28 13:30:42 background refresh finished after 26.046752ms

[Error - 1:33:08 PM] 2021/12/28 13:33:08 unable to compute positions for type errors: no parsed file for  in github.com/alexey-sderzhikov/regent/cli
	package="github.com/alexey-sderzhikov/regent/cli"

[Error - 1:33:08 PM] 2021/12/28 13:33:08 imports fixes: AllImportsFixes: /home/aosderzhikov/go/src/regent/cli/view.go:68:91: missing ',' before newline in argument list (and 25 more errors)
	file="/home/aosderzhikov/go/src/regent/cli/view.go"

[Error - 1:33:08 PM] 2021/12/28 13:33:08 DocumentSymbols failed: invalid pos
	URI=file:///home/aosderzhikov/go/src/regent/cli/view.go

[Error - 1:33:09 PM] 2021/12/28 13:33:09 imports fixes: AllImportsFixes: /home/aosderzhikov/go/src/regent/cli/view.go:68:91: missing ',' before newline in argument list (and 25 more errors)
	file="/home/aosderzhikov/go/src/regent/cli/view.go"

[Error - 1:33:10 PM] 2021/12/28 13:33:10 no signature help: cannot find an enclosing function
	position={67 91}

[Info  - 1:33:15 PM] 2021/12/28 13:33:15 background imports cache refresh starting

[Info  - 1:33:15 PM] 2021/12/28 13:33:15 background refresh finished after 25.358143ms

[Error - 1:33:15 PM] 2021/12/28 13:33:15 imports fixes: AllImportsFixes: /home/aosderzhikov/go/src/regent/cli/view.go:69:57: missing ',' before newline in argument list
	file="/home/aosderzhikov/go/src/regent/cli/view.go"

[Error - 1:33:20 PM] 2021/12/28 13:33:20 imports fixes: AllImportsFixes: /home/aosderzhikov/go/src/regent/cli/view.go:69:57: missing ',' before newline in argument list
	file="/home/aosderzhikov/go/src/regent/cli/view.go"

[Error - 1:33:23 PM] 2021/12/28 13:33:23 imports fixes: AllImportsFixes: /home/aosderzhikov/go/src/regent/cli/view.go:69:57: missing ',' before newline in argument list (and 2 more errors)
	file="/home/aosderzhikov/go/src/regent/cli/view.go"

[Error - 1:33:24 PM] 2021/12/28 13:33:24 imports fixes: AllImportsFixes: /home/aosderzhikov/go/src/regent/cli/view.go:69:57: missing ',' before newline in argument list (and 2 more errors)
	file="/home/aosderzhikov/go/src/regent/cli/view.go"

[Error - 1:33:24 PM] 2021/12/28 13:33:24 imports fixes: AllImportsFixes: /home/aosderzhikov/go/src/regent/cli/view.go:69:57: missing ',' before newline in argument list (and 2 more errors)
	file="/home/aosderzhikov/go/src/regent/cli/view.go"

[Error - 1:33:25 PM] 2021/12/28 13:33:25 imports fixes: AllImportsFixes: /home/aosderzhikov/go/src/regent/cli/view.go:69:57: missing ',' before newline in argument list
	file="/home/aosderzhikov/go/src/regent/cli/view.go"

[Error - 1:33:27 PM] 2021/12/28 13:33:27 imports fixes: AllImportsFixes: /home/aosderzhikov/go/src/regent/cli/view.go:69:57: missing ',' before newline in argument list
	file="/home/aosderzhikov/go/src/regent/cli/view.go"

[Error - 1:33:27 PM] 2021/12/28 13:33:27 imports fixes: AllImportsFixes: /home/aosderzhikov/go/src/regent/cli/view.go:69:57: missing ',' before newline in argument list (and 1 more errors)
	file="/home/aosderzhikov/go/src/regent/cli/view.go"

[Error - 1:33:27 PM] 2021/12/28 13:33:27 imports fixes: AllImportsFixes: /home/aosderzhikov/go/src/regent/cli/view.go:69:57: missing ',' before newline in argument list
	file="/home/aosderzhikov/go/src/regent/cli/view.go"

[Error - 1:33:28 PM] 2021/12/28 13:33:28 imports fixes: AllImportsFixes: /home/aosderzhikov/go/src/regent/cli/view.go:69:57: missing ',' before newline in argument list
	file="/home/aosderzhikov/go/src/regent/cli/view.go"

[Error - 1:33:32 PM] 2021/12/28 13:33:32 imports fixes: AllImportsFixes: /home/aosderzhikov/go/src/regent/cli/view.go:69:57: missing ',' before newline in argument list
	file="/home/aosderzhikov/go/src/regent/cli/view.go"

[Error - 1:33:33 PM] 2021/12/28 13:33:33 imports fixes: AllImportsFixes: /home/aosderzhikov/go/src/regent/cli/view.go:69:57: missing ',' before newline in argument list
	file="/home/aosderzhikov/go/src/regent/cli/view.go"

[Error - 1:33:33 PM] 2021/12/28 13:33:33 imports fixes: AllImportsFixes: /home/aosderzhikov/go/src/regent/cli/view.go:69:57: missing ',' before newline in argument list
	file="/home/aosderzhikov/go/src/regent/cli/view.go"

[Error - 1:33:33 PM] Request textDocument/formatting failed.
  Message: 69:57: missing ',' before newline in argument list
  Code: 0 
[Error - 1:33:39 PM] 2021/12/28 13:33:39 imports fixes: AllImportsFixes: /home/aosderzhikov/go/src/regent/cli/view.go:69:57: missing ',' before newline in argument list
	file="/home/aosderzhikov/go/src/regent/cli/view.go"

[Error - 1:33:40 PM] 2021/12/28 13:33:40 imports fixes: AllImportsFixes: /home/aosderzhikov/go/src/regent/cli/view.go:69:57: missing ',' before newline in argument list
	file="/home/aosderzhikov/go/src/regent/cli/view.go"

[Error - 1:33:40 PM] Request textDocument/formatting failed.
  Message: 69:57: missing ',' before newline in argument list
  Code: 0 
[Info  - 1:33:50 PM] 2021/12/28 13:33:50 background imports cache refresh starting

[Info  - 1:33:50 PM] 2021/12/28 13:33:50 background refresh finished after 27.14267ms

[Error - 1:34:04 PM] 2021/12/28 13:34:04 imports fixes: AllImportsFixes: /home/aosderzhikov/go/src/regent/cli/view.go:69:57: missing ',' before newline in argument list
	file="/home/aosderzhikov/go/src/regent/cli/view.go"

[Error - 1:34:06 PM] 2021/12/28 13:34:06 imports fixes: AllImportsFixes: /home/aosderzhikov/go/src/regent/cli/view.go:69:57: missing ',' before newline in argument list
	file="/home/aosderzhikov/go/src/regent/cli/view.go"

[Error - 1:34:06 PM] 2021/12/28 13:34:06 imports fixes: AllImportsFixes: /home/aosderzhikov/go/src/regent/cli/view.go:69:57: missing ',' before newline in argument list
	file="/home/aosderzhikov/go/src/regent/cli/view.go"

[Error - 1:34:13 PM] 2021/12/28 13:34:13 imports fixes: AllImportsFixes: /home/aosderzhikov/go/src/regent/cli/view.go:69:57: missing ',' before newline in argument list
	file="/home/aosderzhikov/go/src/regent/cli/view.go"

[Error - 1:34:14 PM] 2021/12/28 13:34:14 imports fixes: AllImportsFixes: /home/aosderzhikov/go/src/regent/cli/view.go:69:57: missing ',' before newline in argument list
	file="/home/aosderzhikov/go/src/regent/cli/view.go"

[Error - 1:34:14 PM] 2021/12/28 13:34:14 imports fixes: AllImportsFixes: /home/aosderzhikov/go/src/regent/cli/view.go:69:57: missing ',' before newline in argument list
	file="/home/aosderzhikov/go/src/regent/cli/view.go"

[Error - 1:34:16 PM] 2021/12/28 13:34:16 imports fixes: AllImportsFixes: /home/aosderzhikov/go/src/regent/cli/view.go:69:57: missing ',' before newline in argument list
	file="/home/aosderzhikov/go/src/regent/cli/view.go"

[Error - 1:34:16 PM] 2021/12/28 13:34:16 imports fixes: AllImportsFixes: /home/aosderzhikov/go/src/regent/cli/view.go:69:57: missing ',' before newline in argument list
	file="/home/aosderzhikov/go/src/regent/cli/view.go"

[Error - 1:34:16 PM] 2021/12/28 13:34:16 imports fixes: AllImportsFixes: /home/aosderzhikov/go/src/regent/cli/view.go:69:57: missing ',' before newline in argument list
	file="/home/aosderzhikov/go/src/regent/cli/view.go"

[Error - 1:34:23 PM] 2021/12/28 13:34:23 imports fixes: AllImportsFixes: /home/aosderzhikov/go/src/regent/cli/view.go:69:57: missing ',' before newline in argument list
	file="/home/aosderzhikov/go/src/regent/cli/view.go"

[Info  - 1:34:34 PM] 2021/12/28 13:34:34 background imports cache refresh starting

[Info  - 1:34:34 PM] 2021/12/28 13:34:34 background refresh finished after 26.597983ms

[Error - 1:34:39 PM] 2021/12/28 13:34:39 imports fixes: AllImportsFixes: /home/aosderzhikov/go/src/regent/cli/view.go:69:57: missing ',' before newline in argument list
	file="/home/aosderzhikov/go/src/regent/cli/view.go"

[Error - 1:34:40 PM] 2021/12/28 13:34:40 imports fixes: AllImportsFixes: /home/aosderzhikov/go/src/regent/cli/view.go:69:57: missing ',' before newline in argument list
	file="/home/aosderzhikov/go/src/regent/cli/view.go"

[Error - 1:34:40 PM] 2021/12/28 13:34:40 imports fixes: AllImportsFixes: /home/aosderzhikov/go/src/regent/cli/view.go:69:57: missing ',' before newline in argument list
	file="/home/aosderzhikov/go/src/regent/cli/view.go"

[Error - 1:34:41 PM] 2021/12/28 13:34:41 imports fixes: AllImportsFixes: /home/aosderzhikov/go/src/regent/cli/view.go:69:57: missing ',' before newline in argument list
	file="/home/aosderzhikov/go/src/regent/cli/view.go"

[Error - 1:34:42 PM] 2021/12/28 13:34:42 imports fixes: AllImportsFixes: /home/aosderzhikov/go/src/regent/cli/view.go:69:57: missing ',' before newline in argument list
	file="/home/aosderzhikov/go/src/regent/cli/view.go"

[Error - 1:34:44 PM] 2021/12/28 13:34:44 imports fixes: AllImportsFixes: /home/aosderzhikov/go/src/regent/cli/view.go:69:57: missing ',' before newline in argument list
	file="/home/aosderzhikov/go/src/regent/cli/view.go"

[Error - 1:34:46 PM] 2021/12/28 13:34:46 imports fixes: AllImportsFixes: /home/aosderzhikov/go/src/regent/cli/view.go:69:57: missing ',' before newline in argument list
	file="/home/aosderzhikov/go/src/regent/cli/view.go"

[Error - 1:34:46 PM] 2021/12/28 13:34:46 imports fixes: AllImportsFixes: /home/aosderzhikov/go/src/regent/cli/view.go:69:57: missing ',' before newline in argument list
	file="/home/aosderzhikov/go/src/regent/cli/view.go"

[Error - 1:34:47 PM] 2021/12/28 13:34:47 imports fixes: AllImportsFixes: /home/aosderzhikov/go/src/regent/cli/view.go:69:57: missing ',' before newline in argument list
	file="/home/aosderzhikov/go/src/regent/cli/view.go"

[Error - 1:34:48 PM] 2021/12/28 13:34:48 imports fixes: AllImportsFixes: /home/aosderzhikov/go/src/regent/cli/view.go:69:57: missing ',' before newline in argument list (and 3 more errors)
	file="/home/aosderzhikov/go/src/regent/cli/view.go"

[Error - 1:34:49 PM] 2021/12/28 13:34:49 imports fixes: AllImportsFixes: /home/aosderzhikov/go/src/regent/cli/view.go:69:57: missing ',' before newline in argument list (and 3 more errors)
	file="/home/aosderzhikov/go/src/regent/cli/view.go"

[Error - 1:34:52 PM] 2021/12/28 13:34:52 imports fixes: AllImportsFixes: /home/aosderzhikov/go/src/regent/cli/view.go:69:57: missing ',' before newline in argument list (and 3 more errors)
	file="/home/aosderzhikov/go/src/regent/cli/view.go"

[Error - 1:34:52 PM] 2021/12/28 13:34:52 imports fixes: AllImportsFixes: /home/aosderzhikov/go/src/regent/cli/view.go:69:57: missing ',' before newline in argument list (and 3 more errors)
	file="/home/aosderzhikov/go/src/regent/cli/view.go"

[Error - 1:34:53 PM] 2021/12/28 13:34:53 imports fixes: AllImportsFixes: /home/aosderzhikov/go/src/regent/cli/view.go:69:57: missing ',' before newline in argument list (and 3 more errors)
	file="/home/aosderzhikov/go/src/regent/cli/view.go"

[Error - 1:34:54 PM] 2021/12/28 13:34:54 imports fixes: AllImportsFixes: /home/aosderzhikov/go/src/regent/cli/view.go:69:57: missing ',' before newline in argument list (and 3 more errors)
	file="/home/aosderzhikov/go/src/regent/cli/view.go"

[Error - 1:34:54 PM] 2021/12/28 13:34:54 imports fixes: AllImportsFixes: /home/aosderzhikov/go/src/regent/cli/view.go:69:57: missing ',' before newline in argument list
	file="/home/aosderzhikov/go/src/regent/cli/view.go"

[Error - 1:34:55 PM] 2021/12/28 13:34:55 imports fixes: AllImportsFixes: /home/aosderzhikov/go/src/regent/cli/view.go:69:57: missing ',' before newline in argument list
	file="/home/aosderzhikov/go/src/regent/cli/view.go"

[Error - 1:34:55 PM] 2021/12/28 13:34:55 imports fixes: AllImportsFixes: /home/aosderzhikov/go/src/regent/cli/view.go:69:57: missing ',' before newline in argument list
	file="/home/aosderzhikov/go/src/regent/cli/view.go"

[Error - 1:34:55 PM] 2021/12/28 13:34:55 imports fixes: AllImportsFixes: /home/aosderzhikov/go/src/regent/cli/view.go:69:57: missing ',' before newline in argument list
	file="/home/aosderzhikov/go/src/regent/cli/view.go"

[Error - 1:34:59 PM] 2021/12/28 13:34:59 imports fixes: AllImportsFixes: /home/aosderzhikov/go/src/regent/cli/view.go:69:57: missing ',' before newline in argument list
	file="/home/aosderzhikov/go/src/regent/cli/view.go"

[Error - 1:35:00 PM] 2021/12/28 13:35:00 imports fixes: AllImportsFixes: /home/aosderzhikov/go/src/regent/cli/view.go:69:57: missing ',' before newline in argument list
	file="/home/aosderzhikov/go/src/regent/cli/view.go"

[Error - 1:35:00 PM] 2021/12/28 13:35:00 imports fixes: AllImportsFixes: /home/aosderzhikov/go/src/regent/cli/view.go:69:57: missing ',' before newline in argument list
	file="/home/aosderzhikov/go/src/regent/cli/view.go"

[Info  - 1:35:09 PM] 2021/12/28 13:35:09 background imports cache refresh starting

[Info  - 1:35:09 PM] 2021/12/28 13:35:09 background refresh finished after 26.823628ms

[Error - 1:35:13 PM] 2021/12/28 13:35:13 imports fixes: AllImportsFixes: /home/aosderzhikov/go/src/regent/cli/view.go:69:57: missing ',' before newline in argument list
	file="/home/aosderzhikov/go/src/regent/cli/view.go"

[Error - 1:35:13 PM] 2021/12/28 13:35:13 imports fixes: AllImportsFixes: /home/aosderzhikov/go/src/regent/cli/view.go:69:57: missing ',' before newline in argument list
	file="/home/aosderzhikov/go/src/regent/cli/view.go"

[Error - 1:35:15 PM] 2021/12/28 13:35:15 imports fixes: AllImportsFixes: /home/aosderzhikov/go/src/regent/cli/view.go:69:57: missing ',' before newline in argument list
	file="/home/aosderzhikov/go/src/regent/cli/view.go"

[Error - 1:35:16 PM] 2021/12/28 13:35:16 imports fixes: AllImportsFixes: /home/aosderzhikov/go/src/regent/cli/view.go:69:57: missing ',' before newline in argument list
	file="/home/aosderzhikov/go/src/regent/cli/view.go"

[Error - 1:35:27 PM] 2021/12/28 13:35:27 imports fixes: AllImportsFixes: /home/aosderzhikov/go/src/regent/cli/view.go:69:57: missing ',' before newline in argument list
	file="/home/aosderzhikov/go/src/regent/cli/view.go"

[Error - 1:35:27 PM] 2021/12/28 13:35:27 imports fixes: AllImportsFixes: /home/aosderzhikov/go/src/regent/cli/view.go:69:57: missing ',' before newline in argument list
	file="/home/aosderzhikov/go/src/regent/cli/view.go"

[Error - 1:35:28 PM] 2021/12/28 13:35:28 imports fixes: AllImportsFixes: /home/aosderzhikov/go/src/regent/cli/view.go:69:57: missing ',' before newline in argument list
	file="/home/aosderzhikov/go/src/regent/cli/view.go"

[Error - 1:35:32 PM] 2021/12/28 13:35:32 imports fixes: AllImportsFixes: /home/aosderzhikov/go/src/regent/cli/view.go:69:57: missing ',' before newline in argument list
	file="/home/aosderzhikov/go/src/regent/cli/view.go"

[Error - 1:35:32 PM] Request textDocument/formatting failed.
  Message: 69:57: missing ',' before newline in argument list
  Code: 0 
[Error - 1:35:37 PM] 2021/12/28 13:35:37 imports fixes: AllImportsFixes: /home/aosderzhikov/go/src/regent/cli/view.go:69:57: missing ',' before newline in argument list
	file="/home/aosderzhikov/go/src/regent/cli/view.go"

[Error - 1:35:37 PM] 2021/12/28 13:35:37 imports fixes: AllImportsFixes: /home/aosderzhikov/go/src/regent/cli/view.go:69:57: missing ',' before newline in argument list
	file="/home/aosderzhikov/go/src/regent/cli/view.go"

[Error - 1:35:38 PM] 2021/12/28 13:35:38 imports fixes: AllImportsFixes: /home/aosderzhikov/go/src/regent/cli/view.go:69:57: missing ',' before newline in argument list
	file="/home/aosderzhikov/go/src/regent/cli/view.go"

[Error - 1:35:39 PM] 2021/12/28 13:35:39 imports fixes: AllImportsFixes: /home/aosderzhikov/go/src/regent/cli/view.go:69:57: missing ',' before newline in argument list
	file="/home/aosderzhikov/go/src/regent/cli/view.go"

[Error - 1:35:39 PM] 2021/12/28 13:35:39 imports fixes: AllImportsFixes: /home/aosderzhikov/go/src/regent/cli/view.go:69:57: missing ',' before newline in argument list
	file="/home/aosderzhikov/go/src/regent/cli/view.go"

[Error - 1:35:40 PM] 2021/12/28 13:35:40 imports fixes: AllImportsFixes: /home/aosderzhikov/go/src/regent/cli/view.go:69:57: missing ',' before newline in argument list
	file="/home/aosderzhikov/go/src/regent/cli/view.go"

[Error - 1:35:40 PM] 2021/12/28 13:35:40 imports fixes: AllImportsFixes: /home/aosderzhikov/go/src/regent/cli/view.go:69:57: missing ',' before newline in argument list
	file="/home/aosderzhikov/go/src/regent/cli/view.go"

[Info  - 1:35:43 PM] 2021/12/28 13:35:43 background imports cache refresh starting

[Info  - 1:35:43 PM] 2021/12/28 13:35:43 background refresh finished after 27.938835ms

[Error - 1:35:53 PM] 2021/12/28 13:35:53 imports fixes: AllImportsFixes: /home/aosderzhikov/go/src/regent/cli/view.go:69:57: missing ',' before newline in argument list
	file="/home/aosderzhikov/go/src/regent/cli/view.go"

[Error - 1:35:53 PM] 2021/12/28 13:35:53 imports fixes: AllImportsFixes: /home/aosderzhikov/go/src/regent/cli/view.go:69:57: missing ',' before newline in argument list
	file="/home/aosderzhikov/go/src/regent/cli/view.go"

[Error - 1:35:54 PM] 2021/12/28 13:35:54 imports fixes: AllImportsFixes: /home/aosderzhikov/go/src/regent/cli/view.go:69:57: missing ',' before newline in argument list
	file="/home/aosderzhikov/go/src/regent/cli/view.go"

[Error - 1:35:55 PM] 2021/12/28 13:35:55 imports fixes: AllImportsFixes: /home/aosderzhikov/go/src/regent/cli/view.go:69:57: missing ',' before newline in argument list
	file="/home/aosderzhikov/go/src/regent/cli/view.go"

[Error - 1:35:57 PM] 2021/12/28 13:35:57 imports fixes: AllImportsFixes: /home/aosderzhikov/go/src/regent/cli/view.go:69:57: missing ',' before newline in argument list
	file="/home/aosderzhikov/go/src/regent/cli/view.go"

[Error - 1:36:02 PM] 2021/12/28 13:36:02 imports fixes: AllImportsFixes: /home/aosderzhikov/go/src/regent/cli/view.go:69:57: missing ',' before newline in argument list
	file="/home/aosderzhikov/go/src/regent/cli/view.go"

[Error - 1:36:02 PM] Request textDocument/formatting failed.
  Message: 69:57: missing ',' before newline in argument list
  Code: 0 
[Error - 1:36:03 PM] 2021/12/28 13:36:03 imports fixes: AllImportsFixes: /home/aosderzhikov/go/src/regent/cli/view.go:69:57: missing ',' before newline in argument list
	file="/home/aosderzhikov/go/src/regent/cli/view.go"

[Error - 1:36:05 PM] 2021/12/28 13:36:05 imports fixes: AllImportsFixes: /home/aosderzhikov/go/src/regent/cli/view.go:69:57: missing ',' before newline in argument list
	file="/home/aosderzhikov/go/src/regent/cli/view.go"

[Error - 1:36:08 PM] 2021/12/28 13:36:08 imports fixes: AllImportsFixes: /home/aosderzhikov/go/src/regent/cli/view.go:69:57: missing ',' before newline in argument list
	file="/home/aosderzhikov/go/src/regent/cli/view.go"

[Error - 1:36:11 PM] 2021/12/28 13:36:11 imports fixes: AllImportsFixes: /home/aosderzhikov/go/src/regent/cli/view.go:69:57: missing ',' before newline in argument list
	file="/home/aosderzhikov/go/src/regent/cli/view.go"

[Info  - 1:36:25 PM] 2021/12/28 13:36:25 background imports cache refresh starting

[Info  - 1:36:25 PM] 2021/12/28 13:36:25 background refresh finished after 29.084163ms

[Info  - 1:49:03 PM] 2021/12/28 13:49:03 background imports cache refresh starting

[Info  - 1:49:03 PM] 2021/12/28 13:49:03 background refresh finished after 27.696206ms

[Info  - 1:49:41 PM] 2021/12/28 13:49:41 background imports cache refresh starting

[Info  - 1:49:41 PM] 2021/12/28 13:49:41 background refresh finished after 28.286372ms

[Error - 1:50:20 PM] 2021/12/28 13:50:20 imports fixes: AllImportsFixes: /home/aosderzhikov/go/src/regent/cli/view.go:90:7: expected ';', found 'for' (and 1 more errors)
	file="/home/aosderzhikov/go/src/regent/cli/view.go"

[Error - 1:50:23 PM] 2021/12/28 13:50:23 imports fixes: AllImportsFixes: /home/aosderzhikov/go/src/regent/cli/view.go:90:7: expected ';', found 'for' (and 1 more errors)
	file="/home/aosderzhikov/go/src/regent/cli/view.go"

[Error - 1:50:23 PM] 2021/12/28 13:50:23 imports fixes: AllImportsFixes: /home/aosderzhikov/go/src/regent/cli/view.go:90:7: expected ';', found 'for' (and 1 more errors)
	file="/home/aosderzhikov/go/src/regent/cli/view.go"

[Error - 1:50:25 PM] 2021/12/28 13:50:25 imports fixes: AllImportsFixes: /home/aosderzhikov/go/src/regent/cli/view.go:90:7: expected ';', found 'for' (and 1 more errors)
	file="/home/aosderzhikov/go/src/regent/cli/view.go"

[Error - 1:50:25 PM] 2021/12/28 13:50:25 imports fixes: AllImportsFixes: /home/aosderzhikov/go/src/regent/cli/view.go:90:7: expected ';', found 'for' (and 1 more errors)
	file="/home/aosderzhikov/go/src/regent/cli/view.go"

[Error - 1:50:26 PM] 2021/12/28 13:50:26 imports fixes: AllImportsFixes: /home/aosderzhikov/go/src/regent/cli/view.go:90:7: expected ';', found 'for' (and 1 more errors)
	file="/home/aosderzhikov/go/src/regent/cli/view.go"

[Error - 1:50:26 PM] 2021/12/28 13:50:26 imports fixes: AllImportsFixes: /home/aosderzhikov/go/src/regent/cli/view.go:90:7: expected ';', found 'for' (and 1 more errors)
	file="/home/aosderzhikov/go/src/regent/cli/view.go"

[Error - 1:50:26 PM] 2021/12/28 13:50:26 imports fixes: AllImportsFixes: /home/aosderzhikov/go/src/regent/cli/view.go:90:7: expected ';', found 'for' (and 1 more errors)
	file="/home/aosderzhikov/go/src/regent/cli/view.go"

[Error - 1:50:29 PM] 2021/12/28 13:50:29 imports fixes: AllImportsFixes: /home/aosderzhikov/go/src/regent/cli/view.go:91:7: expected ';', found 'for' (and 1 more errors)
	file="/home/aosderzhikov/go/src/regent/cli/view.go"

[Info  - 1:50:30 PM] 2021/12/28 13:50:30 background imports cache refresh starting

[Info  - 1:50:30 PM] 2021/12/28 13:50:30 background refresh finished after 61.41592ms

[Error - 1:50:31 PM] 2021/12/28 13:50:31 imports fixes: AllImportsFixes: /home/aosderzhikov/go/src/regent/cli/view.go:91:7: expected ';', found 'for' (and 1 more errors)
	file="/home/aosderzhikov/go/src/regent/cli/view.go"

[Info  - 1:51:01 PM] 2021/12/28 13:51:01 background imports cache refresh starting

[Info  - 1:51:01 PM] 2021/12/28 13:51:01 background refresh finished after 26.060228ms

[Error - 1:52:48 PM] 2021/12/28 13:52:48 imports fixes: AllImportsFixes: /home/aosderzhikov/go/src/regent/cli/view.go:91:7: expected ';', found 'for' (and 1 more errors)
	file="/home/aosderzhikov/go/src/regent/cli/view.go"

[Error - 1:52:49 PM] 2021/12/28 13:52:49 no signature help: cannot find an enclosing function
	position={89 8}

[Error - 1:52:49 PM] 2021/12/28 13:52:49 imports fixes: AllImportsFixes: /home/aosderzhikov/go/src/regent/cli/view.go:90:6: expected 1 expression (and 2 more errors)
	file="/home/aosderzhikov/go/src/regent/cli/view.go"

[Error - 1:52:50 PM] 2021/12/28 13:52:50 imports fixes: AllImportsFixes: /home/aosderzhikov/go/src/regent/cli/view.go:90:6: expected 1 expression (and 2 more errors)
	file="/home/aosderzhikov/go/src/regent/cli/view.go"

[Error - 1:52:55 PM] 2021/12/28 13:52:55 imports fixes: AllImportsFixes: /home/aosderzhikov/go/src/regent/cli/view.go:91:7: expected ';', found 'for' (and 1 more errors)
	file="/home/aosderzhikov/go/src/regent/cli/view.go"

[Error - 1:52:56 PM] 2021/12/28 13:52:56 imports fixes: AllImportsFixes: /home/aosderzhikov/go/src/regent/cli/view.go:91:7: expected ';', found 'for' (and 1 more errors)
	file="/home/aosderzhikov/go/src/regent/cli/view.go"

[Error - 1:53:02 PM] 2021/12/28 13:53:02 imports fixes: AllImportsFixes: /home/aosderzhikov/go/src/regent/cli/view.go:93:7: expected ';', found 'for' (and 1 more errors)
	file="/home/aosderzhikov/go/src/regent/cli/view.go"

[Error - 1:53:04 PM] 2021/12/28 13:53:04 unable to compute positions for type errors: no parsed file for  in github.com/alexey-sderzhikov/regent/cli
	package="github.com/alexey-sderzhikov/regent/cli"

[Error - 1:53:04 PM] 2021/12/28 13:53:04 unable to compute positions for type errors: no parsed file for  in github.com/alexey-sderzhikov/regent/cli
	package="github.com/alexey-sderzhikov/regent/cli"

[Info  - 1:53:17 PM] 2021/12/28 13:53:17 background imports cache refresh starting

[Info  - 1:53:17 PM] 2021/12/28 13:53:17 background refresh finished after 39.071987ms

[Error - 1:53:19 PM] 2021/12/28 13:53:19 imports fixes: AllImportsFixes: /home/aosderzhikov/go/src/regent/cli/view.go:92:2: expected operand, found '}' (and 5 more errors)
	file="/home/aosderzhikov/go/src/regent/cli/view.go"

[Error - 1:53:19 PM] 2021/12/28 13:53:19 imports fixes: AllImportsFixes: /home/aosderzhikov/go/src/regent/cli/view.go:92:2: expected operand, found '}' (and 5 more errors)
	file="/home/aosderzhikov/go/src/regent/cli/view.go"

[Error - 1:53:20 PM] 2021/12/28 13:53:20 imports fixes: AllImportsFixes: /home/aosderzhikov/go/src/regent/cli/view.go:90:5: expected operand, found ',' (and 3 more errors)
	file="/home/aosderzhikov/go/src/regent/cli/view.go"

[Error - 1:53:20 PM] 2021/12/28 13:53:20 no completions found: this is a definition of var i int
	position={89 6}

[Error - 1:53:20 PM] 2021/12/28 13:53:20 unable to compute positions for type errors: no parsed file for  in github.com/alexey-sderzhikov/regent/cli
	package="github.com/alexey-sderzhikov/regent/cli"

[Error - 1:53:20 PM] 2021/12/28 13:53:20 unable to compute positions for type errors: no parsed file for  in github.com/alexey-sderzhikov/regent/cli
	package="github.com/alexey-sderzhikov/regent/cli"

[Error - 1:53:21 PM] 2021/12/28 13:53:21 imports fixes: AllImportsFixes: /home/aosderzhikov/go/src/regent/cli/view.go:92:2: expected operand, found '}' (and 5 more errors)
	file="/home/aosderzhikov/go/src/regent/cli/view.go"

[Error - 1:53:21 PM] 2021/12/28 13:53:21 unable to compute positions for type errors: no parsed file for  in github.com/alexey-sderzhikov/regent/cli
	package="github.com/alexey-sderzhikov/regent/cli"

[Error - 1:53:21 PM] 2021/12/28 13:53:21 imports fixes: AllImportsFixes: /home/aosderzhikov/go/src/regent/cli/view.go:92:2: expected operand, found '}' (and 5 more errors)
	file="/home/aosderzhikov/go/src/regent/cli/view.go"

[Error - 1:53:23 PM] 2021/12/28 13:53:23 imports fixes: AllImportsFixes: /home/aosderzhikov/go/src/regent/cli/view.go:92:2: expected operand, found '}' (and 5 more errors)
	file="/home/aosderzhikov/go/src/regent/cli/view.go"

[Error - 1:53:23 PM] 2021/12/28 13:53:23 imports fixes: AllImportsFixes: /home/aosderzhikov/go/src/regent/cli/view.go:92:2: expected operand, found '}' (and 5 more errors)
	file="/home/aosderzhikov/go/src/regent/cli/view.go"

[Error - 1:53:23 PM] 2021/12/28 13:53:23 imports fixes: AllImportsFixes: /home/aosderzhikov/go/src/regent/cli/view.go:92:2: expected operand, found '}' (and 5 more errors)
	file="/home/aosderzhikov/go/src/regent/cli/view.go"

[Error - 1:53:24 PM] 2021/12/28 13:53:24 unable to compute positions for type errors: no parsed file for  in github.com/alexey-sderzhikov/regent/cli
	package="github.com/alexey-sderzhikov/regent/cli"

[Error - 1:53:24 PM] 2021/12/28 13:53:24 no completions found: this is a definition of var inpu github.com/charmbracelet/bubbles/textinput.Model
	position={89 14}

[Error - 1:53:24 PM] 2021/12/28 13:53:24 unable to compute positions for type errors: no parsed file for  in github.com/alexey-sderzhikov/regent/cli
	package="github.com/alexey-sderzhikov/regent/cli"

[Error - 1:53:24 PM] 2021/12/28 13:53:24 imports fixes: AllImportsFixes: /home/aosderzhikov/go/src/regent/cli/view.go:92:2: expected operand, found '}' (and 5 more errors)
	file="/home/aosderzhikov/go/src/regent/cli/view.go"

[Error - 1:53:25 PM] 2021/12/28 13:53:25 unable to compute positions for type errors: no parsed file for  in github.com/alexey-sderzhikov/regent/cli
	package="github.com/alexey-sderzhikov/regent/cli"

[Error - 1:53:25 PM] 2021/12/28 13:53:25 unable to compute positions for type errors: no parsed file for  in github.com/alexey-sderzhikov/regent/cli
	package="github.com/alexey-sderzhikov/regent/cli"

[Error - 1:53:25 PM] 2021/12/28 13:53:25 no completions found: this is a definition of var input github.com/charmbracelet/bubbles/textinput.Model
	position={89 15}

[Error - 1:53:25 PM] 2021/12/28 13:53:25 imports fixes: AllImportsFixes: /home/aosderzhikov/go/src/regent/cli/view.go:92:2: expected operand, found '}' (and 5 more errors)
	file="/home/aosderzhikov/go/src/regent/cli/view.go"

[Error - 1:53:25 PM] 2021/12/28 13:53:25 imports fixes: AllImportsFixes: /home/aosderzhikov/go/src/regent/cli/view.go:92:2: expected operand, found '}' (and 5 more errors)
	file="/home/aosderzhikov/go/src/regent/cli/view.go"

[Error - 1:53:27 PM] 2021/12/28 13:53:27 unable to compute positions for type errors: no parsed file for  in github.com/alexey-sderzhikov/regent/cli
	package="github.com/alexey-sderzhikov/regent/cli"

[Error - 1:53:27 PM] 2021/12/28 13:53:27 unable to compute positions for type errors: no parsed file for  in github.com/alexey-sderzhikov/regent/cli
	package="github.com/alexey-sderzhikov/regent/cli"

[Error - 1:53:27 PM] 2021/12/28 13:53:27 unable to compute positions for type errors: no parsed file for  in github.com/alexey-sderzhikov/regent/cli
	package="github.com/alexey-sderzhikov/regent/cli"

[Error - 1:53:31 PM] 2021/12/28 13:53:31 imports fixes: AllImportsFixes: /home/aosderzhikov/go/src/regent/cli/view.go:92:2: expected operand, found '}' (and 5 more errors)
	file="/home/aosderzhikov/go/src/regent/cli/view.go"

[Error - 1:53:32 PM] 2021/12/28 13:53:32 imports fixes: AllImportsFixes: /home/aosderzhikov/go/src/regent/cli/view.go:92:2: expected operand, found '}' (and 5 more errors)
	file="/home/aosderzhikov/go/src/regent/cli/view.go"

[Error - 1:53:33 PM] 2021/12/28 13:53:33 imports fixes: AllImportsFixes: /home/aosderzhikov/go/src/regent/cli/view.go:92:2: expected operand, found '}' (and 5 more errors)
	file="/home/aosderzhikov/go/src/regent/cli/view.go"

[Error - 1:53:34 PM] 2021/12/28 13:53:34 imports fixes: AllImportsFixes: /home/aosderzhikov/go/src/regent/cli/view.go:92:2: expected operand, found '}' (and 5 more errors)
	file="/home/aosderzhikov/go/src/regent/cli/view.go"

[Error - 1:53:34 PM] 2021/12/28 13:53:34 imports fixes: AllImportsFixes: /home/aosderzhikov/go/src/regent/cli/view.go:93:7: expected ';', found 'for' (and 1 more errors)
	file="/home/aosderzhikov/go/src/regent/cli/view.go"

[Error - 1:53:34 PM] 2021/12/28 13:53:34 imports fixes: AllImportsFixes: /home/aosderzhikov/go/src/regent/cli/view.go:93:7: expected ';', found 'for' (and 1 more errors)
	file="/home/aosderzhikov/go/src/regent/cli/view.go"

[Error - 1:53:35 PM] 2021/12/28 13:53:35 imports fixes: AllImportsFixes: /home/aosderzhikov/go/src/regent/cli/view.go:93:7: expected ';', found 'for' (and 1 more errors)
	file="/home/aosderzhikov/go/src/regent/cli/view.go"

[Error - 1:53:35 PM] 2021/12/28 13:53:35 imports fixes: AllImportsFixes: /home/aosderzhikov/go/src/regent/cli/view.go:93:7: expected ';', found 'for' (and 1 more errors)
	file="/home/aosderzhikov/go/src/regent/cli/view.go"

[Error - 1:53:36 PM] 2021/12/28 13:53:36 imports fixes: AllImportsFixes: /home/aosderzhikov/go/src/regent/cli/view.go:93:7: expected ';', found 'for' (and 1 more errors)
	file="/home/aosderzhikov/go/src/regent/cli/view.go"

[Error - 1:53:36 PM] 2021/12/28 13:53:36 imports fixes: AllImportsFixes: /home/aosderzhikov/go/src/regent/cli/view.go:93:7: expected ';', found 'for' (and 1 more errors)
	file="/home/aosderzhikov/go/src/regent/cli/view.go"

[Error - 1:53:40 PM] 2021/12/28 13:53:40 imports fixes: AllImportsFixes: /home/aosderzhikov/go/src/regent/cli/view.go:93:7: expected ';', found 'for' (and 1 more errors)
	file="/home/aosderzhikov/go/src/regent/cli/view.go"

[Error - 1:53:42 PM] 2021/12/28 13:53:42 unable to compute positions for type errors: no parsed file for  in github.com/alexey-sderzhikov/regent/cli
	package="github.com/alexey-sderzhikov/regent/cli"

[Error - 1:53:42 PM] 2021/12/28 13:53:42 unable to compute positions for type errors: no parsed file for  in github.com/alexey-sderzhikov/regent/cli
	package="github.com/alexey-sderzhikov/regent/cli"

[Error - 1:53:43 PM] 2021/12/28 13:53:43 imports fixes: AllImportsFixes: /home/aosderzhikov/go/src/regent/cli/view.go:92:2: expected operand, found '}' (and 5 more errors)
	file="/home/aosderzhikov/go/src/regent/cli/view.go"

[Error - 1:53:46 PM] 2021/12/28 13:53:46 unable to compute positions for type errors: no parsed file for  in github.com/alexey-sderzhikov/regent/cli
	package="github.com/alexey-sderzhikov/regent/cli"

[Info  - 1:53:56 PM] 2021/12/28 13:53:56 background imports cache refresh starting

[Info  - 1:53:56 PM] 2021/12/28 13:53:56 background refresh finished after 26.954361ms

[Error - 1:54:39 PM] 2021/12/28 13:54:39 imports fixes: AllImportsFixes: /home/aosderzhikov/go/src/regent/cli/view.go:95:7: expected ';', found 'for' (and 1 more errors)
	file="/home/aosderzhikov/go/src/regent/cli/view.go"

[Error - 1:54:39 PM] 2021/12/28 13:54:39 imports fixes: AllImportsFixes: /home/aosderzhikov/go/src/regent/cli/view.go:95:7: expected ';', found 'for' (and 1 more errors)
	file="/home/aosderzhikov/go/src/regent/cli/view.go"

[Error - 1:54:40 PM] 2021/12/28 13:54:40 imports fixes: AllImportsFixes: /home/aosderzhikov/go/src/regent/cli/view.go:95:7: expected ';', found 'for' (and 1 more errors)
	file="/home/aosderzhikov/go/src/regent/cli/view.go"

[Info  - 1:55:11 PM] 2021/12/28 13:55:11 background imports cache refresh starting

[Info  - 1:55:11 PM] 2021/12/28 13:55:11 background refresh finished after 31.227503ms

[Info  - 1:55:53 PM] 2021/12/28 13:55:53 background imports cache refresh starting

[Info  - 1:55:53 PM] 2021/12/28 13:55:53 background refresh finished after 26.387932ms

[Info  - 6:18:39 PM] 2021/12/28 18:18:39 background imports cache refresh starting

[Info  - 6:18:39 PM] 2021/12/28 18:18:39 background refresh finished after 28.784268ms

[Error - 6:18:55 PM] 2021/12/28 18:18:55 imports fixes: AllImportsFixes: /home/aosderzhikov/go/src/regent/cli/model.go:66:15: expected ';', found 'ILLEGAL' (and 1 more errors)
	file="/home/aosderzhikov/go/src/regent/cli/model.go"

[Info  - 6:19:09 PM] 2021/12/28 18:19:09 background imports cache refresh starting

[Info  - 6:19:09 PM] 2021/12/28 18:19:09 background refresh finished after 27.869727ms

[Error - 6:19:11 PM] 2021/12/28 18:19:11 unable to compute positions for type errors: no parsed file for  in github.com/alexey-sderzhikov/regent/cli
	package="github.com/alexey-sderzhikov/regent/cli"

[Info  - 6:19:43 PM] 2021/12/28 18:19:43 background imports cache refresh starting

[Info  - 6:19:43 PM] 2021/12/28 18:19:43 background refresh finished after 24.121709ms

[Info  - 6:20:44 PM] 2021/12/28 18:20:44 background imports cache refresh starting

[Info  - 6:20:44 PM] 2021/12/28 18:20:44 background refresh finished after 22.778994ms

[Info  - 6:22:02 PM] 2021/12/28 18:22:02 background imports cache refresh starting

[Info  - 6:22:02 PM] 2021/12/28 18:22:02 background refresh finished after 29.306689ms

[Info  - 6:23:49 PM] 2021/12/28 18:23:49 background imports cache refresh starting

[Info  - 6:23:49 PM] 2021/12/28 18:23:49 background refresh finished after 24.285885ms

