[Info  - 09:51:47.611] Reading sessions from keychain...
[Info  - 09:51:47.707] Getting sessions for user:email...
[Error  - 09:51:47.711] Getting token failed: Error: Unknown or unsupported transport “disabled” for address “disabled:”
[Info  - 09:51:47.711] Got 0 sessions for user:email...
[Info  - 09:51:47.761] Getting sessions for all scopes...
[Info  - 09:51:47.761] Got 0 sessions for all scopes...
[Info  - 09:56:00.360] Getting sessions for repo,workflow...
[Info  - 09:56:00.360] Got 0 sessions for repo,workflow...
[Info  - 15:23:26.999] Getting sessions for repo,workflow...
[Info  - 15:23:26.999] Got 0 sessions for repo,workflow...
[Info  - 15:23:28.950] Logging in for the following scopes: repo workflow
[Trace  - 15:23:42.877] Handling Uri...
[Info  - 15:23:42.878] Exchanging code for token...
[Info  - 15:23:43.471] Token exchange success!
[Info  - 15:23:43.472] Getting user info...
[Info  - 15:23:43.810] Got account info!
[Info  - 15:23:43.810] Storing 1 sessions...
[Error  - 15:23:44.504] Setting token failed: Error: Unknown or unsupported transport “disabled” for address “disabled:”
[Info  - 15:23:49.119] Stored 1 sessions!
[Info  - 15:23:49.119] Login success!
[Info  - 15:23:49.126] Getting sessions for user:email...
[Info  - 15:23:49.126] Got 0 sessions for user:email...
[Info  - 15:24:12.132] Getting sessions for repo,workflow...
[Info  - 15:24:12.133] Got 1 sessions for repo,workflow...
