[2021-12-24 13:42:56.355] [main] [info] update#setState idle
[2021-12-24 13:42:56.397] [main] [info] ExtensionHostStarterWorker created
[2021-12-24 13:42:57.231] [main] [info] Starting extension host with pid 2313 (fork() took 6 ms).
[2021-12-24 13:43:21.596] [main] [info] Extension host with pid 2313 exited with code: 0, signal: null.
[2021-12-24 13:43:22.522] [main] [info] Starting extension host with pid 2627 (fork() took 15 ms).
[2021-12-24 13:43:26.356] [main] [info] update#setState checking for updates
[2021-12-24 13:43:26.415] [main] [info] update#setState idle
[2021-12-24 14:43:26.458] [main] [info] update#setState checking for updates
[2021-12-24 14:43:26.870] [main] [info] update#setState idle
[2021-12-24 15:43:26.462] [main] [info] update#setState checking for updates
[2021-12-24 15:43:27.254] [main] [info] update#setState idle
[2021-12-24 16:43:26.466] [main] [info] update#setState checking for updates
[2021-12-24 16:43:27.085] [main] [info] update#setState idle
[2021-12-24 17:43:26.569] [main] [info] update#setState checking for updates
[2021-12-24 17:43:26.765] [main] [info] update#setState idle
[2021-12-24 18:43:26.670] [main] [info] update#setState checking for updates
[2021-12-24 18:43:26.903] [main] [info] update#setState idle
[2021-12-24 18:59:38.620] [main] [warning] Error attempting to set a password:  {}
[2021-12-24 18:59:38.822] [main] [warning] Error attempting to set a password:  {}
[2021-12-24 18:59:39.024] [main] [warning] Error attempting to set a password:  {}
