[Info  - 10:43:24.55] Reading sessions from keychain...
[Info  - 10:43:24.85] Getting sessions for user:email...
[Error  - 10:43:24.99] Getting token failed: Error: Unknown or unsupported transport “disabled” for address “disabled:”
[Info  - 10:43:24.99] Got 0 sessions for user:email...
[Info  - 10:43:24.99] Getting sessions for all scopes...
[Info  - 10:43:24.99] Got 0 sessions for all scopes...
[Info  - 15:59:04.59] Getting sessions for repo,workflow...
[Info  - 15:59:04.59] Got 0 sessions for repo,workflow...
[Info  - 15:59:06.99] Logging in for the following scopes: repo workflow
[Trace  - 15:59:37.265] Handling Uri...
[Info  - 15:59:37.266] Exchanging code for token...
[Info  - 15:59:38.82] Token exchange success!
[Info  - 15:59:38.84] Getting user info...
[Info  - 15:59:38.578] Got account info!
[Info  - 15:59:38.578] Storing 1 sessions...
[Error  - 15:59:39.227] Setting token failed: Error: Unknown or unsupported transport “disabled” for address “disabled:”
[Info  - 15:59:51.443] Stored 1 sessions!
[Info  - 15:59:51.443] Login success!
[Info  - 15:59:51.459] Getting sessions for user:email...
[Info  - 15:59:51.459] Got 0 sessions for user:email...
